#
# There is insufficient memory for the Java Runtime Environment to continue.
# Native memory allocation (mmap) failed to map 65536 bytes for Failed to commit metaspace.
# Possible reasons:
#   The system is out of physical RAM or swap space
#   The process is running with CompressedOops enabled, and the Java Heap may be blocking the growth of the native heap
# Possible solutions:
#   Reduce memory load on the system
#   Increase physical memory or swap space
#   Check if swap backing store is full
#   Decrease Java heap size (-Xmx/-Xms)
#   Decrease Java thread stack sizes (-Xss)
#   Set larger code cache with -XX:ReservedCodeCacheSize=
#   JVM is running with Unscaled Compressed Oops mode in which the Java heap is
#     placed in the first 4GB address space. The Java Heap base address is the
#     maximum limit for the native heap growth. Please use -XX:HeapBaseMinAddress
#     to set the Java Heap base and to place the Java Heap above 4GB virtual address.
# This output file may be truncated or incomplete.
#
#  Out of Memory Error (virtualSpaceNode.cpp:110), pid=8112, tid=10932
#
# JRE version: OpenJDK Runtime Environment (17.0.1+12) (build 17.0.1+12-39)
# Java VM: OpenJDK 64-Bit Server VM (17.0.1+12-39, mixed mode, tiered, compressed oops, compressed class ptrs, g1 gc, windows-amd64)
# No core dump will be written. Minidumps are not enabled by default on client versions of Windows
#

---------------  S U M M A R Y ------------

Command Line: -javaagent:C:\Program Files\JetBrains\IntelliJ IDEA Community Edition 2021.3\lib\idea_rt.jar=55783:C:\Program Files\JetBrains\IntelliJ IDEA Community Edition 2021.3\bin -Dfile.encoding=UTF-8 CoursesManagementApp.com.uoi.SoftwareEngineering.Application

Host: 11th Gen Intel(R) Core(TM) i3-1115G4 @ 3.00GHz, 4 cores, 3G,  Windows 10 , 64 bit Build 22000 (10.0.22000.434)
Time: Tue Apr 12 19:50:03 2022  Windows 10 , 64 bit Build 22000 (10.0.22000.434) elapsed time: 1.334283 seconds (0d 0h 0m 1s)

---------------  T H R E A D  ---------------

Current thread (0x000001fa00185ef0):  JavaThread "Attach Listener" daemon [_thread_in_vm, id=10932, stack(0x00000007a6e00000,0x00000007a6f00000)]

Stack: [0x00000007a6e00000,0x00000007a6f00000]
Native frames: (J=compiled Java code, j=interpreted, Vv=VM code, C=native code)
V  [jvm.dll+0x66fa1a]
V  [jvm.dll+0x7ce5a4]
V  [jvm.dll+0x7cfd4e]
V  [jvm.dll+0x7d03b3]
V  [jvm.dll+0x242b05]
V  [jvm.dll+0x7ca54b]
V  [jvm.dll+0x615b76]
V  [jvm.dll+0x615bda]
V  [jvm.dll+0x6183ea]
V  [jvm.dll+0x616516]
V  [jvm.dll+0x238567]
V  [jvm.dll+0x1e3a23]
V  [jvm.dll+0x1e87d6]
V  [jvm.dll+0x1de1f1]
V  [jvm.dll+0x537690]
V  [jvm.dll+0x1ee9d7]
V  [jvm.dll+0x748afb]
V  [jvm.dll+0x749ea2]
V  [jvm.dll+0x74a1d8]
V  [jvm.dll+0x23ae5e]
V  [jvm.dll+0x37afce]
C  0x000001fa66b7b6ce

Java frames: (J=compiled Java code, j=interpreted, Vv=VM code)
j  sun.util.resources.Bundles.loadBundleOf(Ljava/lang/String;Ljava/util/Locale;Lsun/util/resources/Bundles$Strategy;)Ljava/util/ResourceBundle;+15 java.base@17.0.1
j  sun.util.resources.Bundles.of(Ljava/lang/String;Ljava/util/Locale;Lsun/util/resources/Bundles$Strategy;)Ljava/util/ResourceBundle;+3 java.base@17.0.1
j  sun.util.resources.LocaleData$1.run()Ljava/util/ResourceBundle;+11 java.base@17.0.1
j  sun.util.resources.LocaleData$1.run()Ljava/lang/Object;+1 java.base@17.0.1
j  java.security.AccessController.executePrivileged(Ljava/security/PrivilegedAction;Ljava/security/AccessControlContext;Ljava/lang/Class;)Ljava/lang/Object;+29 java.base@17.0.1
j  java.security.AccessController.doPrivileged(Ljava/security/PrivilegedAction;)Ljava/lang/Object;+5 java.base@17.0.1
j  sun.util.resources.LocaleData.getBundle(Ljava/lang/String;Ljava/util/Locale;)Ljava/util/ResourceBundle;+9 java.base@17.0.1
j  sun.util.resources.LocaleData.getTimeZoneNames(Ljava/util/Locale;)Lsun/util/resources/TimeZoneNamesBundle;+26 java.base@17.0.1
j  sun.util.locale.provider.LocaleResources.getTimeZoneNames(Ljava/lang/String;)Ljava/lang/Object;+70 java.base@17.0.1
j  sun.util.locale.provider.TimeZoneNameProviderImpl.getDisplayNameArray(Ljava/lang/String;Ljava/util/Locale;)[Ljava/lang/String;+22 java.base@17.0.1
j  sun.util.cldr.CLDRTimeZoneNameProviderImpl.getDisplayNameArray(Ljava/lang/String;Ljava/util/Locale;)[Ljava/lang/String;+3 java.base@17.0.1
j  sun.util.locale.provider.TimeZoneNameProviderImpl.getDisplayName(Ljava/lang/String;ZILjava/util/Locale;)Ljava/lang/String;+4 java.base@17.0.1
j  sun.util.locale.provider.TimeZoneNameUtility$TimeZoneNameGetter.getName(Ljava/util/spi/TimeZoneNameProvider;Ljava/util/Locale;Ljava/lang/String;ILjava/lang/String;)Ljava/lang/String;+126 java.base@17.0.1
j  sun.util.locale.provider.TimeZoneNameUtility$TimeZoneNameGetter.getObject(Ljava/util/spi/TimeZoneNameProvider;Ljava/util/Locale;Ljava/lang/String;[Ljava/lang/Object;)Ljava/lang/String;+49 java.base@17.0.1
j  sun.util.locale.provider.TimeZoneNameUtility$TimeZoneNameGetter.getObject(Ljava/util/spi/LocaleServiceProvider;Ljava/util/Locale;Ljava/lang/String;[Ljava/lang/Object;)Ljava/lang/Object;+9 java.base@17.0.1
j  sun.util.locale.provider.LocaleServiceProviderPool.getLocalizedObjectImpl(Lsun/util/locale/provider/LocaleServiceProviderPool$LocalizedObjectGetter;Ljava/util/Locale;ZLjava/lang/String;[Ljava/lang/Object;)Ljava/lang/Object;+93 java.base@17.0.1
j  sun.util.locale.provider.LocaleServiceProviderPool.getLocalizedObject(Lsun/util/locale/provider/LocaleServiceProviderPool$LocalizedObjectGetter;Ljava/util/Locale;Ljava/lang/String;[Ljava/lang/Object;)Ljava/lang/Object;+7 java.base@17.0.1
j  sun.util.locale.provider.TimeZoneNameUtility.retrieveDisplayNamesImpl(Ljava/lang/String;Ljava/util/Locale;)[Ljava/lang/String;+140 java.base@17.0.1
j  sun.util.locale.provider.TimeZoneNameUtility.retrieveDisplayName(Ljava/lang/String;ZILjava/util/Locale;)Ljava/lang/String;+2 java.base@17.0.1
j  java.util.TimeZone.getDisplayName(ZILjava/util/Locale;)Ljava/lang/String;+47 java.base@17.0.1
j  java.util.Date.toString()Ljava/lang/String;+150 java.base@17.0.1
j  java.util.Properties.store0(Ljava/io/BufferedWriter;Ljava/lang/String;Z)V+29 java.base@17.0.1
j  java.util.Properties.store(Ljava/io/OutputStream;Ljava/lang/String;)V+21 java.base@17.0.1
j  jdk.internal.vm.VMSupport.serializePropertiesToByteArray(Ljava/util/Properties;)[B+77 java.base@17.0.1
j  jdk.internal.vm.VMSupport.serializeAgentPropertiesToByteArray()[B+3 java.base@17.0.1
v  ~StubRoutines::call_stub

---------------  P R O C E S S  ---------------

Threads class SMR info:
_java_thread_list=0x000001fa00cd9c90, length=11, elements={
0x000001fa5f377a70, 0x000001fa00170260, 0x000001fa00171e20, 0x000001fa00185540,
0x000001fa00185ef0, 0x000001fa001b8010, 0x000001fa001b85d0, 0x000001fa001b9b00,
0x000001fa001be240, 0x000001fa001bfb70, 0x000001fa00d56c20
}

Java Threads: ( => current thread )
  0x000001fa5f377a70 JavaThread "main" [_thread_in_native, id=15780, stack(0x00000007a6400000,0x00000007a6500000)]
  0x000001fa00170260 JavaThread "Reference Handler" daemon [_thread_blocked, id=16308, stack(0x00000007a6b00000,0x00000007a6c00000)]
  0x000001fa00171e20 JavaThread "Finalizer" daemon [_thread_blocked, id=8060, stack(0x00000007a6c00000,0x00000007a6d00000)]
  0x000001fa00185540 JavaThread "Signal Dispatcher" daemon [_thread_blocked, id=12948, stack(0x00000007a6d00000,0x00000007a6e00000)]
=>0x000001fa00185ef0 JavaThread "Attach Listener" daemon [_thread_in_vm, id=10932, stack(0x00000007a6e00000,0x00000007a6f00000)]
  0x000001fa001b8010 JavaThread "Service Thread" daemon [_thread_blocked, id=13712, stack(0x00000007a6f00000,0x00000007a7000000)]
  0x000001fa001b85d0 JavaThread "Monitor Deflation Thread" daemon [_thread_blocked, id=7736, stack(0x00000007a7000000,0x00000007a7100000)]
  0x000001fa001b9b00 JavaThread "C2 CompilerThread0" daemon [_thread_blocked, id=11116, stack(0x00000007a7100000,0x00000007a7200000)]
  0x000001fa001be240 JavaThread "C1 CompilerThread0" daemon [_thread_blocked, id=11196, stack(0x00000007a7200000,0x00000007a7300000)]
  0x000001fa001bfb70 JavaThread "Sweeper thread" daemon [_thread_blocked, id=8328, stack(0x00000007a7300000,0x00000007a7400000)]
  0x000001fa00d56c20 JavaThread "Common-Cleaner" daemon [_thread_blocked, id=16924, stack(0x00000007a7400000,0x00000007a7500000)]

Other Threads:
  0x000001fa0015b350 VMThread "VM Thread" [stack: 0x00000007a6a00000,0x00000007a6b00000] [id=14660]
  0x000001fa5f3a1d80 GCTaskThread "GC Thread#0" [stack: 0x00000007a6500000,0x00000007a6600000] [id=4148]
  0x000001fa5f3aa440 ConcurrentGCThread "G1 Main Marker" [stack: 0x00000007a6600000,0x00000007a6700000] [id=14644]
  0x000001fa5f3abe60 ConcurrentGCThread "G1 Conc#0" [stack: 0x00000007a6700000,0x00000007a6800000] [id=9992]
  0x000001fa5f3e20f0 ConcurrentGCThread "G1 Refine#0" [stack: 0x00000007a6800000,0x00000007a6900000] [id=16844]
  0x000001fa5f3e3b20 ConcurrentGCThread "G1 Service" [stack: 0x00000007a6900000,0x00000007a6a00000] [id=14736]

Threads with active compile tasks:

VM state: not at safepoint (normal execution)

VM Mutex/Monitor currently owned by a thread:  ([mutex/lock_event])
[0x000001fa5f370600] Metaspace_lock - owner thread: 0x000001fa00185ef0

Heap address: 0x00000000c4400000, size: 956 MB, Compressed Oops mode: 32-bit

CDS archive(s) not mapped
Compressed class space mapped at: 0x0000000100000000-0x0000000140000000, reserved size: 1073741824
Narrow klass base: 0x0000000000000000, Narrow klass shift: 3, Narrow klass range: 0x140000000

GC Precious Log:
 CPUs: 4 total, 4 available
 Memory: 3818M
 Large Page Support: Disabled
 NUMA Support: Disabled
 Compressed Oops: Enabled (32-bit)
 Heap Region Size: 1M
 Heap Min Capacity: 8M
 Heap Initial Capacity: 60M
 Heap Max Capacity: 956M
 Pre-touch: Disabled
 Parallel Workers: 4
 Concurrent Workers: 1
 Concurrent Refinement Workers: 4
 Periodic GC: Disabled

Heap:
 garbage-first heap   total 61440K, used 2048K [0x00000000c4400000, 0x0000000100000000)
  region size 1024K, 3 young (3072K), 0 survivors (0K)
 Metaspace       used 6788K, committed 6976K, reserved 1056768K
  class space    used 581K, committed 704K, reserved 1048576K

Heap Regions: E=young(eden), S=young(survivor), O=old, HS=humongous(starts), HC=humongous(continues), CS=collection set, F=free, OA=open archive, CA=closed archive, TAMS=top-at-mark-start (previous, next)
|   0|0x00000000c4400000, 0x00000000c4400000, 0x00000000c4500000|  0%| F|  |TAMS 0x00000000c4400000, 0x00000000c4400000| Untracked 
|   1|0x00000000c4500000, 0x00000000c4500000, 0x00000000c4600000|  0%| F|  |TAMS 0x00000000c4500000, 0x00000000c4500000| Untracked 
|   2|0x00000000c4600000, 0x00000000c4600000, 0x00000000c4700000|  0%| F|  |TAMS 0x00000000c4600000, 0x00000000c4600000| Untracked 
|   3|0x00000000c4700000, 0x00000000c4700000, 0x00000000c4800000|  0%| F|  |TAMS 0x00000000c4700000, 0x00000000c4700000| Untracked 
|   4|0x00000000c4800000, 0x00000000c4800000, 0x00000000c4900000|  0%| F|  |TAMS 0x00000000c4800000, 0x00000000c4800000| Untracked 
|   5|0x00000000c4900000, 0x00000000c4900000, 0x00000000c4a00000|  0%| F|  |TAMS 0x00000000c4900000, 0x00000000c4900000| Untracked 
|   6|0x00000000c4a00000, 0x00000000c4a00000, 0x00000000c4b00000|  0%| F|  |TAMS 0x00000000c4a00000, 0x00000000c4a00000| Untracked 
|   7|0x00000000c4b00000, 0x00000000c4b00000, 0x00000000c4c00000|  0%| F|  |TAMS 0x00000000c4b00000, 0x00000000c4b00000| Untracked 
|   8|0x00000000c4c00000, 0x00000000c4c00000, 0x00000000c4d00000|  0%| F|  |TAMS 0x00000000c4c00000, 0x00000000c4c00000| Untracked 
|   9|0x00000000c4d00000, 0x00000000c4d00000, 0x00000000c4e00000|  0%| F|  |TAMS 0x00000000c4d00000, 0x00000000c4d00000| Untracked 
|  10|0x00000000c4e00000, 0x00000000c4e00000, 0x00000000c4f00000|  0%| F|  |TAMS 0x00000000c4e00000, 0x00000000c4e00000| Untracked 
|  11|0x00000000c4f00000, 0x00000000c4f00000, 0x00000000c5000000|  0%| F|  |TAMS 0x00000000c4f00000, 0x00000000c4f00000| Untracked 
|  12|0x00000000c5000000, 0x00000000c5000000, 0x00000000c5100000|  0%| F|  |TAMS 0x00000000c5000000, 0x00000000c5000000| Untracked 
|  13|0x00000000c5100000, 0x00000000c5100000, 0x00000000c5200000|  0%| F|  |TAMS 0x00000000c5100000, 0x00000000c5100000| Untracked 
|  14|0x00000000c5200000, 0x00000000c5200000, 0x00000000c5300000|  0%| F|  |TAMS 0x00000000c5200000, 0x00000000c5200000| Untracked 
|  15|0x00000000c5300000, 0x00000000c5300000, 0x00000000c5400000|  0%| F|  |TAMS 0x00000000c5300000, 0x00000000c5300000| Untracked 
|  16|0x00000000c5400000, 0x00000000c5400000, 0x00000000c5500000|  0%| F|  |TAMS 0x00000000c5400000, 0x00000000c5400000| Untracked 
|  17|0x00000000c5500000, 0x00000000c5500000, 0x00000000c5600000|  0%| F|  |TAMS 0x00000000c5500000, 0x00000000c5500000| Untracked 
|  18|0x00000000c5600000, 0x00000000c5600000, 0x00000000c5700000|  0%| F|  |TAMS 0x00000000c5600000, 0x00000000c5600000| Untracked 
|  19|0x00000000c5700000, 0x00000000c5700000, 0x00000000c5800000|  0%| F|  |TAMS 0x00000000c5700000, 0x00000000c5700000| Untracked 
|  20|0x00000000c5800000, 0x00000000c5800000, 0x00000000c5900000|  0%| F|  |TAMS 0x00000000c5800000, 0x00000000c5800000| Untracked 
|  21|0x00000000c5900000, 0x00000000c5900000, 0x00000000c5a00000|  0%| F|  |TAMS 0x00000000c5900000, 0x00000000c5900000| Untracked 
|  22|0x00000000c5a00000, 0x00000000c5a00000, 0x00000000c5b00000|  0%| F|  |TAMS 0x00000000c5a00000, 0x00000000c5a00000| Untracked 
|  23|0x00000000c5b00000, 0x00000000c5b00000, 0x00000000c5c00000|  0%| F|  |TAMS 0x00000000c5b00000, 0x00000000c5b00000| Untracked 
|  24|0x00000000c5c00000, 0x00000000c5c00000, 0x00000000c5d00000|  0%| F|  |TAMS 0x00000000c5c00000, 0x00000000c5c00000| Untracked 
|  25|0x00000000c5d00000, 0x00000000c5d00000, 0x00000000c5e00000|  0%| F|  |TAMS 0x00000000c5d00000, 0x00000000c5d00000| Untracked 
|  26|0x00000000c5e00000, 0x00000000c5e00000, 0x00000000c5f00000|  0%| F|  |TAMS 0x00000000c5e00000, 0x00000000c5e00000| Untracked 
|  27|0x00000000c5f00000, 0x00000000c5f00000, 0x00000000c6000000|  0%| F|  |TAMS 0x00000000c5f00000, 0x00000000c5f00000| Untracked 
|  28|0x00000000c6000000, 0x00000000c6000000, 0x00000000c6100000|  0%| F|  |TAMS 0x00000000c6000000, 0x00000000c6000000| Untracked 
|  29|0x00000000c6100000, 0x00000000c6100000, 0x00000000c6200000|  0%| F|  |TAMS 0x00000000c6100000, 0x00000000c6100000| Untracked 
|  30|0x00000000c6200000, 0x00000000c6200000, 0x00000000c6300000|  0%| F|  |TAMS 0x00000000c6200000, 0x00000000c6200000| Untracked 
|  31|0x00000000c6300000, 0x00000000c6300000, 0x00000000c6400000|  0%| F|  |TAMS 0x00000000c6300000, 0x00000000c6300000| Untracked 
|  32|0x00000000c6400000, 0x00000000c6400000, 0x00000000c6500000|  0%| F|  |TAMS 0x00000000c6400000, 0x00000000c6400000| Untracked 
|  33|0x00000000c6500000, 0x00000000c6500000, 0x00000000c6600000|  0%| F|  |TAMS 0x00000000c6500000, 0x00000000c6500000| Untracked 
|  34|0x00000000c6600000, 0x00000000c6600000, 0x00000000c6700000|  0%| F|  |TAMS 0x00000000c6600000, 0x00000000c6600000| Untracked 
|  35|0x00000000c6700000, 0x00000000c6700000, 0x00000000c6800000|  0%| F|  |TAMS 0x00000000c6700000, 0x00000000c6700000| Untracked 
|  36|0x00000000c6800000, 0x00000000c6800000, 0x00000000c6900000|  0%| F|  |TAMS 0x00000000c6800000, 0x00000000c6800000| Untracked 
|  37|0x00000000c6900000, 0x00000000c6900000, 0x00000000c6a00000|  0%| F|  |TAMS 0x00000000c6900000, 0x00000000c6900000| Untracked 
|  38|0x00000000c6a00000, 0x00000000c6a00000, 0x00000000c6b00000|  0%| F|  |TAMS 0x00000000c6a00000, 0x00000000c6a00000| Untracked 
|  39|0x00000000c6b00000, 0x00000000c6b00000, 0x00000000c6c00000|  0%| F|  |TAMS 0x00000000c6b00000, 0x00000000c6b00000| Untracked 
|  40|0x00000000c6c00000, 0x00000000c6c00000, 0x00000000c6d00000|  0%| F|  |TAMS 0x00000000c6c00000, 0x00000000c6c00000| Untracked 
|  41|0x00000000c6d00000, 0x00000000c6d00000, 0x00000000c6e00000|  0%| F|  |TAMS 0x00000000c6d00000, 0x00000000c6d00000| Untracked 
|  42|0x00000000c6e00000, 0x00000000c6e00000, 0x00000000c6f00000|  0%| F|  |TAMS 0x00000000c6e00000, 0x00000000c6e00000| Untracked 
|  43|0x00000000c6f00000, 0x00000000c6f00000, 0x00000000c7000000|  0%| F|  |TAMS 0x00000000c6f00000, 0x00000000c6f00000| Untracked 
|  44|0x00000000c7000000, 0x00000000c7000000, 0x00000000c7100000|  0%| F|  |TAMS 0x00000000c7000000, 0x00000000c7000000| Untracked 
|  45|0x00000000c7100000, 0x00000000c7100000, 0x00000000c7200000|  0%| F|  |TAMS 0x00000000c7100000, 0x00000000c7100000| Untracked 
|  46|0x00000000c7200000, 0x00000000c7200000, 0x00000000c7300000|  0%| F|  |TAMS 0x00000000c7200000, 0x00000000c7200000| Untracked 
|  47|0x00000000c7300000, 0x00000000c7300000, 0x00000000c7400000|  0%| F|  |TAMS 0x00000000c7300000, 0x00000000c7300000| Untracked 
|  48|0x00000000c7400000, 0x00000000c7400000, 0x00000000c7500000|  0%| F|  |TAMS 0x00000000c7400000, 0x00000000c7400000| Untracked 
|  49|0x00000000c7500000, 0x00000000c7500000, 0x00000000c7600000|  0%| F|  |TAMS 0x00000000c7500000, 0x00000000c7500000| Untracked 
|  50|0x00000000c7600000, 0x00000000c7600000, 0x00000000c7700000|  0%| F|  |TAMS 0x00000000c7600000, 0x00000000c7600000| Untracked 
|  51|0x00000000c7700000, 0x00000000c7700000, 0x00000000c7800000|  0%| F|  |TAMS 0x00000000c7700000, 0x00000000c7700000| Untracked 
|  52|0x00000000c7800000, 0x00000000c7800000, 0x00000000c7900000|  0%| F|  |TAMS 0x00000000c7800000, 0x00000000c7800000| Untracked 
|  53|0x00000000c7900000, 0x00000000c7900000, 0x00000000c7a00000|  0%| F|  |TAMS 0x00000000c7900000, 0x00000000c7900000| Untracked 
|  54|0x00000000c7a00000, 0x00000000c7a00000, 0x00000000c7b00000|  0%| F|  |TAMS 0x00000000c7a00000, 0x00000000c7a00000| Untracked 
|  55|0x00000000c7b00000, 0x00000000c7b00000, 0x00000000c7c00000|  0%| F|  |TAMS 0x00000000c7b00000, 0x00000000c7b00000| Untracked 
|  56|0x00000000c7c00000, 0x00000000c7c00000, 0x00000000c7d00000|  0%| F|  |TAMS 0x00000000c7c00000, 0x00000000c7c00000| Untracked 
|  57|0x00000000c7d00000, 0x00000000c7d85ac8, 0x00000000c7e00000| 52%| E|  |TAMS 0x00000000c7d00000, 0x00000000c7d00000| Complete 
|  58|0x00000000c7e00000, 0x00000000c7f00000, 0x00000000c7f00000|100%| E|CS|TAMS 0x00000000c7e00000, 0x00000000c7e00000| Complete 
|  59|0x00000000c7f00000, 0x00000000c8000000, 0x00000000c8000000|100%| E|CS|TAMS 0x00000000c7f00000, 0x00000000c7f00000| Complete 

Card table byte_map: [0x000001fa75d40000,0x000001fa75f20000] _byte_map_base: 0x000001fa7571e000

Marking Bits (Prev, Next): (CMBitMap*) 0x000001fa5f3a2390, (CMBitMap*) 0x000001fa5f3a23d0
 Prev Bits: [0x000001fa76100000, 0x000001fa76ff0000)
 Next Bits: [0x000001fa76ff0000, 0x000001fa77ee0000)

Polling page: 0x000001fa5d330000

Metaspace:

Usage:
  Non-class:      6.06 MB used.
      Class:    581.30 KB used.
       Both:      6.63 MB used.

Virtual space:
  Non-class space:        8.00 MB reserved,       6.12 MB ( 77%) committed,  1 nodes.
      Class space:        1.00 GB reserved,     704.00 KB ( <1%) committed,  1 nodes.
             Both:        1.01 GB reserved,       6.81 MB ( <1%) committed. 

Chunk freelists:
   Non-Class:  1020.00 KB
       Class:  3.25 MB
        Both:  4.24 MB

MaxMetaspaceSize: unlimited
CompressedClassSpaceSize: 1.00 GB
Initial GC threshold: 21.00 MB
Current GC threshold: 21.00 MB
CDS: off
MetaspaceReclaimPolicy: balanced
 - commit_granule_bytes: 65536.
 - commit_granule_words: 8192.
 - virtual_space_node_default_size: 1048576.
 - enlarge_chunks_in_place: 1.
 - new_chunks_are_fully_committed: 0.
 - uncommit_free_chunks: 1.
 - use_allocation_guard: 0.
 - handle_deallocations: 1.


Internal statistics:

num_allocs_failed_limit: 0.
num_arena_births: 6.
num_arena_deaths: 0.
num_vsnodes_births: 2.
num_vsnodes_deaths: 0.
num_space_committed: 109.
num_space_uncommitted: 0.
num_chunks_returned_to_freelist: 0.
num_chunks_taken_from_freelist: 26.
num_chunk_merges: 0.
num_chunk_splits: 7.
num_chunks_enlarged: 1.
num_purges: 0.
num_inconsistent_stats: 0.

CodeHeap 'non-profiled nmethods': size=120000Kb used=71Kb max_used=71Kb free=119929Kb
 bounds [0x000001fa6e630000, 0x000001fa6e8a0000, 0x000001fa75b60000]
CodeHeap 'profiled nmethods': size=120000Kb used=333Kb max_used=333Kb free=119666Kb
 bounds [0x000001fa67100000, 0x000001fa67370000, 0x000001fa6e630000]
CodeHeap 'non-nmethods': size=5760Kb used=1112Kb max_used=1127Kb free=4647Kb
 bounds [0x000001fa66b60000, 0x000001fa66dd0000, 0x000001fa67100000]
 total_blobs=637 nmethods=261 adapters=289
 compilation: enabled
              stopped_count=0, restarted_count=0
 full_count=0

Compilation events (20 events):
Event: 1.322 Thread 0x000001fa001be240  252       1       java.lang.invoke.MethodType::ptypes (5 bytes)
Event: 1.323 Thread 0x000001fa001be240 nmethod 252 0x000001fa6e640810 code [0x000001fa6e6409a0, 0x000001fa6e640a78]
Event: 1.324 Thread 0x000001fa001b9b00  253       4       java.lang.String::charAt (25 bytes)
Event: 1.324 Thread 0x000001fa001b9b00 nmethod 253 0x000001fa6e640b10 code [0x000001fa6e640ca0, 0x000001fa6e640d88]
Event: 1.324 Thread 0x000001fa001be240  255       3       java.util.StringTokenizer::scanToken (179 bytes)
Event: 1.326 Thread 0x000001fa001be240 nmethod 255 0x000001fa6714f710 code [0x000001fa6714fa80, 0x000001fa67151098]
Event: 1.326 Thread 0x000001fa001be240  254       3       java.util.StringTokenizer::skipDelimiters (116 bytes)
Event: 1.326 Thread 0x000001fa001b9b00  258       4       java.lang.StringLatin1::indexOf (36 bytes)
Event: 1.326 Thread 0x000001fa001be240 nmethod 254 0x000001fa67151890 code [0x000001fa67151b40, 0x000001fa67152868]
Event: 1.326 Thread 0x000001fa001be240  256       3       java.util.StringTokenizer::hasMoreTokens (29 bytes)
Event: 1.327 Thread 0x000001fa001be240 nmethod 256 0x000001fa67152d10 code [0x000001fa67152ec0, 0x000001fa67153068]
Event: 1.327 Thread 0x000001fa001be240  257       3       java.util.StringTokenizer::nextToken (92 bytes)
Event: 1.327 Thread 0x000001fa001b9b00 nmethod 258 0x000001fa6e640e90 code [0x000001fa6e641000, 0x000001fa6e6411b8]
Event: 1.327 Thread 0x000001fa001be240 nmethod 257 0x000001fa67153110 code [0x000001fa671532e0, 0x000001fa67153618]
Event: 1.327 Thread 0x000001fa001be240  259       1       java.lang.invoke.MethodHandle::type (5 bytes)
Event: 1.327 Thread 0x000001fa001be240 nmethod 259 0x000001fa6e641310 code [0x000001fa6e6414a0, 0x000001fa6e641578]
Event: 1.327 Thread 0x000001fa001be240  261       1       java.lang.Class::getModule (5 bytes)
Event: 1.327 Thread 0x000001fa001be240 nmethod 261 0x000001fa6e641610 code [0x000001fa6e6417a0, 0x000001fa6e641878]
Event: 1.327 Thread 0x000001fa001be240  260       1       java.lang.invoke.MethodHandles$Lookup::lookupClass (5 bytes)
Event: 1.327 Thread 0x000001fa001be240 nmethod 260 0x000001fa6e641910 code [0x000001fa6e641aa0, 0x000001fa6e641b78]

GC Heap History (0 events):
No events

Deoptimization events (8 events):
Event: 0.912 Thread 0x000001fa5f377a70 Uncommon trap: trap_request=0xffffff45 fr.pc=0x000001fa6e631374 relative=0x0000000000000074
Event: 0.912 Thread 0x000001fa5f377a70 Uncommon trap: reason=unstable_if action=reinterpret pc=0x000001fa6e631374 method=java.lang.String.isLatin1()Z @ 10 c2
Event: 0.912 Thread 0x000001fa5f377a70 DEOPT PACKING pc=0x000001fa6e631374 sp=0x00000007a64fea80
Event: 0.912 Thread 0x000001fa5f377a70 DEOPT UNPACKING pc=0x000001fa66bb5c23 sp=0x00000007a64fe9c0 mode 2
Event: 0.914 Thread 0x000001fa5f377a70 Uncommon trap: trap_request=0xffffff45 fr.pc=0x000001fa6e635d5c relative=0x000000000000005c
Event: 0.914 Thread 0x000001fa5f377a70 Uncommon trap: reason=unstable_if action=reinterpret pc=0x000001fa6e635d5c method=java.lang.String.isLatin1()Z @ 10 c2
Event: 0.915 Thread 0x000001fa5f377a70 DEOPT PACKING pc=0x000001fa6e635d5c sp=0x00000007a64fdfd0
Event: 0.915 Thread 0x000001fa5f377a70 DEOPT UNPACKING pc=0x000001fa66bb5c23 sp=0x00000007a64fdf60 mode 2

Classes unloaded (0 events):
No events

Classes redefined (0 events):
No events

Internal exceptions (0 events):
No events

VM Operations (2 events):
Event: 0.897 Executing VM operation: HandshakeAllThreads
Event: 0.897 Executing VM operation: HandshakeAllThreads done

Events (20 events):
Event: 1.328 loading class sun/util/locale/provider/LocaleResources done
Event: 1.328 loading class sun/util/resources/LocaleData
Event: 1.329 loading class sun/util/resources/LocaleData done
Event: 1.329 loading class sun/util/resources/LocaleData$1
Event: 1.329 loading class sun/util/resources/LocaleData$1 done
Event: 1.329 loading class sun/util/resources/LocaleData$LocaleDataStrategy
Event: 1.329 loading class sun/util/resources/Bundles$Strategy
Event: 1.329 loading class sun/util/resources/Bundles$Strategy done
Event: 1.329 loading class sun/util/resources/LocaleData$LocaleDataStrategy done
Event: 1.329 loading class sun/util/resources/Bundles
Event: 1.329 loading class sun/util/resources/Bundles done
Event: 1.329 loading class sun/util/resources/Bundles$1
Event: 1.331 loading class sun/util/resources/Bundles$1 done
Event: 1.331 loading class java/util/ResourceBundle$1
Event: 1.331 loading class jdk/internal/access/JavaUtilResourceBundleAccess
Event: 1.331 loading class jdk/internal/access/JavaUtilResourceBundleAccess done
Event: 1.331 loading class java/util/ResourceBundle$1 done
Event: 1.331 loading class java/util/ResourceBundle$2
Event: 1.331 loading class java/util/ResourceBundle$2 done
Event: 1.331 loading class sun/util/resources/Bundles$CacheKey


Dynamic libraries:
0x00007ff7707c0000 - 0x00007ff7707ce000 	C:\Users\kostas\.jdks\openjdk-17.0.1\bin\java.exe
0x00007ffdb9860000 - 0x00007ffdb9a69000 	C:\WINDOWS\SYSTEM32\ntdll.dll
0x00007ffdb7710000 - 0x00007ffdb77cd000 	C:\WINDOWS\System32\KERNEL32.DLL
0x00007ffdb7170000 - 0x00007ffdb74e4000 	C:\WINDOWS\System32\KERNELBASE.dll
0x00007ffdb6df0000 - 0x00007ffdb6f01000 	C:\WINDOWS\System32\ucrtbase.dll
0x00007ffd97840000 - 0x00007ffd97858000 	C:\Users\kostas\.jdks\openjdk-17.0.1\bin\jli.dll
0x00007ffd97860000 - 0x00007ffd9787a000 	C:\Users\kostas\.jdks\openjdk-17.0.1\bin\VCRUNTIME140.dll
0x00007ffdb9290000 - 0x00007ffdb943c000 	C:\WINDOWS\System32\USER32.dll
0x00007ffdb6d50000 - 0x00007ffdb6d76000 	C:\WINDOWS\System32\win32u.dll
0x00007ffdb8b60000 - 0x00007ffdb8b89000 	C:\WINDOWS\System32\GDI32.dll
0x00007ffdb6f10000 - 0x00007ffdb7022000 	C:\WINDOWS\System32\gdi32full.dll
0x00007ffdb7660000 - 0x00007ffdb76fd000 	C:\WINDOWS\System32\msvcp_win.dll
0x00007ffda20d0000 - 0x00007ffda2375000 	C:\WINDOWS\WinSxS\amd64_microsoft.windows.common-controls_6595b64144ccf1df_6.0.22000.120_none_9d947278b86cc467\COMCTL32.dll
0x00007ffdb8f20000 - 0x00007ffdb8fc3000 	C:\WINDOWS\System32\msvcrt.dll
0x00007ffdb9440000 - 0x00007ffdb9471000 	C:\WINDOWS\System32\IMM32.DLL
0x00007ffda23c0000 - 0x00007ffda23cc000 	C:\Users\kostas\.jdks\openjdk-17.0.1\bin\vcruntime140_1.dll
0x00007ffd78c40000 - 0x00007ffd78ccd000 	C:\Users\kostas\.jdks\openjdk-17.0.1\bin\msvcp140.dll
0x00007ffd69320000 - 0x00007ffd69ede000 	C:\Users\kostas\.jdks\openjdk-17.0.1\bin\server\jvm.dll
0x00007ffdb9130000 - 0x00007ffdb91de000 	C:\WINDOWS\System32\ADVAPI32.dll
0x00007ffdb7900000 - 0x00007ffdb799e000 	C:\WINDOWS\System32\sechost.dll
0x00007ffdb8a40000 - 0x00007ffdb8b60000 	C:\WINDOWS\System32\RPCRT4.dll
0x00007ffdb78f0000 - 0x00007ffdb78f8000 	C:\WINDOWS\System32\PSAPI.DLL
0x00007ffd98440000 - 0x00007ffd98449000 	C:\WINDOWS\SYSTEM32\WSOCK32.dll
0x00007ffdb8eb0000 - 0x00007ffdb8f1f000 	C:\WINDOWS\System32\WS2_32.dll
0x00007ffda6a40000 - 0x00007ffda6a73000 	C:\WINDOWS\SYSTEM32\WINMM.dll
0x00007ffda5cc0000 - 0x00007ffda5cca000 	C:\WINDOWS\SYSTEM32\VERSION.dll
0x00007ffdb5f40000 - 0x00007ffdb5f58000 	C:\WINDOWS\SYSTEM32\kernel.appcore.dll
0x00007ffd9f7a0000 - 0x00007ffd9f7aa000 	C:\Users\kostas\.jdks\openjdk-17.0.1\bin\jimage.dll
0x00007ffdb4860000 - 0x00007ffdb4a81000 	C:\WINDOWS\SYSTEM32\DBGHELP.DLL
0x00007ffd8e7b0000 - 0x00007ffd8e7e1000 	C:\WINDOWS\SYSTEM32\dbgcore.DLL
0x00007ffdb70f0000 - 0x00007ffdb716f000 	C:\WINDOWS\System32\bcryptPrimitives.dll
0x00007ffd9bac0000 - 0x00007ffd9bace000 	C:\Users\kostas\.jdks\openjdk-17.0.1\bin\instrument.dll
0x00007ffd96bc0000 - 0x00007ffd96be5000 	C:\Users\kostas\.jdks\openjdk-17.0.1\bin\java.dll
0x00007ffd69240000 - 0x00007ffd69316000 	C:\Users\kostas\.jdks\openjdk-17.0.1\bin\svml.dll
0x00007ffdb7d20000 - 0x00007ffdb84ce000 	C:\WINDOWS\System32\SHELL32.dll
0x00007ffdb4ed0000 - 0x00007ffdb5738000 	C:\WINDOWS\SYSTEM32\windows.storage.dll
0x00007ffdb79a0000 - 0x00007ffdb7d18000 	C:\WINDOWS\System32\combase.dll
0x00007ffdb4d60000 - 0x00007ffdb4ec6000 	C:\WINDOWS\SYSTEM32\wintypes.dll
0x00007ffdb84d0000 - 0x00007ffdb85ba000 	C:\WINDOWS\System32\SHCORE.dll
0x00007ffdb97c0000 - 0x00007ffdb981d000 	C:\WINDOWS\System32\shlwapi.dll
0x00007ffdb6c80000 - 0x00007ffdb6ca1000 	C:\WINDOWS\SYSTEM32\profapi.dll
0x00007ffd7a5e0000 - 0x00007ffd7a5f8000 	C:\Users\kostas\.jdks\openjdk-17.0.1\bin\zip.dll
0x00007ffd96ba0000 - 0x00007ffd96bb9000 	C:\Users\kostas\.jdks\openjdk-17.0.1\bin\net.dll
0x00007ffda6d90000 - 0x00007ffda6e9c000 	C:\WINDOWS\SYSTEM32\WINHTTP.dll
0x00007ffdb6370000 - 0x00007ffdb63d7000 	C:\WINDOWS\system32\mswsock.dll
0x00007ffd7c9a0000 - 0x00007ffd7c9b5000 	C:\Users\kostas\.jdks\openjdk-17.0.1\bin\nio.dll

dbghelp: loaded successfully - version: 4.0.5 - missing functions: none
symbol engine: initialized successfully - sym options: 0x614 - pdb path: .;C:\Users\kostas\.jdks\openjdk-17.0.1\bin;C:\WINDOWS\SYSTEM32;C:\WINDOWS\WinSxS\amd64_microsoft.windows.common-controls_6595b64144ccf1df_6.0.22000.120_none_9d947278b86cc467;C:\Users\kostas\.jdks\openjdk-17.0.1\bin\server

VM Arguments:
jvm_args: -javaagent:C:\Program Files\JetBrains\IntelliJ IDEA Community Edition 2021.3\lib\idea_rt.jar=55783:C:\Program Files\JetBrains\IntelliJ IDEA Community Edition 2021.3\bin -Dfile.encoding=UTF-8 
java_command: CoursesManagementApp.com.uoi.SoftwareEngineering.Application
java_class_path (initial): C:\Users\kostas\.jdks\.openjdk-17.0.1.intellij;C:\Users\kostas\Desktop\zarras\com.uoi.Software-Engineering\target\classes;C:\Users\kostas\.m2\repository\org\springframework\boot\spring-boot-starter-web\2.6.3\spring-boot-starter-web-2.6.3.jar;C:\Users\kostas\.m2\repository\org\springframework\boot\spring-boot-starter\2.6.3\spring-boot-starter-2.6.3.jar;C:\Users\kostas\.m2\repository\org\springframework\boot\spring-boot-starter-logging\2.6.3\spring-boot-starter-logging-2.6.3.jar;C:\Users\kostas\.m2\repository\ch\qos\logback\logback-classic\1.2.10\logback-classic-1.2.10.jar;C:\Users\kostas\.m2\repository\ch\qos\logback\logback-core\1.2.10\logback-core-1.2.10.jar;C:\Users\kostas\.m2\repository\org\apache\logging\log4j\log4j-to-slf4j\2.17.1\log4j-to-slf4j-2.17.1.jar;C:\Users\kostas\.m2\repository\org\apache\logging\log4j\log4j-api\2.17.1\log4j-api-2.17.1.jar;C:\Users\kostas\.m2\repository\org\slf4j\jul-to-slf4j\1.7.33\jul-to-slf4j-1.7.33.jar;C:\Users\kostas\.m2\repository\jakarta\annotation\jakarta.annotation-api\1.3.5\jakarta.annotation-api-1.3.5.jar;C:\Users\kostas\.m2\repository\org\yaml\snakeyaml\1.29\snakeyaml-1.29.jar;C:\Users\kostas\.m2\repository\org\springframework\boot\spring-boot-starter-json\2.6.3\spring-boot-starter-json-2.6.3.jar;C:\Users\kostas\.m2\repository\com\fasterxml\jackson\core\jackson-databind\2.13.1\jackson-databind-2.13.1.jar;C:\Users\kostas\.m2\repository\com\fasterxml\jackson\core\jackson-annotations\2.13.1\jackson-annotations-2.13.1.jar;C:\Users\kostas\.m2\repository\com\fasterxml\jackson\datatype\jackson-datatype-jdk8\2.13.1\jackson-datatype-jdk8-2.13.1.jar;C:\Users\kostas\.m2\repository\com\fasterxml\jackson\datatype\jackson-datatype-jsr310\2.13.1\jackson-datatype-jsr310-2.13.1.jar;C:\Users\kostas\.m2\repository\com\fasterxml\jackson\module\jackson-module-parameter-names\2.13.1\jackson-module-parameter-names-2.13.1.jar;C:\Users\kostas\.m2\repository\org\springframework\boot\spring-boot-starter-tomcat\2.6.3\sprin
Launcher Type: SUN_STANDARD

[Global flags]
     intx CICompilerCount                          = 3                                         {product} {ergonomic}
     uint ConcGCThreads                            = 1                                         {product} {ergonomic}
     uint G1ConcRefinementThreads                  = 4                                         {product} {ergonomic}
   size_t G1HeapRegionSize                         = 1048576                                   {product} {ergonomic}
    uintx GCDrainStackTargetSize                   = 64                                        {product} {ergonomic}
   size_t InitialHeapSize                          = 62914560                                  {product} {ergonomic}
   size_t MarkStackSize                            = 4194304                                   {product} {ergonomic}
   size_t MaxHeapSize                              = 1002438656                                {product} {ergonomic}
   size_t MaxNewSize                               = 600834048                                 {product} {ergonomic}
   size_t MinHeapDeltaBytes                        = 1048576                                   {product} {ergonomic}
   size_t MinHeapSize                              = 8388608                                   {product} {ergonomic}
    uintx NonNMethodCodeHeapSize                   = 5832780                                {pd product} {ergonomic}
    uintx NonProfiledCodeHeapSize                  = 122912730                              {pd product} {ergonomic}
    uintx ProfiledCodeHeapSize                     = 122912730                              {pd product} {ergonomic}
    uintx ReservedCodeCacheSize                    = 251658240                              {pd product} {ergonomic}
     bool SegmentedCodeCache                       = true                                      {product} {ergonomic}
   size_t SoftMaxHeapSize                          = 1002438656                             {manageable} {ergonomic}
     bool UseCompressedClassPointers               = true                           {product lp64_product} {ergonomic}
     bool UseCompressedOops                        = true                           {product lp64_product} {ergonomic}
     bool UseG1GC                                  = true                                      {product} {ergonomic}
     bool UseLargePagesIndividualAllocation        = false                                  {pd product} {ergonomic}

Logging:
Log output configuration:
 #0: stdout all=warning uptime,level,tags
 #1: stderr all=off uptime,level,tags

Environment Variables:
PATH=C:\Program Files\Eclipse Foundation\jdk-16.0.2.7-hotspot\bin;C:\WINDOWS\system32;C:\WINDOWS;C:\WINDOWS\System32\Wbem;C:\WINDOWS\System32\WindowsPowerShell\v1.0\;C:\WINDOWS\System32\OpenSSH\;C:\Program Files\PuTTY\;C:\Program Files\Microsoft SQL Server\Client SDK\ODBC\170\Tools\Binn\;C:\Program Files (x86)\Microsoft SQL Server\150\Tools\Binn\;C:\Program Files\Microsoft SQL Server\150\Tools\Binn\;C:\Program Files\Microsoft SQL Server\150\DTS\Binn\;C:\flutter\flutter\bin;C:\Program Files\Git\cmd;C:\Program Files\dotnet\;C:\Users\kostas\Desktop\Machine learning\Scripts\;C:\Users\kostas\Desktop\Machine learning\;C:\Program Files\MySQL\MySQL Shell 8.0\bin\;C:\Users\kostas\AppData\Local\Programs\Python\Python39\Scripts\;C:\Users\kostas\AppData\Local\Programs\Python\Python39\;C:\Users\kostas\AppData\Local\Programs\Python\Python310\Scripts\;C:\Users\kostas\AppData\Local\Programs\Python\Python310\;C:\Users\kostas\Desktop\Sql\bin\;C:\Users\kostas\AppData\Local\Microsoft\WindowsApps;C:\Users\kostas\AppData\Local\JetBrains\PyCharm Community Edition 2021.1.1\bin;;C:\Program Files\JetBrains\IntelliJ IDEA 2021.1.2\bin;;C:\Users\kostas\AppData\Local\GitHubDesktop\bin;C:\Users\kostas\AppData\Local\Programs\Microsoft VS Code\bin;C:\altera\13.0sp1\modelsim_ase\win32aloem;C:\Program Files\Azure Data Studio\bin;C:\Program Files\JetBrains\IntelliJ IDEA Community Edition 2021.3\bin;;C:\MinGW\bin;C:\Users\kostas\Desktop\Τεχνολογία Λογισμικού\apache-maven-3.8.4\bin;
USERNAME=kostas
OS=Windows_NT
PROCESSOR_IDENTIFIER=Intel64 Family 6 Model 140 Stepping 1, GenuineIntel



---------------  S Y S T E M  ---------------

OS:
 Windows 10 , 64 bit Build 22000 (10.0.22000.434)
OS uptime: 1 days 22:33 hours

CPU: total 4 (initial active 4) (2 cores per cpu, 2 threads per core) family 6 model 140 stepping 1 microcode 0x86, cx8, cmov, fxsr, ht, mmx, 3dnowpref, sse, sse2, sse3, ssse3, sse4.1, sse4.2, popcnt, lzcnt, tsc, tscinvbit, avx, avx2, aes, erms, clmul, bmi1, bmi2, adx, avx512f, avx512dq, avx512cd, avx512bw, avx512vl, sha, fma, vzeroupper, avx512_vpopcntdq, avx512_vpclmulqdq, avx512_vaes, avx512_vnni, clflush, clflushopt, clwb, avx512_vbmi2, avx512_vbmi

Memory: 4k page, system-wide physical 3818M (61M free)
TotalPageFile size 15594M (AvailPageFile size 0M)
current process WorkingSet (physical memory assigned to process): 33M, peak: 33M
current process commit charge ("private bytes"): 127M, peak: 127M

vm_info: OpenJDK 64-Bit Server VM (17.0.1+12-39) for windows-amd64 JRE (17.0.1+12-39), built on Sep 27 2021 18:39:29 by "mach5one" with MS VC++ 16.8 (VS2019)

END.
