#
# There is insufficient memory for the Java Runtime Environment to continue.
# Native memory allocation (malloc) failed to allocate 698208 bytes for Chunk::new
# Possible reasons:
#   The system is out of physical RAM or swap space
#   The process is running with CompressedOops enabled, and the Java Heap may be blocking the growth of the native heap
# Possible solutions:
#   Reduce memory load on the system
#   Increase physical memory or swap space
#   Check if swap backing store is full
#   Decrease Java heap size (-Xmx/-Xms)
#   Decrease number of Java threads
#   Decrease Java thread stack sizes (-Xss)
#   Set larger code cache with -XX:ReservedCodeCacheSize=
#   JVM is running with Unscaled Compressed Oops mode in which the Java heap is
#     placed in the first 4GB address space. The Java Heap base address is the
#     maximum limit for the native heap growth. Please use -XX:HeapBaseMinAddress
#     to set the Java Heap base and to place the Java Heap above 4GB virtual address.
# This output file may be truncated or incomplete.
#
#  Out of Memory Error (arena.cpp:189), pid=2412, tid=8432
#
# JRE version: OpenJDK Runtime Environment (17.0.1+12) (build 17.0.1+12-39)
# Java VM: OpenJDK 64-Bit Server VM (17.0.1+12-39, mixed mode, sharing, tiered, compressed oops, compressed class ptrs, g1 gc, windows-amd64)
# No core dump will be written. Minidumps are not enabled by default on client versions of Windows
#

---------------  S U M M A R Y ------------

Command Line: -javaagent:C:\Program Files\JetBrains\IntelliJ IDEA Community Edition 2021.3\lib\idea_rt.jar=60761:C:\Program Files\JetBrains\IntelliJ IDEA Community Edition 2021.3\bin -Dfile.encoding=UTF-8 CoursesManagementApp.com.uoi.SoftwareEngineering.Application

Host: 11th Gen Intel(R) Core(TM) i3-1115G4 @ 3.00GHz, 4 cores, 3G,  Windows 10 , 64 bit Build 22000 (10.0.22000.434)
Time: Tue Apr 12 20:49:56 2022  Windows 10 , 64 bit Build 22000 (10.0.22000.434) elapsed time: 2.417925 seconds (0d 0h 0m 2s)

---------------  T H R E A D  ---------------

Current thread (0x00000291f87ff760):  JavaThread "C2 CompilerThread0" daemon [_thread_in_native, id=8432, stack(0x000000b5a1300000,0x000000b5a1400000)]


Current CompileTask:
C2:   2417 1600 %     4       java.io.WinNTFileSystem::normalize @ 22 (143 bytes)

Stack: [0x000000b5a1300000,0x000000b5a1400000]
Native frames: (J=compiled Java code, j=interpreted, Vv=VM code, C=native code)
V  [jvm.dll+0x66fa1a]
V  [jvm.dll+0x7ce5a4]
V  [jvm.dll+0x7cfd4e]
V  [jvm.dll+0x7d03b3]
V  [jvm.dll+0x242b05]
V  [jvm.dll+0xaa05b]
V  [jvm.dll+0xaa5ec]
V  [jvm.dll+0x35fa07]
V  [jvm.dll+0x329f51]
V  [jvm.dll+0x3293fa]
V  [jvm.dll+0x215bf1]
V  [jvm.dll+0x215011]
V  [jvm.dll+0x1a168d]
V  [jvm.dll+0x224848]
V  [jvm.dll+0x2229ac]
V  [jvm.dll+0x78435b]
V  [jvm.dll+0x77e91a]
V  [jvm.dll+0x66e845]
C  [ucrtbase.dll+0x26c0c]
C  [KERNEL32.DLL+0x154e0]
C  [ntdll.dll+0x485b]


---------------  P R O C E S S  ---------------

Threads class SMR info:
_java_thread_list=0x00000291fa093880, length=16, elements={
0x00000291db9296c0, 0x00000291f87e1850, 0x00000291f87e2400, 0x00000291f87facb0,
0x00000291f87fb660, 0x00000291f87fe020, 0x00000291f87fe9d0, 0x00000291f87ff760,
0x00000291f881c910, 0x00000291f8870660, 0x00000291db9ece50, 0x00000291f98e1c60,
0x00000291f98e2130, 0x00000291f9e2eed0, 0x00000291f9e4c160, 0x00000291fa24c6a0
}

Java Threads: ( => current thread )
  0x00000291db9296c0 JavaThread "main" [_thread_blocked, id=8120, stack(0x000000b5a0600000,0x000000b5a0700000)]
  0x00000291f87e1850 JavaThread "Reference Handler" daemon [_thread_blocked, id=15100, stack(0x000000b5a0d00000,0x000000b5a0e00000)]
  0x00000291f87e2400 JavaThread "Finalizer" daemon [_thread_blocked, id=15456, stack(0x000000b5a0e00000,0x000000b5a0f00000)]
  0x00000291f87facb0 JavaThread "Signal Dispatcher" daemon [_thread_blocked, id=6576, stack(0x000000b5a0f00000,0x000000b5a1000000)]
  0x00000291f87fb660 JavaThread "Attach Listener" daemon [_thread_blocked, id=5796, stack(0x000000b5a1000000,0x000000b5a1100000)]
  0x00000291f87fe020 JavaThread "Service Thread" daemon [_thread_blocked, id=6796, stack(0x000000b5a1100000,0x000000b5a1200000)]
  0x00000291f87fe9d0 JavaThread "Monitor Deflation Thread" daemon [_thread_blocked, id=5708, stack(0x000000b5a1200000,0x000000b5a1300000)]
=>0x00000291f87ff760 JavaThread "C2 CompilerThread0" daemon [_thread_in_native, id=8432, stack(0x000000b5a1300000,0x000000b5a1400000)]
  0x00000291f881c910 JavaThread "C1 CompilerThread0" daemon [_thread_blocked, id=6356, stack(0x000000b5a1400000,0x000000b5a1500000)]
  0x00000291f8870660 JavaThread "Sweeper thread" daemon [_thread_blocked, id=8824, stack(0x000000b5a1500000,0x000000b5a1600000)]
  0x00000291db9ece50 JavaThread "Common-Cleaner" daemon [_thread_blocked, id=392, stack(0x000000b5a1600000,0x000000b5a1700000)]
  0x00000291f98e1c60 JavaThread "Monitor Ctrl-Break" daemon [_thread_in_native, id=8048, stack(0x000000b5a1700000,0x000000b5a1800000)]
  0x00000291f98e2130 JavaThread "Notification Thread" daemon [_thread_blocked, id=15556, stack(0x000000b5a1800000,0x000000b5a1900000)]
  0x00000291f9e2eed0 JavaThread "Thread-0" [_thread_blocked, id=12232, stack(0x000000b5a1e00000,0x000000b5a1f00000)]
  0x00000291f9e4c160 JavaThread "restartedMain" [_thread_in_Java, id=10556, stack(0x000000b5a1f00000,0x000000b5a2000000)]
  0x00000291fa24c6a0 JavaThread "background-preinit" [_thread_in_vm, id=14560, stack(0x000000b5a2000000,0x000000b5a2100000)]

Other Threads:
  0x00000291f87db610 VMThread "VM Thread" [stack: 0x000000b5a0c00000,0x000000b5a0d00000] [id=7956]
  0x00000291db92a340 WatcherThread [stack: 0x000000b5a1900000,0x000000b5a1a00000] [id=11868]
  0x00000291db9539d0 GCTaskThread "GC Thread#0" [stack: 0x000000b5a0700000,0x000000b5a0800000] [id=12924]
  0x00000291f9c86e70 GCTaskThread "GC Thread#1" [stack: 0x000000b5a1a00000,0x000000b5a1b00000] [id=4320]
  0x00000291f9e52560 GCTaskThread "GC Thread#2" [stack: 0x000000b5a1b00000,0x000000b5a1c00000] [id=13072]
  0x00000291f9e52810 GCTaskThread "GC Thread#3" [stack: 0x000000b5a1c00000,0x000000b5a1d00000] [id=3092]
  0x00000291db95c090 ConcurrentGCThread "G1 Main Marker" [stack: 0x000000b5a0800000,0x000000b5a0900000] [id=15632]
  0x00000291db95dab0 ConcurrentGCThread "G1 Conc#0" [stack: 0x000000b5a0900000,0x000000b5a0a00000] [id=5464]
  0x00000291db85ec30 ConcurrentGCThread "G1 Refine#0" [stack: 0x000000b5a0a00000,0x000000b5a0b00000] [id=9352]
  0x00000291f9e03930 ConcurrentGCThread "G1 Refine#1" [stack: 0x000000b5a1d00000,0x000000b5a1e00000] [id=3776]
  0x00000291db9957b0 ConcurrentGCThread "G1 Service" [stack: 0x000000b5a0b00000,0x000000b5a0c00000] [id=16464]

Threads with active compile tasks:
C2 CompilerThread0     2439 1600 %     4       java.io.WinNTFileSystem::normalize @ 22 (143 bytes)

VM state: not at safepoint (normal execution)

VM Mutex/Monitor currently owned by a thread: None

Heap address: 0x00000000c4400000, size: 956 MB, Compressed Oops mode: 32-bit

CDS archive(s) mapped at: [0x0000000800000000-0x0000000800bc0000-0x0000000800bc0000), size 12320768, SharedBaseAddress: 0x0000000800000000, ArchiveRelocationMode: 0.
Compressed class space mapped at: 0x0000000800c00000-0x0000000840c00000, reserved size: 1073741824
Narrow klass base: 0x0000000800000000, Narrow klass shift: 0, Narrow klass range: 0x100000000

GC Precious Log:
 CPUs: 4 total, 4 available
 Memory: 3818M
 Large Page Support: Disabled
 NUMA Support: Disabled
 Compressed Oops: Enabled (32-bit)
 Heap Region Size: 1M
 Heap Min Capacity: 8M
 Heap Initial Capacity: 60M
 Heap Max Capacity: 956M
 Pre-touch: Disabled
 Parallel Workers: 4
 Concurrent Workers: 1
 Concurrent Refinement Workers: 4
 Periodic GC: Disabled

Heap:
 garbage-first heap   total 61440K, used 12169K [0x00000000c4400000, 0x0000000100000000)
  region size 1024K, 6 young (6144K), 2 survivors (2048K)
 Metaspace       used 9954K, committed 10176K, reserved 1064960K
  class space    used 1235K, committed 1344K, reserved 1048576K

Heap Regions: E=young(eden), S=young(survivor), O=old, HS=humongous(starts), HC=humongous(continues), CS=collection set, F=free, OA=open archive, CA=closed archive, TAMS=top-at-mark-start (previous, next)
|   0|0x00000000c4400000, 0x00000000c4500000, 0x00000000c4500000|100%|HS|  |TAMS 0x00000000c4400000, 0x00000000c4400000| Complete 
|   1|0x00000000c4500000, 0x00000000c4600000, 0x00000000c4600000|100%| O|  |TAMS 0x00000000c4500000, 0x00000000c4500000| Untracked 
|   2|0x00000000c4600000, 0x00000000c4700000, 0x00000000c4700000|100%| O|  |TAMS 0x00000000c4600000, 0x00000000c4600000| Untracked 
|   3|0x00000000c4700000, 0x00000000c4800000, 0x00000000c4800000|100%| O|  |TAMS 0x00000000c4700000, 0x00000000c4700000| Untracked 
|   4|0x00000000c4800000, 0x00000000c4900000, 0x00000000c4900000|100%| O|  |TAMS 0x00000000c4800000, 0x00000000c4800000| Untracked 
|   5|0x00000000c4900000, 0x00000000c4a00000, 0x00000000c4a00000|100%| O|  |TAMS 0x00000000c4900000, 0x00000000c4900000| Untracked 
|   6|0x00000000c4a00000, 0x00000000c4b00000, 0x00000000c4b00000|100%| O|  |TAMS 0x00000000c4a00000, 0x00000000c4a00000| Untracked 
|   7|0x00000000c4b00000, 0x00000000c4b00000, 0x00000000c4c00000|  0%| F|  |TAMS 0x00000000c4b00000, 0x00000000c4b00000| Untracked 
|   8|0x00000000c4c00000, 0x00000000c4c00000, 0x00000000c4d00000|  0%| F|  |TAMS 0x00000000c4c00000, 0x00000000c4c00000| Untracked 
|   9|0x00000000c4d00000, 0x00000000c4d00000, 0x00000000c4e00000|  0%| F|  |TAMS 0x00000000c4d00000, 0x00000000c4d00000| Untracked 
|  10|0x00000000c4e00000, 0x00000000c4e00000, 0x00000000c4f00000|  0%| F|  |TAMS 0x00000000c4e00000, 0x00000000c4e00000| Untracked 
|  11|0x00000000c4f00000, 0x00000000c4f00000, 0x00000000c5000000|  0%| F|  |TAMS 0x00000000c4f00000, 0x00000000c4f00000| Untracked 
|  12|0x00000000c5000000, 0x00000000c5000000, 0x00000000c5100000|  0%| F|  |TAMS 0x00000000c5000000, 0x00000000c5000000| Untracked 
|  13|0x00000000c5100000, 0x00000000c5100000, 0x00000000c5200000|  0%| F|  |TAMS 0x00000000c5100000, 0x00000000c5100000| Untracked 
|  14|0x00000000c5200000, 0x00000000c5200000, 0x00000000c5300000|  0%| F|  |TAMS 0x00000000c5200000, 0x00000000c5200000| Untracked 
|  15|0x00000000c5300000, 0x00000000c5300000, 0x00000000c5400000|  0%| F|  |TAMS 0x00000000c5300000, 0x00000000c5300000| Untracked 
|  16|0x00000000c5400000, 0x00000000c5400000, 0x00000000c5500000|  0%| F|  |TAMS 0x00000000c5400000, 0x00000000c5400000| Untracked 
|  17|0x00000000c5500000, 0x00000000c5500000, 0x00000000c5600000|  0%| F|  |TAMS 0x00000000c5500000, 0x00000000c5500000| Untracked 
|  18|0x00000000c5600000, 0x00000000c5600000, 0x00000000c5700000|  0%| F|  |TAMS 0x00000000c5600000, 0x00000000c5600000| Untracked 
|  19|0x00000000c5700000, 0x00000000c5700000, 0x00000000c5800000|  0%| F|  |TAMS 0x00000000c5700000, 0x00000000c5700000| Untracked 
|  20|0x00000000c5800000, 0x00000000c5800000, 0x00000000c5900000|  0%| F|  |TAMS 0x00000000c5800000, 0x00000000c5800000| Untracked 
|  21|0x00000000c5900000, 0x00000000c5900000, 0x00000000c5a00000|  0%| F|  |TAMS 0x00000000c5900000, 0x00000000c5900000| Untracked 
|  22|0x00000000c5a00000, 0x00000000c5ae2450, 0x00000000c5b00000| 88%| S|CS|TAMS 0x00000000c5a00000, 0x00000000c5a00000| Complete 
|  23|0x00000000c5b00000, 0x00000000c5c00000, 0x00000000c5c00000|100%| S|CS|TAMS 0x00000000c5b00000, 0x00000000c5b00000| Complete 
|  24|0x00000000c5c00000, 0x00000000c5c00000, 0x00000000c5d00000|  0%| F|  |TAMS 0x00000000c5c00000, 0x00000000c5c00000| Untracked 
|  25|0x00000000c5d00000, 0x00000000c5d00000, 0x00000000c5e00000|  0%| F|  |TAMS 0x00000000c5d00000, 0x00000000c5d00000| Untracked 
|  26|0x00000000c5e00000, 0x00000000c5e00000, 0x00000000c5f00000|  0%| F|  |TAMS 0x00000000c5e00000, 0x00000000c5e00000| Untracked 
|  27|0x00000000c5f00000, 0x00000000c5f00000, 0x00000000c6000000|  0%| F|  |TAMS 0x00000000c5f00000, 0x00000000c5f00000| Untracked 
|  28|0x00000000c6000000, 0x00000000c6000000, 0x00000000c6100000|  0%| F|  |TAMS 0x00000000c6000000, 0x00000000c6000000| Untracked 
|  29|0x00000000c6100000, 0x00000000c6100000, 0x00000000c6200000|  0%| F|  |TAMS 0x00000000c6100000, 0x00000000c6100000| Untracked 
|  30|0x00000000c6200000, 0x00000000c6200000, 0x00000000c6300000|  0%| F|  |TAMS 0x00000000c6200000, 0x00000000c6200000| Untracked 
|  31|0x00000000c6300000, 0x00000000c6300000, 0x00000000c6400000|  0%| F|  |TAMS 0x00000000c6300000, 0x00000000c6300000| Untracked 
|  32|0x00000000c6400000, 0x00000000c6400000, 0x00000000c6500000|  0%| F|  |TAMS 0x00000000c6400000, 0x00000000c6400000| Untracked 
|  33|0x00000000c6500000, 0x00000000c6500000, 0x00000000c6600000|  0%| F|  |TAMS 0x00000000c6500000, 0x00000000c6500000| Untracked 
|  34|0x00000000c6600000, 0x00000000c6600000, 0x00000000c6700000|  0%| F|  |TAMS 0x00000000c6600000, 0x00000000c6600000| Untracked 
|  35|0x00000000c6700000, 0x00000000c6700000, 0x00000000c6800000|  0%| F|  |TAMS 0x00000000c6700000, 0x00000000c6700000| Untracked 
|  36|0x00000000c6800000, 0x00000000c6800000, 0x00000000c6900000|  0%| F|  |TAMS 0x00000000c6800000, 0x00000000c6800000| Untracked 
|  37|0x00000000c6900000, 0x00000000c6900000, 0x00000000c6a00000|  0%| F|  |TAMS 0x00000000c6900000, 0x00000000c6900000| Untracked 
|  38|0x00000000c6a00000, 0x00000000c6a00000, 0x00000000c6b00000|  0%| F|  |TAMS 0x00000000c6a00000, 0x00000000c6a00000| Untracked 
|  39|0x00000000c6b00000, 0x00000000c6b00000, 0x00000000c6c00000|  0%| F|  |TAMS 0x00000000c6b00000, 0x00000000c6b00000| Untracked 
|  40|0x00000000c6c00000, 0x00000000c6c00000, 0x00000000c6d00000|  0%| F|  |TAMS 0x00000000c6c00000, 0x00000000c6c00000| Untracked 
|  41|0x00000000c6d00000, 0x00000000c6d00000, 0x00000000c6e00000|  0%| F|  |TAMS 0x00000000c6d00000, 0x00000000c6d00000| Untracked 
|  42|0x00000000c6e00000, 0x00000000c6e00000, 0x00000000c6f00000|  0%| F|  |TAMS 0x00000000c6e00000, 0x00000000c6e00000| Untracked 
|  43|0x00000000c6f00000, 0x00000000c6f00000, 0x00000000c7000000|  0%| F|  |TAMS 0x00000000c6f00000, 0x00000000c6f00000| Untracked 
|  44|0x00000000c7000000, 0x00000000c7000000, 0x00000000c7100000|  0%| F|  |TAMS 0x00000000c7000000, 0x00000000c7000000| Untracked 
|  45|0x00000000c7100000, 0x00000000c7100000, 0x00000000c7200000|  0%| F|  |TAMS 0x00000000c7100000, 0x00000000c7100000| Untracked 
|  46|0x00000000c7200000, 0x00000000c7200000, 0x00000000c7300000|  0%| F|  |TAMS 0x00000000c7200000, 0x00000000c7200000| Untracked 
|  47|0x00000000c7300000, 0x00000000c7300000, 0x00000000c7400000|  0%| F|  |TAMS 0x00000000c7300000, 0x00000000c7300000| Untracked 
|  48|0x00000000c7400000, 0x00000000c7400000, 0x00000000c7500000|  0%| F|  |TAMS 0x00000000c7400000, 0x00000000c7400000| Untracked 
|  49|0x00000000c7500000, 0x00000000c7500000, 0x00000000c7600000|  0%| F|  |TAMS 0x00000000c7500000, 0x00000000c7500000| Untracked 
|  50|0x00000000c7600000, 0x00000000c7600000, 0x00000000c7700000|  0%| F|  |TAMS 0x00000000c7600000, 0x00000000c7600000| Untracked 
|  51|0x00000000c7700000, 0x00000000c7700000, 0x00000000c7800000|  0%| F|  |TAMS 0x00000000c7700000, 0x00000000c7700000| Untracked 
|  52|0x00000000c7800000, 0x00000000c7800000, 0x00000000c7900000|  0%| F|  |TAMS 0x00000000c7800000, 0x00000000c7800000| Untracked 
|  53|0x00000000c7900000, 0x00000000c7900000, 0x00000000c7a00000|  0%| F|  |TAMS 0x00000000c7900000, 0x00000000c7900000| Untracked 
|  54|0x00000000c7a00000, 0x00000000c7a00000, 0x00000000c7b00000|  0%| F|  |TAMS 0x00000000c7a00000, 0x00000000c7a00000| Untracked 
|  55|0x00000000c7b00000, 0x00000000c7b00000, 0x00000000c7c00000|  0%| F|  |TAMS 0x00000000c7b00000, 0x00000000c7b00000| Untracked 
|  56|0x00000000c7c00000, 0x00000000c7c82c60, 0x00000000c7d00000| 51%| E|  |TAMS 0x00000000c7c00000, 0x00000000c7c00000| Complete 
|  57|0x00000000c7d00000, 0x00000000c7e00000, 0x00000000c7e00000|100%| E|CS|TAMS 0x00000000c7d00000, 0x00000000c7d00000| Complete 
|  58|0x00000000c7e00000, 0x00000000c7f00000, 0x00000000c7f00000|100%| E|CS|TAMS 0x00000000c7e00000, 0x00000000c7e00000| Complete 
|  59|0x00000000c7f00000, 0x00000000c8000000, 0x00000000c8000000|100%| E|CS|TAMS 0x00000000c7f00000, 0x00000000c7f00000| Complete 

Card table byte_map: [0x00000291f40f0000,0x00000291f42d0000] _byte_map_base: 0x00000291f3ace000

Marking Bits (Prev, Next): (CMBitMap*) 0x00000291db953fe0, (CMBitMap*) 0x00000291db954020
 Prev Bits: [0x00000291f44b0000, 0x00000291f53a0000)
 Next Bits: [0x00000291f53a0000, 0x00000291f6290000)

Polling page: 0x00000291db9f0000

Metaspace:

Usage:
  Non-class:      8.53 MB used.
      Class:      1.21 MB used.
       Both:      9.74 MB used.

Virtual space:
  Non-class space:       16.00 MB reserved,       8.62 MB ( 54%) committed,  2 nodes.
      Class space:        1.00 GB reserved,       1.31 MB ( <1%) committed,  1 nodes.
             Both:        1.02 GB reserved,       9.94 MB ( <1%) committed. 

Chunk freelists:
   Non-Class:  2.84 MB
       Class:  2.61 MB
        Both:  5.45 MB

MaxMetaspaceSize: unlimited
CompressedClassSpaceSize: 1.00 GB
Initial GC threshold: 21.00 MB
Current GC threshold: 21.00 MB
CDS: on
MetaspaceReclaimPolicy: balanced
 - commit_granule_bytes: 65536.
 - commit_granule_words: 8192.
 - virtual_space_node_default_size: 1048576.
 - enlarge_chunks_in_place: 1.
 - new_chunks_are_fully_committed: 0.
 - uncommit_free_chunks: 1.
 - use_allocation_guard: 0.
 - handle_deallocations: 1.


Internal statistics:

num_allocs_failed_limit: 0.
num_arena_births: 114.
num_arena_deaths: 0.
num_vsnodes_births: 3.
num_vsnodes_deaths: 0.
num_space_committed: 159.
num_space_uncommitted: 0.
num_chunks_returned_to_freelist: 0.
num_chunks_taken_from_freelist: 386.
num_chunk_merges: 0.
num_chunk_splits: 262.
num_chunks_enlarged: 215.
num_purges: 0.
num_inconsistent_stats: 0.

CodeHeap 'non-profiled nmethods': size=120000Kb used=595Kb max_used=595Kb free=119404Kb
 bounds [0x00000291ec3b0000, 0x00000291ec620000, 0x00000291f38e0000]
CodeHeap 'profiled nmethods': size=120000Kb used=3085Kb max_used=3085Kb free=116914Kb
 bounds [0x00000291e4e80000, 0x00000291e5190000, 0x00000291ec3b0000]
CodeHeap 'non-nmethods': size=5760Kb used=1169Kb max_used=1193Kb free=4590Kb
 bounds [0x00000291e48e0000, 0x00000291e4b50000, 0x00000291e4e80000]
 total_blobs=2092 nmethods=1643 adapters=361
 compilation: enabled
              stopped_count=0, restarted_count=0
 full_count=0

Compilation events (20 events):
Event: 2.379 Thread 0x00000291f881c910 nmethod 1586 0x00000291e516b190 code [0x00000291e516b380, 0x00000291e516b748]
Event: 2.379 Thread 0x00000291f881c910 1587       3       jdk.internal.org.objectweb.asm.FieldWriter::computeFieldInfoSize (86 bytes)
Event: 2.379 Thread 0x00000291f881c910 nmethod 1587 0x00000291e516b990 code [0x00000291e516bb60, 0x00000291e516be38]
Event: 2.379 Thread 0x00000291f87ff760 nmethod 1588 0x00000291ec442c90 code [0x00000291ec442e40, 0x00000291ec4431f8]
Event: 2.379 Thread 0x00000291f87ff760 1595       4       java.util.concurrent.ConcurrentHashMap::addCount (280 bytes)
Event: 2.380 Thread 0x00000291f881c910 1599       3       org.springframework.boot.context.properties.source.ConfigurationPropertyName::equals (86 bytes)
Event: 2.381 Thread 0x00000291f881c910 nmethod 1599 0x00000291e516bf90 code [0x00000291e516c200, 0x00000291e516cc38]
Event: 2.381 Thread 0x00000291f87ff760 nmethod 1595 0x00000291ec443410 code [0x00000291ec4435c0, 0x00000291ec443828]
Event: 2.381 Thread 0x00000291f87ff760 1589   !   4       org.springframework.util.ConcurrentReferenceHashMap$Segment::clear (69 bytes)
Event: 2.382 Thread 0x00000291f87ff760 nmethod 1589 0x00000291ec443b10 code [0x00000291ec443c80, 0x00000291ec443d38]
Event: 2.384 Thread 0x00000291f87ff760 1600 %     4       java.io.WinNTFileSystem::normalize @ 22 (143 bytes)
Event: 2.398 Thread 0x00000291f881c910 1602       3       sun.net.www.ParseUtil::firstEncodeIndex (86 bytes)
Event: 2.399 Thread 0x00000291f881c910 nmethod 1602 0x00000291e516cf90 code [0x00000291e516d1e0, 0x00000291e516dba8]
Event: 2.410 Thread 0x00000291f881c910 1604       3       java.lang.ref.Reference::enqueueFromPending (19 bytes)
Event: 2.410 Thread 0x00000291f881c910 nmethod 1604 0x00000291e516df10 code [0x00000291e516e0c0, 0x00000291e516e2e8]
Event: 2.410 Thread 0x00000291f881c910 1605   !   3       java.lang.ref.ReferenceQueue::enqueue (119 bytes)
Event: 2.411 Thread 0x00000291f881c910 nmethod 1605 0x00000291e516e390 code [0x00000291e516e580, 0x00000291e516ec48]
Event: 2.411 Thread 0x00000291f881c910 1606       3       java.lang.ref.ReferenceQueue::reallyPoll (65 bytes)
Event: 2.411 Thread 0x00000291f881c910 nmethod 1606 0x00000291e516ee10 code [0x00000291e516efe0, 0x00000291e516f518]
Event: 2.415 Thread 0x00000291f881c910 1608   !   3       java.util.concurrent.ConcurrentHashMap::replaceNode (437 bytes)

GC Heap History (8 events):
Event: 1.655 GC heap before
{Heap before GC invocations=0 (full 0):
 garbage-first heap   total 61440K, used 13312K [0x00000000c4400000, 0x0000000100000000)
  region size 1024K, 13 young (13312K), 0 survivors (0K)
 Metaspace       used 2604K, committed 2752K, reserved 1056768K
  class space    used 239K, committed 320K, reserved 1048576K
}
Event: 1.661 GC heap after
{Heap after GC invocations=1 (full 0):
 garbage-first heap   total 61440K, used 7017K [0x00000000c4400000, 0x0000000100000000)
  region size 1024K, 2 young (2048K), 2 survivors (2048K)
 Metaspace       used 2604K, committed 2752K, reserved 1056768K
  class space    used 239K, committed 320K, reserved 1048576K
}
Event: 1.887 GC heap before
{Heap before GC invocations=1 (full 0):
 garbage-first heap   total 61440K, used 17257K [0x00000000c4400000, 0x0000000100000000)
  region size 1024K, 13 young (13312K), 2 survivors (2048K)
 Metaspace       used 4631K, committed 4800K, reserved 1056768K
  class space    used 486K, committed 576K, reserved 1048576K
}
Event: 1.891 GC heap after
{Heap after GC invocations=2 (full 0):
 garbage-first heap   total 61440K, used 7775K [0x00000000c4400000, 0x0000000100000000)
  region size 1024K, 1 young (1024K), 1 survivors (1024K)
 Metaspace       used 4631K, committed 4800K, reserved 1056768K
  class space    used 486K, committed 576K, reserved 1048576K
}
Event: 1.897 GC heap before
{Heap before GC invocations=2 (full 0):
 garbage-first heap   total 61440K, used 26207K [0x00000000c4400000, 0x0000000100000000)
  region size 1024K, 20 young (20480K), 1 survivors (1024K)
 Metaspace       used 4631K, committed 4800K, reserved 1056768K
  class space    used 486K, committed 576K, reserved 1048576K
}
Event: 1.898 GC heap after
{Heap after GC invocations=3 (full 0):
 garbage-first heap   total 61440K, used 7855K [0x00000000c4400000, 0x0000000100000000)
  region size 1024K, 1 young (1024K), 1 survivors (1024K)
 Metaspace       used 4631K, committed 4800K, reserved 1056768K
  class space    used 486K, committed 576K, reserved 1048576K
}
Event: 2.407 GC heap before
{Heap before GC invocations=3 (full 0):
 garbage-first heap   total 61440K, used 42671K [0x00000000c4400000, 0x0000000100000000)
  region size 1024K, 36 young (36864K), 1 survivors (1024K)
 Metaspace       used 9240K, committed 9408K, reserved 1064960K
  class space    used 1125K, committed 1216K, reserved 1048576K
}
Event: 2.410 GC heap after
{Heap after GC invocations=4 (full 0):
 garbage-first heap   total 61440K, used 9097K [0x00000000c4400000, 0x0000000100000000)
  region size 1024K, 2 young (2048K), 2 survivors (2048K)
 Metaspace       used 9240K, committed 9408K, reserved 1064960K
  class space    used 1125K, committed 1216K, reserved 1048576K
}

Deoptimization events (20 events):
Event: 2.140 Thread 0x00000291f9e4c160 DEOPT PACKING pc=0x00000291ec419cb4 sp=0x000000b5a1ffc740
Event: 2.140 Thread 0x00000291f9e4c160 DEOPT UNPACKING pc=0x00000291e4935c23 sp=0x000000b5a1ffc6c8 mode 2
Event: 2.140 Thread 0x00000291f9e4c160 Uncommon trap: trap_request=0xffffffde fr.pc=0x00000291ec419cb4 relative=0x0000000000000114
Event: 2.140 Thread 0x00000291f9e4c160 Uncommon trap: reason=class_check action=maybe_recompile pc=0x00000291ec419cb4 method=jdk.internal.misc.Unsafe.allocateUninitializedArray(Ljava/lang/Class;I)Ljava/lang/Object; @ 51 c2
Event: 2.140 Thread 0x00000291f9e4c160 DEOPT PACKING pc=0x00000291ec419cb4 sp=0x000000b5a1ffc530
Event: 2.140 Thread 0x00000291f9e4c160 DEOPT UNPACKING pc=0x00000291e4935c23 sp=0x000000b5a1ffc4b8 mode 2
Event: 2.215 Thread 0x00000291f9e4c160 Uncommon trap: trap_request=0xffffffde fr.pc=0x00000291ec40fdf8 relative=0x0000000000000778
Event: 2.215 Thread 0x00000291f9e4c160 Uncommon trap: reason=class_check action=maybe_recompile pc=0x00000291ec40fdf8 method=java.util.HashMap.putVal(ILjava/lang/Object;Ljava/lang/Object;ZZ)Ljava/lang/Object; @ 91 c2
Event: 2.215 Thread 0x00000291f9e4c160 DEOPT PACKING pc=0x00000291ec40fdf8 sp=0x000000b5a1ffd700
Event: 2.215 Thread 0x00000291f9e4c160 DEOPT UNPACKING pc=0x00000291e4935c23 sp=0x000000b5a1ffd690 mode 2
Event: 2.215 Thread 0x00000291f9e4c160 Uncommon trap: trap_request=0xffffffde fr.pc=0x00000291ec40fdf8 relative=0x0000000000000778
Event: 2.215 Thread 0x00000291f9e4c160 Uncommon trap: reason=class_check action=maybe_recompile pc=0x00000291ec40fdf8 method=java.util.HashMap.putVal(ILjava/lang/Object;Ljava/lang/Object;ZZ)Ljava/lang/Object; @ 91 c2
Event: 2.215 Thread 0x00000291f9e4c160 DEOPT PACKING pc=0x00000291ec40fdf8 sp=0x000000b5a1ffd700
Event: 2.215 Thread 0x00000291f9e4c160 DEOPT UNPACKING pc=0x00000291e4935c23 sp=0x000000b5a1ffd690 mode 2
Event: 2.392 Thread 0x00000291fa24c6a0 Uncommon trap: trap_request=0xffffff45 fr.pc=0x00000291ec40ede8 relative=0x00000000000000c8
Event: 2.392 Thread 0x00000291fa24c6a0 Uncommon trap: reason=unstable_if action=reinterpret pc=0x00000291ec40ede8 method=sun.net.www.ParseUtil.firstEncodeIndex(Ljava/lang/String;)I @ 51 c2
Event: 2.392 Thread 0x00000291fa24c6a0 DEOPT PACKING pc=0x00000291ec40ede8 sp=0x000000b5a20fcfd0
Event: 2.392 Thread 0x00000291fa24c6a0 DEOPT UNPACKING pc=0x00000291e4935c23 sp=0x000000b5a20fcf48 mode 2
Event: 2.412 Thread 0x00000291fa24c6a0 DEOPT PACKING pc=0x00000291e516dab8 sp=0x000000b5a20f7ad0
Event: 2.412 Thread 0x00000291fa24c6a0 DEOPT UNPACKING pc=0x00000291e4936763 sp=0x000000b5a20f6fe8 mode 0

Classes unloaded (0 events):
No events

Classes redefined (0 events):
No events

Internal exceptions (20 events):
Event: 2.119 Thread 0x00000291f9e4c160 Exception <a 'java/lang/NoSuchMethodError'{0x00000000c68601f8}: 'java.lang.Object java.lang.invoke.DirectMethodHandle$Holder.invokeInterface(java.lang.Object, java.lang.Object, java.lang.Object)'> (0x00000000c68601f8) 
thrown [t:\workspace\open\src\hotspot\share\interpreter\linkResolver.cpp, line 766]
Event: 2.119 Thread 0x00000291f9e4c160 Exception <a 'java/lang/IncompatibleClassChangeError'{0x00000000c68638c0}: Found class java.lang.Object, but interface was expected> (0x00000000c68638c0) 
thrown [t:\workspace\open\src\hotspot\share\interpreter\linkResolver.cpp, line 833]
Event: 2.139 Thread 0x00000291f9e4c160 Exception <a 'java/lang/NoSuchMethodError'{0x00000000c6774c28}: 'int java.lang.invoke.DirectMethodHandle$Holder.invokeSpecial(java.lang.Object, java.lang.Object, java.lang.Object, java.lang.Object)'> (0x00000000c6774c28) 
thrown [t:\workspace\open\src\hotspot\share\interpreter\linkResolver.cpp, line 766]
Event: 2.178 Thread 0x00000291f9e4c160 Exception <a 'java/lang/NoSuchMethodError'{0x00000000c6501dc8}: 'java.lang.Object java.lang.invoke.DirectMethodHandle$Holder.newInvokeSpecial(java.lang.Object, java.lang.Object, java.lang.Object, java.lang.Object, java.lang.Object, java.lang.Object)'> (0x00000000c6501dc8) 
thrown [t:\workspace\open\src\hotspot\share\interpreter\linkResolver.cpp, line 766]
Event: 2.191 Thread 0x00000291f9e4c160 Exception <a 'java/lang/NoSuchMethodError'{0x00000000c65a2208}: 'java.lang.Object java.lang.invoke.DirectMethodHandle$Holder.invokeSpecial(java.lang.Object, java.lang.Object, java.lang.Object, java.lang.Object, java.lang.Object, java.lang.Object, int)'> (0x00000000c65a2208) 
thrown [t:\workspace\open\src\hotspot\share\interpreter\linkResolver.cpp, line 766]
Event: 2.192 Thread 0x00000291f9e4c160 Exception <a 'java/lang/NoSuchMethodError'{0x00000000c65ac768}: 'java.lang.Object java.lang.invoke.DirectMethodHandle$Holder.newInvokeSpecial(java.lang.Object, java.lang.Object, java.lang.Object, java.lang.Object, java.lang.Object, java.lang.Object, int)'> (0x00000000c65ac768) 
thrown [t:\workspace\open\src\hotspot\share\interpreter\linkResolver.cpp, line 766]
Event: 2.192 Thread 0x00000291f9e4c160 Exception <a 'java/lang/NoSuchMethodError'{0x00000000c65b17a8}: 'java.lang.Object java.lang.invoke.DirectMethodHandle$Holder.invokeSpecial(java.lang.Object, java.lang.Object, java.lang.Object, java.lang.Object, java.lang.Object, java.lang.Object, java.lang.Object, int)'> (0x00000000c65b17a8) 
thrown [t:\workspace\open\src\hotspot\share\interpreter\linkResolver.cpp, line 766]
Event: 2.216 Thread 0x00000291f9e4c160 Exception <a 'java/lang/NoSuchMethodError'{0x00000000c64d2bf8}: 'int java.lang.invoke.DirectMethodHandle$Holder.invokeInterface(java.lang.Object, java.lang.Object)'> (0x00000000c64d2bf8) 
thrown [t:\workspace\open\src\hotspot\share\interpreter\linkResolver.cpp, line 766]
Event: 2.238 Thread 0x00000291f9e4c160 Exception <a 'java/lang/NoSuchMethodError'{0x00000000c63c6500}: 'java.lang.Object java.lang.invoke.DirectMethodHandle$Holder.invokeSpecial(java.lang.Object, java.lang.Object, java.lang.Object, int, java.lang.Object)'> (0x00000000c63c6500) 
thrown [t:\workspace\open\src\hotspot\share\interpreter\linkResolver.cpp, line 766]
Event: 2.239 Thread 0x00000291f9e4c160 Exception <a 'java/lang/NoSuchMethodError'{0x00000000c63ceb68}: 'java.lang.Object java.lang.invoke.DirectMethodHandle$Holder.newInvokeSpecial(java.lang.Object, java.lang.Object, java.lang.Object, int, java.lang.Object)'> (0x00000000c63ceb68) 
thrown [t:\workspace\open\src\hotspot\share\interpreter\linkResolver.cpp, line 766]
Event: 2.239 Thread 0x00000291f9e4c160 Exception <a 'java/lang/NoSuchMethodError'{0x00000000c63d6538}: 'java.lang.Object java.lang.invoke.Invokers$Holder.linkToTargetMethod(java.lang.Object, java.lang.Object, int, java.lang.Object, java.lang.Object)'> (0x00000000c63d6538) 
thrown [t:\workspace\open\src\hotspot\share\interpreter\linkResolver.cpp, line 766]
Event: 2.240 Thread 0x00000291f9e4c160 Exception <a 'java/lang/NoSuchMethodError'{0x00000000c63e5e00}: 'java.lang.Object java.lang.invoke.DirectMethodHandle$Holder.newInvokeSpecial(java.lang.Object, int, java.lang.Object)'> (0x00000000c63e5e00) 
thrown [t:\workspace\open\src\hotspot\share\interpreter\linkResolver.cpp, line 766]
Event: 2.241 Thread 0x00000291f9e4c160 Exception <a 'java/lang/NoSuchMethodError'{0x00000000c63eaae0}: 'int java.lang.invoke.DirectMethodHandle$Holder.invokeSpecialIFC(java.lang.Object, java.lang.Object, java.lang.Object, java.lang.Object)'> (0x00000000c63eaae0) 
thrown [t:\workspace\open\src\hotspot\share\interpreter\linkResolver.cpp, line 766]
Event: 2.253 Thread 0x00000291f9e4c160 Exception <a 'java/lang/NoSuchMethodError'{0x00000000c62a79b8}: 'java.lang.Object java.lang.invoke.DirectMethodHandle$Holder.invokeInterface(java.lang.Object, java.lang.Object)'> (0x00000000c62a79b8) 
thrown [t:\workspace\open\src\hotspot\share\interpreter\linkResolver.cpp, line 766]
Event: 2.255 Thread 0x00000291f9e4c160 Exception <a 'java/lang/NoSuchMethodError'{0x00000000c62f2c70}: 'void java.lang.invoke.DirectMethodHandle$Holder.invokeInterface(java.lang.Object, java.lang.Object, java.lang.Object)'> (0x00000000c62f2c70) 
thrown [t:\workspace\open\src\hotspot\share\interpreter\linkResolver.cpp, line 766]
Event: 2.267 Thread 0x00000291f9e4c160 Exception <a 'java/lang/NoSuchMethodError'{0x00000000c61866b0}: 'void java.lang.invoke.DirectMethodHandle$Holder.invokeStaticInit(java.lang.Object, java.lang.Object)'> (0x00000000c61866b0) 
thrown [t:\workspace\open\src\hotspot\share\interpreter\linkResolver.cpp, line 766]
Event: 2.269 Thread 0x00000291f9e4c160 Exception <a 'java/lang/NoSuchMethodError'{0x00000000c61934f8}: 'void java.lang.invoke.DirectMethodHandle$Holder.invokeStaticInit(java.lang.Object, java.lang.Object, java.lang.Object)'> (0x00000000c61934f8) 
thrown [t:\workspace\open\src\hotspot\share\interpreter\linkResolver.cpp, line 766]
Event: 2.335 Thread 0x00000291f9e4c160 Exception <a 'java/lang/NoSuchMethodError'{0x00000000c601a860}: 'void java.lang.invoke.DirectMethodHandle$Holder.invokeVirtual(java.lang.Object, java.lang.Object, java.lang.Object, java.lang.Object)'> (0x00000000c601a860) 
thrown [t:\workspace\open\src\hotspot\share\interpreter\linkResolver.cpp, line 766]
Event: 2.362 Thread 0x00000291f9e4c160 Exception <a 'java/lang/NoSuchMethodError'{0x00000000c5f447b8}: 'void java.lang.invoke.DirectMethodHandle$Holder.invokeSpecial(java.lang.Object, java.lang.Object, java.lang.Object)'> (0x00000000c5f447b8) 
thrown [t:\workspace\open\src\hotspot\share\interpreter\linkResolver.cpp, line 766]
Event: 2.362 Thread 0x00000291f9e4c160 Exception <a 'java/lang/NoSuchMethodError'{0x00000000c5f4ae58}: 'void java.lang.invoke.DirectMethodHandle$Holder.invokeSpecial(java.lang.Object, java.lang.Object, java.lang.Object, java.lang.Object, java.lang.Object)'> (0x00000000c5f4ae58) 
thrown [t:\workspace\open\src\hotspot\share\interpreter\linkResolver.cpp, line 766]

VM Operations (20 events):
Event: 1.365 Executing VM operation: HandshakeAllThreads
Event: 1.365 Executing VM operation: HandshakeAllThreads done
Event: 1.365 Executing VM operation: Cleanup
Event: 1.365 Executing VM operation: Cleanup done
Event: 1.655 Executing VM operation: G1CollectForAllocation
Event: 1.661 Executing VM operation: G1CollectForAllocation done
Event: 1.683 Executing VM operation: HandshakeAllThreads
Event: 1.683 Executing VM operation: HandshakeAllThreads done
Event: 1.887 Executing VM operation: G1CollectForAllocation
Event: 1.891 Executing VM operation: G1CollectForAllocation done
Event: 1.897 Executing VM operation: G1CollectForAllocation
Event: 1.898 Executing VM operation: G1CollectForAllocation done
Event: 2.043 Executing VM operation: HandshakeAllThreads
Event: 2.043 Executing VM operation: HandshakeAllThreads done
Event: 2.226 Executing VM operation: HandshakeAllThreads
Event: 2.226 Executing VM operation: HandshakeAllThreads done
Event: 2.407 Executing VM operation: G1CollectForAllocation
Event: 2.407 Executing VM operation: G1CollectForAllocation done
Event: 2.407 Executing VM operation: G1CollectForAllocation
Event: 2.410 Executing VM operation: G1CollectForAllocation done

Events (20 events):
Event: 2.381 loading class java/io/Console
Event: 2.381 loading class java/io/Console done
Event: 2.381 loading class sun/nio/cs/IBM737
Event: 2.382 loading class sun/nio/cs/IBM737 done
Event: 2.382 loading class java/io/Console$2
Event: 2.382 loading class jdk/internal/access/JavaIOAccess
Event: 2.382 loading class jdk/internal/access/JavaIOAccess done
Event: 2.382 loading class java/io/Console$2 done
Event: 2.387 loading class java/lang/AssertionError
Event: 2.387 loading class java/lang/AssertionError done
Event: 2.398 loading class javax/xml/stream/XMLStreamException
Event: 2.398 loading class javax/xml/stream/XMLStreamException done
Event: 2.398 loading class java/util/regex/PatternSyntaxException
Event: 2.398 loading class java/util/regex/PatternSyntaxException done
Event: 2.406 loading class java/util/concurrent/locks/ReadWriteLock
Event: 2.406 loading class java/util/concurrent/locks/ReadWriteLock done
Event: 2.412 loading class java/io/NotSerializableException
Event: 2.412 loading class java/io/ObjectStreamException
Event: 2.412 loading class java/io/ObjectStreamException done
Event: 2.412 loading class java/io/NotSerializableException done


Dynamic libraries:
0x00007ff7d5870000 - 0x00007ff7d587e000 	C:\Users\kostas\.jdks\openjdk-17.0.1\bin\java.exe
0x00007ffdb9860000 - 0x00007ffdb9a69000 	C:\WINDOWS\SYSTEM32\ntdll.dll
0x00007ffdb7710000 - 0x00007ffdb77cd000 	C:\WINDOWS\System32\KERNEL32.DLL
0x00007ffdb7170000 - 0x00007ffdb74e4000 	C:\WINDOWS\System32\KERNELBASE.dll
0x00007ffdb6df0000 - 0x00007ffdb6f01000 	C:\WINDOWS\System32\ucrtbase.dll
0x00007ffdb2200000 - 0x00007ffdb2218000 	C:\Users\kostas\.jdks\openjdk-17.0.1\bin\jli.dll
0x00007ffdb9290000 - 0x00007ffdb943c000 	C:\WINDOWS\System32\USER32.dll
0x00007ffdb6d50000 - 0x00007ffdb6d76000 	C:\WINDOWS\System32\win32u.dll
0x00007ffdb8b60000 - 0x00007ffdb8b89000 	C:\WINDOWS\System32\GDI32.dll
0x00007ffdb6f10000 - 0x00007ffdb7022000 	C:\WINDOWS\System32\gdi32full.dll
0x00007ffdb7660000 - 0x00007ffdb76fd000 	C:\WINDOWS\System32\msvcp_win.dll
0x00007ffda6ca0000 - 0x00007ffda6cba000 	C:\Users\kostas\.jdks\openjdk-17.0.1\bin\VCRUNTIME140.dll
0x00007ffda20d0000 - 0x00007ffda2375000 	C:\WINDOWS\WinSxS\amd64_microsoft.windows.common-controls_6595b64144ccf1df_6.0.22000.120_none_9d947278b86cc467\COMCTL32.dll
0x00007ffdb8f20000 - 0x00007ffdb8fc3000 	C:\WINDOWS\System32\msvcrt.dll
0x00007ffdb9440000 - 0x00007ffdb9471000 	C:\WINDOWS\System32\IMM32.DLL
0x00007ffdb3410000 - 0x00007ffdb341c000 	C:\Users\kostas\.jdks\openjdk-17.0.1\bin\vcruntime140_1.dll
0x00007ffda4030000 - 0x00007ffda40bd000 	C:\Users\kostas\.jdks\openjdk-17.0.1\bin\msvcp140.dll
0x00007ffd6d300000 - 0x00007ffd6debe000 	C:\Users\kostas\.jdks\openjdk-17.0.1\bin\server\jvm.dll
0x00007ffdb9130000 - 0x00007ffdb91de000 	C:\WINDOWS\System32\ADVAPI32.dll
0x00007ffdb7900000 - 0x00007ffdb799e000 	C:\WINDOWS\System32\sechost.dll
0x00007ffdb8a40000 - 0x00007ffdb8b60000 	C:\WINDOWS\System32\RPCRT4.dll
0x00007ffdb78f0000 - 0x00007ffdb78f8000 	C:\WINDOWS\System32\PSAPI.DLL
0x00007ffd98440000 - 0x00007ffd98449000 	C:\WINDOWS\SYSTEM32\WSOCK32.dll
0x00007ffdb8eb0000 - 0x00007ffdb8f1f000 	C:\WINDOWS\System32\WS2_32.dll
0x00007ffda6a40000 - 0x00007ffda6a73000 	C:\WINDOWS\SYSTEM32\WINMM.dll
0x00007ffda5cc0000 - 0x00007ffda5cca000 	C:\WINDOWS\SYSTEM32\VERSION.dll
0x00007ffdb5f40000 - 0x00007ffdb5f58000 	C:\WINDOWS\SYSTEM32\kernel.appcore.dll
0x00007ffdb21f0000 - 0x00007ffdb21fa000 	C:\Users\kostas\.jdks\openjdk-17.0.1\bin\jimage.dll
0x00007ffdb4860000 - 0x00007ffdb4a81000 	C:\WINDOWS\SYSTEM32\DBGHELP.DLL
0x00007ffd8e7b0000 - 0x00007ffd8e7e1000 	C:\WINDOWS\SYSTEM32\dbgcore.DLL
0x00007ffdb70f0000 - 0x00007ffdb716f000 	C:\WINDOWS\System32\bcryptPrimitives.dll
0x00007ffda6b00000 - 0x00007ffda6b0e000 	C:\Users\kostas\.jdks\openjdk-17.0.1\bin\instrument.dll
0x00007ffda4980000 - 0x00007ffda49a5000 	C:\Users\kostas\.jdks\openjdk-17.0.1\bin\java.dll
0x00007ffd97af0000 - 0x00007ffd97bc6000 	C:\Users\kostas\.jdks\openjdk-17.0.1\bin\svml.dll
0x00007ffdb7d20000 - 0x00007ffdb84ce000 	C:\WINDOWS\System32\SHELL32.dll
0x00007ffdb4ed0000 - 0x00007ffdb5738000 	C:\WINDOWS\SYSTEM32\windows.storage.dll
0x00007ffdb79a0000 - 0x00007ffdb7d18000 	C:\WINDOWS\System32\combase.dll
0x00007ffdb4d60000 - 0x00007ffdb4ec6000 	C:\WINDOWS\SYSTEM32\wintypes.dll
0x00007ffdb84d0000 - 0x00007ffdb85ba000 	C:\WINDOWS\System32\SHCORE.dll
0x00007ffdb97c0000 - 0x00007ffdb981d000 	C:\WINDOWS\System32\shlwapi.dll
0x00007ffdb6c80000 - 0x00007ffdb6ca1000 	C:\WINDOWS\SYSTEM32\profapi.dll
0x00007ffda3b10000 - 0x00007ffda3b28000 	C:\Users\kostas\.jdks\openjdk-17.0.1\bin\zip.dll
0x00007ffda6ae0000 - 0x00007ffda6af9000 	C:\Users\kostas\.jdks\openjdk-17.0.1\bin\net.dll
0x00007ffda6d90000 - 0x00007ffda6e9c000 	C:\WINDOWS\SYSTEM32\WINHTTP.dll
0x00007ffdb6370000 - 0x00007ffdb63d7000 	C:\WINDOWS\system32\mswsock.dll
0x00007ffda4410000 - 0x00007ffda4425000 	C:\Users\kostas\.jdks\openjdk-17.0.1\bin\nio.dll
0x00007ffda4cf0000 - 0x00007ffda4d0a000 	C:\Program Files\JetBrains\IntelliJ IDEA Community Edition 2021.3\bin\breakgen64.dll
0x00007ffda5970000 - 0x00007ffda5980000 	C:\Users\kostas\.jdks\openjdk-17.0.1\bin\verify.dll
0x00007ffda4d50000 - 0x00007ffda4d59000 	C:\Users\kostas\.jdks\openjdk-17.0.1\bin\management.dll
0x00007ffda4970000 - 0x00007ffda497b000 	C:\Users\kostas\.jdks\openjdk-17.0.1\bin\management_ext.dll
0x00007ffd923a0000 - 0x00007ffd923b7000 	C:\WINDOWS\system32\napinsp.dll
0x00007ffd92380000 - 0x00007ffd9239b000 	C:\WINDOWS\system32\pnrpnsp.dll
0x00007ffdb5bc0000 - 0x00007ffdb5ca7000 	C:\WINDOWS\SYSTEM32\DNSAPI.dll
0x00007ffdb5b00000 - 0x00007ffdb5b2d000 	C:\WINDOWS\SYSTEM32\IPHLPAPI.DLL
0x00007ffdb8ea0000 - 0x00007ffdb8ea9000 	C:\WINDOWS\System32\NSI.dll
0x00007ffd92360000 - 0x00007ffd92372000 	C:\WINDOWS\System32\winrnr.dll
0x00007ffd88ae0000 - 0x00007ffd88af5000 	C:\WINDOWS\system32\wshbth.dll
0x00007ffd88ac0000 - 0x00007ffd88adf000 	C:\WINDOWS\system32\nlansp_c.dll
0x00007ffda5400000 - 0x00007ffda540a000 	C:\Windows\System32\rasadhlp.dll
0x00007ffda5a00000 - 0x00007ffda5a81000 	C:\WINDOWS\System32\fwpuclnt.dll

dbghelp: loaded successfully - version: 4.0.5 - missing functions: none
symbol engine: initialized successfully - sym options: 0x614 - pdb path: .;C:\Users\kostas\.jdks\openjdk-17.0.1\bin;C:\WINDOWS\SYSTEM32;C:\WINDOWS\WinSxS\amd64_microsoft.windows.common-controls_6595b64144ccf1df_6.0.22000.120_none_9d947278b86cc467;C:\Users\kostas\.jdks\openjdk-17.0.1\bin\server;C:\Program Files\JetBrains\IntelliJ IDEA Community Edition 2021.3\bin

VM Arguments:
jvm_args: -javaagent:C:\Program Files\JetBrains\IntelliJ IDEA Community Edition 2021.3\lib\idea_rt.jar=60761:C:\Program Files\JetBrains\IntelliJ IDEA Community Edition 2021.3\bin -Dfile.encoding=UTF-8 
java_command: CoursesManagementApp.com.uoi.SoftwareEngineering.Application
java_class_path (initial): C:\Users\kostas\.jdks\.openjdk-17.0.1.intellij;C:\Users\kostas\Desktop\zarras\com.uoi.Software-Engineering\target\classes;C:\Users\kostas\.m2\repository\org\springframework\boot\spring-boot-starter-web\2.6.3\spring-boot-starter-web-2.6.3.jar;C:\Users\kostas\.m2\repository\org\springframework\boot\spring-boot-starter\2.6.3\spring-boot-starter-2.6.3.jar;C:\Users\kostas\.m2\repository\org\springframework\boot\spring-boot-starter-logging\2.6.3\spring-boot-starter-logging-2.6.3.jar;C:\Users\kostas\.m2\repository\ch\qos\logback\logback-classic\1.2.10\logback-classic-1.2.10.jar;C:\Users\kostas\.m2\repository\ch\qos\logback\logback-core\1.2.10\logback-core-1.2.10.jar;C:\Users\kostas\.m2\repository\org\apache\logging\log4j\log4j-to-slf4j\2.17.1\log4j-to-slf4j-2.17.1.jar;C:\Users\kostas\.m2\repository\org\apache\logging\log4j\log4j-api\2.17.1\log4j-api-2.17.1.jar;C:\Users\kostas\.m2\repository\org\slf4j\jul-to-slf4j\1.7.33\jul-to-slf4j-1.7.33.jar;C:\Users\kostas\.m2\repository\jakarta\annotation\jakarta.annotation-api\1.3.5\jakarta.annotation-api-1.3.5.jar;C:\Users\kostas\.m2\repository\org\yaml\snakeyaml\1.29\snakeyaml-1.29.jar;C:\Users\kostas\.m2\repository\org\springframework\boot\spring-boot-starter-json\2.6.3\spring-boot-starter-json-2.6.3.jar;C:\Users\kostas\.m2\repository\com\fasterxml\jackson\core\jackson-databind\2.13.1\jackson-databind-2.13.1.jar;C:\Users\kostas\.m2\repository\com\fasterxml\jackson\core\jackson-annotations\2.13.1\jackson-annotations-2.13.1.jar;C:\Users\kostas\.m2\repository\com\fasterxml\jackson\datatype\jackson-datatype-jdk8\2.13.1\jackson-datatype-jdk8-2.13.1.jar;C:\Users\kostas\.m2\repository\com\fasterxml\jackson\datatype\jackson-datatype-jsr310\2.13.1\jackson-datatype-jsr310-2.13.1.jar;C:\Users\kostas\.m2\repository\com\fasterxml\jackson\module\jackson-module-parameter-names\2.13.1\jackson-module-parameter-names-2.13.1.jar;C:\Users\kostas\.m2\repository\org\springframework\boot\spring-boot-starter-tomcat\2.6.3\sprin
Launcher Type: SUN_STANDARD

[Global flags]
     intx CICompilerCount                          = 3                                         {product} {ergonomic}
     uint ConcGCThreads                            = 1                                         {product} {ergonomic}
     uint G1ConcRefinementThreads                  = 4                                         {product} {ergonomic}
   size_t G1HeapRegionSize                         = 1048576                                   {product} {ergonomic}
    uintx GCDrainStackTargetSize                   = 64                                        {product} {ergonomic}
   size_t InitialHeapSize                          = 62914560                                  {product} {ergonomic}
   size_t MarkStackSize                            = 4194304                                   {product} {ergonomic}
   size_t MaxHeapSize                              = 1002438656                                {product} {ergonomic}
   size_t MaxNewSize                               = 600834048                                 {product} {ergonomic}
   size_t MinHeapDeltaBytes                        = 1048576                                   {product} {ergonomic}
   size_t MinHeapSize                              = 8388608                                   {product} {ergonomic}
    uintx NonNMethodCodeHeapSize                   = 5832780                                {pd product} {ergonomic}
    uintx NonProfiledCodeHeapSize                  = 122912730                              {pd product} {ergonomic}
    uintx ProfiledCodeHeapSize                     = 122912730                              {pd product} {ergonomic}
    uintx ReservedCodeCacheSize                    = 251658240                              {pd product} {ergonomic}
     bool SegmentedCodeCache                       = true                                      {product} {ergonomic}
   size_t SoftMaxHeapSize                          = 1002438656                             {manageable} {ergonomic}
     bool UseCompressedClassPointers               = true                           {product lp64_product} {ergonomic}
     bool UseCompressedOops                        = true                           {product lp64_product} {ergonomic}
     bool UseG1GC                                  = true                                      {product} {ergonomic}
     bool UseLargePagesIndividualAllocation        = false                                  {pd product} {ergonomic}

Logging:
Log output configuration:
 #0: stdout all=warning uptime,level,tags
 #1: stderr all=off uptime,level,tags

Environment Variables:
PATH=C:\Program Files\Eclipse Foundation\jdk-16.0.2.7-hotspot\bin;C:\WINDOWS\system32;C:\WINDOWS;C:\WINDOWS\System32\Wbem;C:\WINDOWS\System32\WindowsPowerShell\v1.0\;C:\WINDOWS\System32\OpenSSH\;C:\Program Files\PuTTY\;C:\Program Files\Microsoft SQL Server\Client SDK\ODBC\170\Tools\Binn\;C:\Program Files (x86)\Microsoft SQL Server\150\Tools\Binn\;C:\Program Files\Microsoft SQL Server\150\Tools\Binn\;C:\Program Files\Microsoft SQL Server\150\DTS\Binn\;C:\flutter\flutter\bin;C:\Program Files\Git\cmd;C:\Program Files\dotnet\;C:\Users\kostas\Desktop\Machine learning\Scripts\;C:\Users\kostas\Desktop\Machine learning\;C:\Program Files\MySQL\MySQL Shell 8.0\bin\;C:\Users\kostas\AppData\Local\Programs\Python\Python39\Scripts\;C:\Users\kostas\AppData\Local\Programs\Python\Python39\;C:\Users\kostas\AppData\Local\Programs\Python\Python310\Scripts\;C:\Users\kostas\AppData\Local\Programs\Python\Python310\;C:\Users\kostas\Desktop\Sql\bin\;C:\Users\kostas\AppData\Local\Microsoft\WindowsApps;C:\Users\kostas\AppData\Local\JetBrains\PyCharm Community Edition 2021.1.1\bin;;C:\Program Files\JetBrains\IntelliJ IDEA 2021.1.2\bin;;C:\Users\kostas\AppData\Local\GitHubDesktop\bin;C:\Users\kostas\AppData\Local\Programs\Microsoft VS Code\bin;C:\altera\13.0sp1\modelsim_ase\win32aloem;C:\Program Files\Azure Data Studio\bin;C:\Program Files\JetBrains\IntelliJ IDEA Community Edition 2021.3\bin;;C:\MinGW\bin;C:\Users\kostas\Desktop\Τεχνολογία Λογισμικού\apache-maven-3.8.4\bin;
USERNAME=kostas
OS=Windows_NT
PROCESSOR_IDENTIFIER=Intel64 Family 6 Model 140 Stepping 1, GenuineIntel



---------------  S Y S T E M  ---------------

OS:
 Windows 10 , 64 bit Build 22000 (10.0.22000.434)
OS uptime: 1 days 23:33 hours

CPU: total 4 (initial active 4) (2 cores per cpu, 2 threads per core) family 6 model 140 stepping 1 microcode 0x86, cx8, cmov, fxsr, ht, mmx, 3dnowpref, sse, sse2, sse3, ssse3, sse4.1, sse4.2, popcnt, lzcnt, tsc, tscinvbit, avx, avx2, aes, erms, clmul, bmi1, bmi2, adx, avx512f, avx512dq, avx512cd, avx512bw, avx512vl, sha, fma, vzeroupper, avx512_vpopcntdq, avx512_vpclmulqdq, avx512_vaes, avx512_vnni, clflush, clflushopt, clwb, avx512_vbmi2, avx512_vbmi

Memory: 4k page, system-wide physical 3818M (142M free)
TotalPageFile size 15594M (AvailPageFile size 1M)
current process WorkingSet (physical memory assigned to process): 105M, peak: 105M
current process commit charge ("private bytes"): 155M, peak: 155M

vm_info: OpenJDK 64-Bit Server VM (17.0.1+12-39) for windows-amd64 JRE (17.0.1+12-39), built on Sep 27 2021 18:39:29 by "mach5one" with MS VC++ 16.8 (VS2019)

END.
