#
# There is insufficient memory for the Java Runtime Environment to continue.
# Native memory allocation (mmap) failed to map 62914560 bytes for G1 virtual space
# Possible reasons:
#   The system is out of physical RAM or swap space
#   The process is running with CompressedOops enabled, and the Java Heap may be blocking the growth of the native heap
# Possible solutions:
#   Reduce memory load on the system
#   Increase physical memory or swap space
#   Check if swap backing store is full
#   Decrease Java heap size (-Xmx/-Xms)
#   Decrease number of Java threads
#   Decrease Java thread stack sizes (-Xss)
#   Set larger code cache with -XX:ReservedCodeCacheSize=
#   JVM is running with Unscaled Compressed Oops mode in which the Java heap is
#     placed in the first 4GB address space. The Java Heap base address is the
#     maximum limit for the native heap growth. Please use -XX:HeapBaseMinAddress
#     to set the Java Heap base and to place the Java Heap above 4GB virtual address.
# This output file may be truncated or incomplete.
#
#  Out of Memory Error (os_windows.cpp:3469), pid=13360, tid=10516
#
# JRE version:  (17.0.1+12) (build )
# Java VM: OpenJDK 64-Bit Server VM (17.0.1+12-39, mixed mode, sharing, tiered, compressed oops, compressed class ptrs, g1 gc, windows-amd64)
# No core dump will be written. Minidumps are not enabled by default on client versions of Windows
#

---------------  S U M M A R Y ------------

Command Line: -javaagent:C:\Program Files\JetBrains\IntelliJ IDEA Community Edition 2021.3\lib\idea_rt.jar=63355:C:\Program Files\JetBrains\IntelliJ IDEA Community Edition 2021.3\bin -Dfile.encoding=UTF-8 CoursesManagementApp.com.uoi.SoftwareEngineering.Application

Host: 11th Gen Intel(R) Core(TM) i3-1115G4 @ 3.00GHz, 4 cores, 3G,  Windows 10 , 64 bit Build 22000 (10.0.22000.434)
Time: Tue Apr 12 20:59:42 2022  Windows 10 , 64 bit Build 22000 (10.0.22000.434) elapsed time: 0.116400 seconds (0d 0h 0m 0s)

---------------  T H R E A D  ---------------

Current thread (0x000002ac008b7b90):  JavaThread "Unknown thread" [_thread_in_vm, id=10516, stack(0x000000e079000000,0x000000e079100000)]

Stack: [0x000000e079000000,0x000000e079100000]
Native frames: (J=compiled Java code, j=interpreted, Vv=VM code, C=native code)
V  [jvm.dll+0x66fa1a]
V  [jvm.dll+0x7ce5a4]
V  [jvm.dll+0x7cfd4e]
V  [jvm.dll+0x7d03b3]
V  [jvm.dll+0x242b05]
V  [jvm.dll+0x66ca39]
V  [jvm.dll+0x661502]
V  [jvm.dll+0x30081b]
V  [jvm.dll+0x307da6]
V  [jvm.dll+0x357a1e]
V  [jvm.dll+0x357c4f]
V  [jvm.dll+0x2d7ad8]
V  [jvm.dll+0x2d8a44]
V  [jvm.dll+0x7a01e1]
V  [jvm.dll+0x365791]
V  [jvm.dll+0x77f6cc]
V  [jvm.dll+0x3e812f]
V  [jvm.dll+0x3e9bd1]
C  [jli.dll+0x527b]
C  [ucrtbase.dll+0x26c0c]
C  [KERNEL32.DLL+0x154e0]
C  [ntdll.dll+0x485b]


---------------  P R O C E S S  ---------------

Threads class SMR info:
_java_thread_list=0x00007ffd6dd97818, length=0, elements={
}

Java Threads: ( => current thread )

Other Threads:
  0x000002ac008e1ea0 GCTaskThread "GC Thread#0" [stack: 0x000000e079100000,0x000000e079200000] [id=9036]
  0x000002ac008ea560 ConcurrentGCThread "G1 Main Marker" [stack: 0x000000e079200000,0x000000e079300000] [id=12752]
  0x000002ac008ebf80 ConcurrentGCThread "G1 Conc#0" [stack: 0x000000e079300000,0x000000e079400000] [id=13608]

[error occurred during error reporting (printing all threads), id 0xc0000005, EXCEPTION_ACCESS_VIOLATION (0xc0000005) at pc=0x00007ffd6d5e84b7]

VM state: not at safepoint (not fully initialized)

VM Mutex/Monitor currently owned by a thread:  ([mutex/lock_event])
[0x000002ac008b0a40] Heap_lock - owner thread: 0x000002ac008b7b90

Heap address: 0x00000000c4400000, size: 956 MB, Compressed Oops mode: 32-bit

CDS archive(s) mapped at: [0x0000000000000000-0x0000000000000000-0x0000000000000000), size 0, SharedBaseAddress: 0x0000000800000000, ArchiveRelocationMode: 0.
Narrow klass base: 0x0000000000000000, Narrow klass shift: 0, Narrow klass range: 0x0

GC Precious Log:
<Empty>

Heap:
 garbage-first heap   total 0K, used 0K [0x00000000c4400000, 0x0000000100000000)
  region size 1024K, 0 young (0K), 0 survivors (0K)

[error occurred during error reporting (printing heap information), id 0xc0000005, EXCEPTION_ACCESS_VIOLATION (0xc0000005) at pc=0x00007ffd6d9c8d89]

GC Heap History (0 events):
No events

Deoptimization events (0 events):
No events

Classes unloaded (0 events):
No events

Classes redefined (0 events):
No events

Internal exceptions (0 events):
No events

VM Operations (0 events):
No events

Events (1 events):
Event: 0.089 Loaded shared library C:\Users\kostas\.jdks\openjdk-17.0.1\bin\java.dll


Dynamic libraries:
0x00007ff7d5870000 - 0x00007ff7d587e000 	C:\Users\kostas\.jdks\openjdk-17.0.1\bin\java.exe
0x00007ffdb9860000 - 0x00007ffdb9a69000 	C:\WINDOWS\SYSTEM32\ntdll.dll
0x00007ffdb7710000 - 0x00007ffdb77cd000 	C:\WINDOWS\System32\KERNEL32.DLL
0x00007ffdb7170000 - 0x00007ffdb74e4000 	C:\WINDOWS\System32\KERNELBASE.dll
0x00007ffdb6df0000 - 0x00007ffdb6f01000 	C:\WINDOWS\System32\ucrtbase.dll
0x00007ffdb2200000 - 0x00007ffdb2218000 	C:\Users\kostas\.jdks\openjdk-17.0.1\bin\jli.dll
0x00007ffdb9290000 - 0x00007ffdb943c000 	C:\WINDOWS\System32\USER32.dll
0x00007ffdb6d50000 - 0x00007ffdb6d76000 	C:\WINDOWS\System32\win32u.dll
0x00007ffdb8b60000 - 0x00007ffdb8b89000 	C:\WINDOWS\System32\GDI32.dll
0x00007ffdb6f10000 - 0x00007ffdb7022000 	C:\WINDOWS\System32\gdi32full.dll
0x00007ffdb7660000 - 0x00007ffdb76fd000 	C:\WINDOWS\System32\msvcp_win.dll
0x00007ffda20d0000 - 0x00007ffda2375000 	C:\WINDOWS\WinSxS\amd64_microsoft.windows.common-controls_6595b64144ccf1df_6.0.22000.120_none_9d947278b86cc467\COMCTL32.dll
0x00007ffdb8f20000 - 0x00007ffdb8fc3000 	C:\WINDOWS\System32\msvcrt.dll
0x00007ffda6ca0000 - 0x00007ffda6cba000 	C:\Users\kostas\.jdks\openjdk-17.0.1\bin\VCRUNTIME140.dll
0x00007ffdb9440000 - 0x00007ffdb9471000 	C:\WINDOWS\System32\IMM32.DLL
0x00007ffdb3410000 - 0x00007ffdb341c000 	C:\Users\kostas\.jdks\openjdk-17.0.1\bin\vcruntime140_1.dll
0x00007ffda4030000 - 0x00007ffda40bd000 	C:\Users\kostas\.jdks\openjdk-17.0.1\bin\msvcp140.dll
0x00007ffd6d300000 - 0x00007ffd6debe000 	C:\Users\kostas\.jdks\openjdk-17.0.1\bin\server\jvm.dll
0x00007ffdb9130000 - 0x00007ffdb91de000 	C:\WINDOWS\System32\ADVAPI32.dll
0x00007ffdb7900000 - 0x00007ffdb799e000 	C:\WINDOWS\System32\sechost.dll
0x00007ffdb8a40000 - 0x00007ffdb8b60000 	C:\WINDOWS\System32\RPCRT4.dll
0x00007ffdb78f0000 - 0x00007ffdb78f8000 	C:\WINDOWS\System32\PSAPI.DLL
0x00007ffd98440000 - 0x00007ffd98449000 	C:\WINDOWS\SYSTEM32\WSOCK32.dll
0x00007ffdb8eb0000 - 0x00007ffdb8f1f000 	C:\WINDOWS\System32\WS2_32.dll
0x00007ffda6a40000 - 0x00007ffda6a73000 	C:\WINDOWS\SYSTEM32\WINMM.dll
0x00007ffda5cc0000 - 0x00007ffda5cca000 	C:\WINDOWS\SYSTEM32\VERSION.dll
0x00007ffdb5f40000 - 0x00007ffdb5f58000 	C:\WINDOWS\SYSTEM32\kernel.appcore.dll
0x00007ffdb21f0000 - 0x00007ffdb21fa000 	C:\Users\kostas\.jdks\openjdk-17.0.1\bin\jimage.dll
0x00007ffdb4860000 - 0x00007ffdb4a81000 	C:\WINDOWS\SYSTEM32\DBGHELP.DLL
0x00007ffd8e7b0000 - 0x00007ffd8e7e1000 	C:\WINDOWS\SYSTEM32\dbgcore.DLL
0x00007ffdb70f0000 - 0x00007ffdb716f000 	C:\WINDOWS\System32\bcryptPrimitives.dll
0x00007ffda6b00000 - 0x00007ffda6b0e000 	C:\Users\kostas\.jdks\openjdk-17.0.1\bin\instrument.dll
0x00007ffda4980000 - 0x00007ffda49a5000 	C:\Users\kostas\.jdks\openjdk-17.0.1\bin\java.dll

dbghelp: loaded successfully - version: 4.0.5 - missing functions: none
symbol engine: initialized successfully - sym options: 0x614 - pdb path: .;C:\Users\kostas\.jdks\openjdk-17.0.1\bin;C:\WINDOWS\SYSTEM32;C:\WINDOWS\WinSxS\amd64_microsoft.windows.common-controls_6595b64144ccf1df_6.0.22000.120_none_9d947278b86cc467;C:\Users\kostas\.jdks\openjdk-17.0.1\bin\server

VM Arguments:
jvm_args: -javaagent:C:\Program Files\JetBrains\IntelliJ IDEA Community Edition 2021.3\lib\idea_rt.jar=63355:C:\Program Files\JetBrains\IntelliJ IDEA Community Edition 2021.3\bin -Dfile.encoding=UTF-8 
java_command: CoursesManagementApp.com.uoi.SoftwareEngineering.Application
java_class_path (initial): C:\Users\kostas\.jdks\.openjdk-17.0.1.intellij;C:\Users\kostas\Desktop\zarras\com.uoi.Software-Engineering\target\classes;C:\Users\kostas\.m2\repository\org\springframework\boot\spring-boot-starter-web\2.6.3\spring-boot-starter-web-2.6.3.jar;C:\Users\kostas\.m2\repository\org\springframework\boot\spring-boot-starter\2.6.3\spring-boot-starter-2.6.3.jar;C:\Users\kostas\.m2\repository\org\springframework\boot\spring-boot-starter-logging\2.6.3\spring-boot-starter-logging-2.6.3.jar;C:\Users\kostas\.m2\repository\ch\qos\logback\logback-classic\1.2.10\logback-classic-1.2.10.jar;C:\Users\kostas\.m2\repository\ch\qos\logback\logback-core\1.2.10\logback-core-1.2.10.jar;C:\Users\kostas\.m2\repository\org\apache\logging\log4j\log4j-to-slf4j\2.17.1\log4j-to-slf4j-2.17.1.jar;C:\Users\kostas\.m2\repository\org\apache\logging\log4j\log4j-api\2.17.1\log4j-api-2.17.1.jar;C:\Users\kostas\.m2\repository\org\slf4j\jul-to-slf4j\1.7.33\jul-to-slf4j-1.7.33.jar;C:\Users\kostas\.m2\repository\jakarta\annotation\jakarta.annotation-api\1.3.5\jakarta.annotation-api-1.3.5.jar;C:\Users\kostas\.m2\repository\org\yaml\snakeyaml\1.29\snakeyaml-1.29.jar;C:\Users\kostas\.m2\repository\org\springframework\boot\spring-boot-starter-json\2.6.3\spring-boot-starter-json-2.6.3.jar;C:\Users\kostas\.m2\repository\com\fasterxml\jackson\core\jackson-databind\2.13.1\jackson-databind-2.13.1.jar;C:\Users\kostas\.m2\repository\com\fasterxml\jackson\core\jackson-annotations\2.13.1\jackson-annotations-2.13.1.jar;C:\Users\kostas\.m2\repository\com\fasterxml\jackson\datatype\jackson-datatype-jdk8\2.13.1\jackson-datatype-jdk8-2.13.1.jar;C:\Users\kostas\.m2\repository\com\fasterxml\jackson\datatype\jackson-datatype-jsr310\2.13.1\jackson-datatype-jsr310-2.13.1.jar;C:\Users\kostas\.m2\repository\com\fasterxml\jackson\module\jackson-module-parameter-names\2.13.1\jackson-module-parameter-names-2.13.1.jar;C:\Users\kostas\.m2\repository\org\springframework\boot\spring-boot-starter-tomcat\2.6.3\sprin
Launcher Type: SUN_STANDARD

[Global flags]
     intx CICompilerCount                          = 3                                         {product} {ergonomic}
     uint ConcGCThreads                            = 1                                         {product} {ergonomic}
     uint G1ConcRefinementThreads                  = 4                                         {product} {ergonomic}
   size_t G1HeapRegionSize                         = 1048576                                   {product} {ergonomic}
    uintx GCDrainStackTargetSize                   = 64                                        {product} {ergonomic}
   size_t InitialHeapSize                          = 62914560                                  {product} {ergonomic}
   size_t MarkStackSize                            = 4194304                                   {product} {ergonomic}
   size_t MaxHeapSize                              = 1002438656                                {product} {ergonomic}
   size_t MinHeapDeltaBytes                        = 1048576                                   {product} {ergonomic}
   size_t MinHeapSize                              = 8388608                                   {product} {ergonomic}
    uintx NonNMethodCodeHeapSize                   = 5832780                                {pd product} {ergonomic}
    uintx NonProfiledCodeHeapSize                  = 122912730                              {pd product} {ergonomic}
    uintx ProfiledCodeHeapSize                     = 122912730                              {pd product} {ergonomic}
    uintx ReservedCodeCacheSize                    = 251658240                              {pd product} {ergonomic}
     bool SegmentedCodeCache                       = true                                      {product} {ergonomic}
   size_t SoftMaxHeapSize                          = 1002438656                             {manageable} {ergonomic}
     bool UseCompressedClassPointers               = true                           {product lp64_product} {ergonomic}
     bool UseCompressedOops                        = true                           {product lp64_product} {ergonomic}
     bool UseG1GC                                  = true                                      {product} {ergonomic}
     bool UseLargePagesIndividualAllocation        = false                                  {pd product} {ergonomic}

Logging:
Log output configuration:
 #0: stdout all=warning uptime,level,tags
 #1: stderr all=off uptime,level,tags

Environment Variables:
PATH=C:\Program Files\Eclipse Foundation\jdk-16.0.2.7-hotspot\bin;C:\WINDOWS\system32;C:\WINDOWS;C:\WINDOWS\System32\Wbem;C:\WINDOWS\System32\WindowsPowerShell\v1.0\;C:\WINDOWS\System32\OpenSSH\;C:\Program Files\PuTTY\;C:\Program Files\Microsoft SQL Server\Client SDK\ODBC\170\Tools\Binn\;C:\Program Files (x86)\Microsoft SQL Server\150\Tools\Binn\;C:\Program Files\Microsoft SQL Server\150\Tools\Binn\;C:\Program Files\Microsoft SQL Server\150\DTS\Binn\;C:\flutter\flutter\bin;C:\Program Files\Git\cmd;C:\Program Files\dotnet\;C:\Users\kostas\Desktop\Machine learning\Scripts\;C:\Users\kostas\Desktop\Machine learning\;C:\Program Files\MySQL\MySQL Shell 8.0\bin\;C:\Users\kostas\AppData\Local\Programs\Python\Python39\Scripts\;C:\Users\kostas\AppData\Local\Programs\Python\Python39\;C:\Users\kostas\AppData\Local\Programs\Python\Python310\Scripts\;C:\Users\kostas\AppData\Local\Programs\Python\Python310\;C:\Users\kostas\Desktop\Sql\bin\;C:\Users\kostas\AppData\Local\Microsoft\WindowsApps;C:\Users\kostas\AppData\Local\JetBrains\PyCharm Community Edition 2021.1.1\bin;;C:\Program Files\JetBrains\IntelliJ IDEA 2021.1.2\bin;;C:\Users\kostas\AppData\Local\GitHubDesktop\bin;C:\Users\kostas\AppData\Local\Programs\Microsoft VS Code\bin;C:\altera\13.0sp1\modelsim_ase\win32aloem;C:\Program Files\Azure Data Studio\bin;C:\Program Files\JetBrains\IntelliJ IDEA Community Edition 2021.3\bin;;C:\MinGW\bin;C:\Users\kostas\Desktop\Τεχνολογία Λογισμικού\apache-maven-3.8.4\bin;
USERNAME=kostas
OS=Windows_NT
PROCESSOR_IDENTIFIER=Intel64 Family 6 Model 140 Stepping 1, GenuineIntel



---------------  S Y S T E M  ---------------

OS:
 Windows 10 , 64 bit Build 22000 (10.0.22000.434)
OS uptime: 1 days 23:43 hours

CPU: total 4 (initial active 4) (2 cores per cpu, 2 threads per core) family 6 model 140 stepping 1 microcode 0x86, cx8, cmov, fxsr, ht, mmx, 3dnowpref, sse, sse2, sse3, ssse3, sse4.1, sse4.2, popcnt, lzcnt, tsc, tscinvbit, avx, avx2, aes, erms, clmul, bmi1, bmi2, adx, avx512f, avx512dq, avx512cd, avx512bw, avx512vl, sha, fma, vzeroupper, avx512_vpopcntdq, avx512_vpclmulqdq, avx512_vaes, avx512_vnni, clflush, clflushopt, clwb, avx512_vbmi2, avx512_vbmi

Memory: 4k page, system-wide physical 3818M (324M free)
TotalPageFile size 15594M (AvailPageFile size 6M)
current process WorkingSet (physical memory assigned to process): 10M, peak: 10M
current process commit charge ("private bytes"): 51M, peak: 111M

vm_info: OpenJDK 64-Bit Server VM (17.0.1+12-39) for windows-amd64 JRE (17.0.1+12-39), built on Sep 27 2021 18:39:29 by "mach5one" with MS VC++ 16.8 (VS2019)

END.
