#
# There is insufficient memory for the Java Runtime Environment to continue.
# Native memory allocation (mmap) failed to map 155189248 bytes for G1 virtual space
# Possible reasons:
#   The system is out of physical RAM or swap space
#   The process is running with CompressedOops enabled, and the Java Heap may be blocking the growth of the native heap
# Possible solutions:
#   Reduce memory load on the system
#   Increase physical memory or swap space
#   Check if swap backing store is full
#   Decrease Java heap size (-Xmx/-Xms)
#   Decrease number of Java threads
#   Decrease Java thread stack sizes (-Xss)
#   Set larger code cache with -XX:ReservedCodeCacheSize=
#   JVM is running with Unscaled Compressed Oops mode in which the Java heap is
#     placed in the first 4GB address space. The Java Heap base address is the
#     maximum limit for the native heap growth. Please use -XX:HeapBaseMinAddress
#     to set the Java Heap base and to place the Java Heap above 4GB virtual address.
# This output file may be truncated or incomplete.
#
#  Out of Memory Error (os_windows.cpp:3469), pid=1732, tid=3244
#
# JRE version: OpenJDK Runtime Environment (17.0.1+12) (build 17.0.1+12-39)
# Java VM: OpenJDK 64-Bit Server VM (17.0.1+12-39, mixed mode, sharing, tiered, compressed oops, compressed class ptrs, g1 gc, windows-amd64)
# No core dump will be written. Minidumps are not enabled by default on client versions of Windows
#

---------------  S U M M A R Y ------------

Command Line: -javaagent:C:\Program Files\JetBrains\IntelliJ IDEA Community Edition 2021.3\lib\idea_rt.jar=64781:C:\Program Files\JetBrains\IntelliJ IDEA Community Edition 2021.3\bin -Dfile.encoding=UTF-8 CoursesManagementApp.com.uoi.SoftwareEngineering.Application

Host: 11th Gen Intel(R) Core(TM) i3-1115G4 @ 3.00GHz, 4 cores, 3G,  Windows 10 , 64 bit Build 22000 (10.0.22000.613)
Time: Thu May 12 20:38:46 2022  Windows 10 , 64 bit Build 22000 (10.0.22000.613) elapsed time: 30.615328 seconds (0d 0h 0m 30s)

---------------  T H R E A D  ---------------

Current thread (0x0000022361b3de00):  VMThread "VM Thread" [stack: 0x000000b326500000,0x000000b326600000] [id=3244]

Stack: [0x000000b326500000,0x000000b326600000]
Native frames: (J=compiled Java code, j=interpreted, Vv=VM code, C=native code)
V  [jvm.dll+0x66fa1a]
V  [jvm.dll+0x7ce5a4]
V  [jvm.dll+0x7cfd4e]
V  [jvm.dll+0x7d03b3]
V  [jvm.dll+0x242b05]
V  [jvm.dll+0x66ca39]
V  [jvm.dll+0x661502]
V  [jvm.dll+0x30081b]
V  [jvm.dll+0x307da6]
V  [jvm.dll+0x357a1e]
V  [jvm.dll+0x357c4f]
V  [jvm.dll+0x2d7ad8]
V  [jvm.dll+0x2d5da4]
V  [jvm.dll+0x2d53ac]
V  [jvm.dll+0x318d0b]
V  [jvm.dll+0x7d484b]
V  [jvm.dll+0x7d5584]
V  [jvm.dll+0x7d5a9c]
V  [jvm.dll+0x7d5e74]
V  [jvm.dll+0x7d5f40]
V  [jvm.dll+0x77e91a]
V  [jvm.dll+0x66e845]
C  [ucrtbase.dll+0x26c0c]
C  [KERNEL32.DLL+0x154e0]
C  [ntdll.dll+0x485b]

VM_Operation (0x000000b3286fd730): G1CollectForAllocation, mode: safepoint, requested by thread 0x000002236630f3c0


---------------  P R O C E S S  ---------------

Threads class SMR info:
_java_thread_list=0x000002236751f960, length=28, elements={
0x0000022346ba7550, 0x0000022361b428c0, 0x0000022361b43470, 0x0000022361b5cc70,
0x0000022361b5d620, 0x0000022361b5ffe0, 0x0000022361b617b0, 0x0000022361b6ad70,
0x0000022361b6f120, 0x0000022361b802d0, 0x0000022362830020, 0x00000223629d4f10,
0x0000022362ac0b00, 0x0000022363208b00, 0x00000223632ce6c0, 0x0000022362ff3c20,
0x0000022362855df0, 0x0000022363306910, 0x000002236282e0b0, 0x000002236282ef20,
0x000002236630dbb0, 0x00000223663123e0, 0x000002236630e080, 0x000002236630e550,
0x000002236630ea20, 0x000002236630eef0, 0x0000022366311f10, 0x000002236630f3c0
}

Java Threads: ( => current thread )
  0x0000022346ba7550 JavaThread "main" [_thread_blocked, id=11500, stack(0x000000b325f00000,0x000000b326000000)]
  0x0000022361b428c0 JavaThread "Reference Handler" daemon [_thread_blocked, id=15108, stack(0x000000b326600000,0x000000b326700000)]
  0x0000022361b43470 JavaThread "Finalizer" daemon [_thread_blocked, id=12556, stack(0x000000b326700000,0x000000b326800000)]
  0x0000022361b5cc70 JavaThread "Signal Dispatcher" daemon [_thread_blocked, id=11052, stack(0x000000b326800000,0x000000b326900000)]
  0x0000022361b5d620 JavaThread "Attach Listener" daemon [_thread_blocked, id=13972, stack(0x000000b326900000,0x000000b326a00000)]
  0x0000022361b5ffe0 JavaThread "Service Thread" daemon [_thread_blocked, id=2584, stack(0x000000b326a00000,0x000000b326b00000)]
  0x0000022361b617b0 JavaThread "Monitor Deflation Thread" daemon [_thread_blocked, id=6348, stack(0x000000b326b00000,0x000000b326c00000)]
  0x0000022361b6ad70 JavaThread "C2 CompilerThread0" daemon [_thread_blocked, id=7620, stack(0x000000b326c00000,0x000000b326d00000)]
  0x0000022361b6f120 JavaThread "C1 CompilerThread0" daemon [_thread_blocked, id=1776, stack(0x000000b326d00000,0x000000b326e00000)]
  0x0000022361b802d0 JavaThread "Sweeper thread" daemon [_thread_blocked, id=8640, stack(0x000000b326e00000,0x000000b326f00000)]
  0x0000022362830020 JavaThread "Common-Cleaner" daemon [_thread_blocked, id=14008, stack(0x000000b326f00000,0x000000b327000000)]
  0x00000223629d4f10 JavaThread "Monitor Ctrl-Break" daemon [_thread_in_native, id=8276, stack(0x000000b327000000,0x000000b327100000)]
  0x0000022362ac0b00 JavaThread "Notification Thread" daemon [_thread_blocked, id=4060, stack(0x000000b327100000,0x000000b327200000)]
  0x0000022363208b00 JavaThread "Thread-0" [_thread_blocked, id=2624, stack(0x000000b327700000,0x000000b327800000)]
  0x00000223632ce6c0 JavaThread "restartedMain" [_thread_blocked, id=8944, stack(0x000000b327800000,0x000000b327900000)]
  0x0000022362ff3c20 JavaThread "Catalina-utility-1" [_thread_blocked, id=4036, stack(0x000000b327900000,0x000000b327a00000)]
  0x0000022362855df0 JavaThread "Catalina-utility-2" [_thread_blocked, id=8444, stack(0x000000b327a00000,0x000000b327b00000)]
  0x0000022363306910 JavaThread "container-0" [_thread_blocked, id=5388, stack(0x000000b327b00000,0x000000b327c00000)]
  0x000002236282e0b0 JavaThread "mysql-cj-abandoned-connection-cleanup" daemon [_thread_blocked, id=9496, stack(0x000000b327c00000,0x000000b327d00000)]
  0x000002236282ef20 JavaThread "HikariPool-1 housekeeper" daemon [_thread_blocked, id=12748, stack(0x000000b327e00000,0x000000b327f00000)]
  0x000002236630dbb0 JavaThread "ClassGraph-worker-32" daemon [_thread_blocked, id=11120, stack(0x000000b327f00000,0x000000b328000000)]
  0x00000223663123e0 JavaThread "ClassGraph-worker-33" daemon [_thread_blocked, id=12356, stack(0x000000b328000000,0x000000b328100000)]
  0x000002236630e080 JavaThread "ClassGraph-worker-34" daemon [_thread_blocked, id=14936, stack(0x000000b328100000,0x000000b328200000)]
  0x000002236630e550 JavaThread "ClassGraph-worker-35" daemon [_thread_blocked, id=13660, stack(0x000000b328200000,0x000000b328300000)]
  0x000002236630ea20 JavaThread "ClassGraph-worker-36" daemon [_thread_blocked, id=14876, stack(0x000000b328300000,0x000000b328400000)]
  0x000002236630eef0 JavaThread "ClassGraph-worker-37" daemon [_thread_blocked, id=5268, stack(0x000000b328400000,0x000000b328500000)]
  0x0000022366311f10 JavaThread "ClassGraph-worker-38" daemon [_thread_blocked, id=11064, stack(0x000000b328500000,0x000000b328600000)]
  0x000002236630f3c0 JavaThread "ClassGraph-worker-39" daemon [_thread_blocked, id=9176, stack(0x000000b328600000,0x000000b328700000)]

Other Threads:
=>0x0000022361b3de00 VMThread "VM Thread" [stack: 0x000000b326500000,0x000000b326600000] [id=3244]
  0x00000223629d53e0 WatcherThread [stack: 0x000000b327200000,0x000000b327300000] [id=7292]
  0x0000022346bd3490 GCTaskThread "GC Thread#0" [stack: 0x000000b326000000,0x000000b326100000] [id=11780]
  0x000002236315a3f0 GCTaskThread "GC Thread#1" [stack: 0x000000b327300000,0x000000b327400000] [id=2500]
  0x0000022363180c00 GCTaskThread "GC Thread#2" [stack: 0x000000b327400000,0x000000b327500000] [id=12016]
  0x0000022363180eb0 GCTaskThread "GC Thread#3" [stack: 0x000000b327500000,0x000000b327600000] [id=10912]
  0x0000022346bdbb50 ConcurrentGCThread "G1 Main Marker" [stack: 0x000000b326100000,0x000000b326200000] [id=9844]
  0x0000022346bdc560 ConcurrentGCThread "G1 Conc#0" [stack: 0x000000b326200000,0x000000b326300000] [id=3968]
  0x0000022346c18100 ConcurrentGCThread "G1 Refine#0" [stack: 0x000000b326300000,0x000000b326400000] [id=10340]
  0x0000022363180840 ConcurrentGCThread "G1 Refine#1" [stack: 0x000000b327600000,0x000000b327700000] [id=13904]
  0x0000022346c19a40 ConcurrentGCThread "G1 Service" [stack: 0x000000b326400000,0x000000b326500000] [id=11732]

Threads with active compile tasks:
C2 CompilerThread0    30662 6767   !   4       io.github.classgraph.ClasspathElementZip::open (1078 bytes)

VM state: at safepoint (normal execution)

VM Mutex/Monitor currently owned by a thread:  ([mutex/lock_event])
[0x0000022346ba2a30] Threads_lock - owner thread: 0x0000022361b3de00
[0x0000022346ba29a0] Heap_lock - owner thread: 0x000002236630f3c0

Heap address: 0x00000000c4400000, size: 956 MB, Compressed Oops mode: 32-bit

CDS archive(s) mapped at: [0x0000000800000000-0x0000000800bc0000-0x0000000800bc0000), size 12320768, SharedBaseAddress: 0x0000000800000000, ArchiveRelocationMode: 0.
Compressed class space mapped at: 0x0000000800c00000-0x0000000840c00000, reserved size: 1073741824
Narrow klass base: 0x0000000800000000, Narrow klass shift: 0, Narrow klass range: 0x100000000

GC Precious Log:
 CPUs: 4 total, 4 available
 Memory: 3818M
 Large Page Support: Disabled
 NUMA Support: Disabled
 Compressed Oops: Enabled (32-bit)
 Heap Region Size: 1M
 Heap Min Capacity: 8M
 Heap Initial Capacity: 60M
 Heap Max Capacity: 956M
 Pre-touch: Disabled
 Parallel Workers: 4
 Concurrent Workers: 1
 Concurrent Refinement Workers: 4
 Periodic GC: Disabled

Heap:
 garbage-first heap   total 91136K, used 48034K [0x00000000c4400000, 0x0000000100000000)
  region size 1024K, 2 young (2048K), 2 survivors (2048K)
 Metaspace       used 60736K, committed 61120K, reserved 1105920K
  class space    used 7993K, committed 8192K, reserved 1048576K

Heap Regions: E=young(eden), S=young(survivor), O=old, HS=humongous(starts), HC=humongous(continues), CS=collection set, F=free, OA=open archive, CA=closed archive, TAMS=top-at-mark-start (previous, next)
|   0|0x00000000c4400000, 0x00000000c4500000, 0x00000000c4500000|100%|HS|  |TAMS 0x00000000c4500000, 0x00000000c4400000| Complete 
|   1|0x00000000c4500000, 0x00000000c4600000, 0x00000000c4600000|100%| O|  |TAMS 0x00000000c4600000, 0x00000000c4500000| Untracked 
|   2|0x00000000c4600000, 0x00000000c4700000, 0x00000000c4700000|100%| O|  |TAMS 0x00000000c4700000, 0x00000000c4600000| Untracked 
|   3|0x00000000c4700000, 0x00000000c4800000, 0x00000000c4800000|100%| O|  |TAMS 0x00000000c4800000, 0x00000000c4700000| Untracked 
|   4|0x00000000c4800000, 0x00000000c4900000, 0x00000000c4900000|100%| O|  |TAMS 0x00000000c4900000, 0x00000000c4800000| Untracked 
|   5|0x00000000c4900000, 0x00000000c4a00000, 0x00000000c4a00000|100%| O|  |TAMS 0x00000000c4a00000, 0x00000000c4900000| Untracked 
|   6|0x00000000c4a00000, 0x00000000c4b00000, 0x00000000c4b00000|100%| O|  |TAMS 0x00000000c4b00000, 0x00000000c4a00000| Updating 
|   7|0x00000000c4b00000, 0x00000000c4c00000, 0x00000000c4c00000|100%| O|  |TAMS 0x00000000c4c00000, 0x00000000c4b00000| Untracked 
|   8|0x00000000c4c00000, 0x00000000c4d00000, 0x00000000c4d00000|100%| O|  |TAMS 0x00000000c4d00000, 0x00000000c4c00000| Untracked 
|   9|0x00000000c4d00000, 0x00000000c4e00000, 0x00000000c4e00000|100%| O|  |TAMS 0x00000000c4e00000, 0x00000000c4d00000| Untracked 
|  10|0x00000000c4e00000, 0x00000000c4e92a00, 0x00000000c4f00000| 57%| O|  |TAMS 0x00000000c4e92a00, 0x00000000c4e00000| Updating 
|  11|0x00000000c4f00000, 0x00000000c5000000, 0x00000000c5000000|100%| O|  |TAMS 0x00000000c5000000, 0x00000000c4f00000| Updating 
|  12|0x00000000c5000000, 0x00000000c5100000, 0x00000000c5100000|100%| O|  |TAMS 0x00000000c5100000, 0x00000000c5000000| Untracked 
|  13|0x00000000c5100000, 0x00000000c5200000, 0x00000000c5200000|100%| O|  |TAMS 0x00000000c5200000, 0x00000000c5100000| Untracked 
|  14|0x00000000c5200000, 0x00000000c5300000, 0x00000000c5300000|100%| O|  |TAMS 0x00000000c5300000, 0x00000000c5200000| Untracked 
|  15|0x00000000c5300000, 0x00000000c5400000, 0x00000000c5400000|100%| O|  |TAMS 0x00000000c5400000, 0x00000000c5300000| Untracked 
|  16|0x00000000c5400000, 0x00000000c5500000, 0x00000000c5500000|100%| O|  |TAMS 0x00000000c5500000, 0x00000000c5400000| Untracked 
|  17|0x00000000c5500000, 0x00000000c5600000, 0x00000000c5600000|100%| O|  |TAMS 0x00000000c5600000, 0x00000000c5500000| Untracked 
|  18|0x00000000c5600000, 0x00000000c5700000, 0x00000000c5700000|100%| O|  |TAMS 0x00000000c5700000, 0x00000000c5600000| Untracked 
|  19|0x00000000c5700000, 0x00000000c5800000, 0x00000000c5800000|100%| O|  |TAMS 0x00000000c5800000, 0x00000000c5700000| Untracked 
|  20|0x00000000c5800000, 0x00000000c5900000, 0x00000000c5900000|100%| O|  |TAMS 0x00000000c5900000, 0x00000000c5800000| Untracked 
|  21|0x00000000c5900000, 0x00000000c5a00000, 0x00000000c5a00000|100%| O|  |TAMS 0x00000000c5a00000, 0x00000000c5900000| Untracked 
|  22|0x00000000c5a00000, 0x00000000c5b00000, 0x00000000c5b00000|100%| O|  |TAMS 0x00000000c5b00000, 0x00000000c5a00000| Updating 
|  23|0x00000000c5b00000, 0x00000000c5c00000, 0x00000000c5c00000|100%| O|  |TAMS 0x00000000c5c00000, 0x00000000c5b00000| Untracked 
|  24|0x00000000c5c00000, 0x00000000c5d00000, 0x00000000c5d00000|100%| O|  |TAMS 0x00000000c5d00000, 0x00000000c5c00000| Untracked 
|  25|0x00000000c5d00000, 0x00000000c5e00000, 0x00000000c5e00000|100%| O|  |TAMS 0x00000000c5d00000, 0x00000000c5d00000| Untracked 
|  26|0x00000000c5e00000, 0x00000000c5f00000, 0x00000000c5f00000|100%| O|  |TAMS 0x00000000c5f00000, 0x00000000c5e00000| Untracked 
|  27|0x00000000c5f00000, 0x00000000c6000000, 0x00000000c6000000|100%| O|  |TAMS 0x00000000c6000000, 0x00000000c5f00000| Updating 
|  28|0x00000000c6000000, 0x00000000c6100000, 0x00000000c6100000|100%| O|  |TAMS 0x00000000c6100000, 0x00000000c6000000| Untracked 
|  29|0x00000000c6100000, 0x00000000c6200000, 0x00000000c6200000|100%| O|  |TAMS 0x00000000c6200000, 0x00000000c6100000| Untracked 
|  30|0x00000000c6200000, 0x00000000c6300000, 0x00000000c6300000|100%| O|  |TAMS 0x00000000c6300000, 0x00000000c6200000| Untracked 
|  31|0x00000000c6300000, 0x00000000c6400000, 0x00000000c6400000|100%| O|  |TAMS 0x00000000c6300000, 0x00000000c6300000| Untracked 
|  32|0x00000000c6400000, 0x00000000c6500000, 0x00000000c6500000|100%| O|  |TAMS 0x00000000c6400000, 0x00000000c6400000| Untracked 
|  33|0x00000000c6500000, 0x00000000c6600000, 0x00000000c6600000|100%| O|  |TAMS 0x00000000c6600000, 0x00000000c6500000| Untracked 
|  34|0x00000000c6600000, 0x00000000c6700000, 0x00000000c6700000|100%| O|  |TAMS 0x00000000c6700000, 0x00000000c6600000| Untracked 
|  35|0x00000000c6700000, 0x00000000c6800000, 0x00000000c6800000|100%| O|  |TAMS 0x00000000c6700000, 0x00000000c6700000| Untracked 
|  36|0x00000000c6800000, 0x00000000c6900000, 0x00000000c6900000|100%| O|  |TAMS 0x00000000c6900000, 0x00000000c6800000| Untracked 
|  37|0x00000000c6900000, 0x00000000c6a00000, 0x00000000c6a00000|100%| O|  |TAMS 0x00000000c6900000, 0x00000000c6900000| Untracked 
|  38|0x00000000c6a00000, 0x00000000c6b00000, 0x00000000c6b00000|100%| O|  |TAMS 0x00000000c6abd800, 0x00000000c6a00000| Updating 
|  39|0x00000000c6b00000, 0x00000000c6c00000, 0x00000000c6c00000|100%| O|  |TAMS 0x00000000c6b00000, 0x00000000c6b00000| Untracked 
|  40|0x00000000c6c00000, 0x00000000c6d00000, 0x00000000c6d00000|100%| O|  |TAMS 0x00000000c6c00000, 0x00000000c6c00000| Untracked 
|  41|0x00000000c6d00000, 0x00000000c6e00000, 0x00000000c6e00000|100%| O|  |TAMS 0x00000000c6d00000, 0x00000000c6d00000| Untracked 
|  42|0x00000000c6e00000, 0x00000000c6f00000, 0x00000000c6f00000|100%| O|  |TAMS 0x00000000c6e00000, 0x00000000c6e00000| Untracked 
|  43|0x00000000c6f00000, 0x00000000c7000000, 0x00000000c7000000|100%| O|  |TAMS 0x00000000c6f00000, 0x00000000c6f00000| Untracked 
|  44|0x00000000c7000000, 0x00000000c7100000, 0x00000000c7100000|100%| O|  |TAMS 0x00000000c7000000, 0x00000000c7000000| Untracked 
|  45|0x00000000c7100000, 0x00000000c7156000, 0x00000000c7200000| 33%| O|  |TAMS 0x00000000c7100000, 0x00000000c7100000| Untracked 
|  46|0x00000000c7200000, 0x00000000c7200000, 0x00000000c7300000|  0%| F|  |TAMS 0x00000000c7200000, 0x00000000c7200000| Untracked 
|  47|0x00000000c7300000, 0x00000000c7300000, 0x00000000c7400000|  0%| F|  |TAMS 0x00000000c7300000, 0x00000000c7300000| Untracked 
|  48|0x00000000c7400000, 0x00000000c7400000, 0x00000000c7500000|  0%| F|  |TAMS 0x00000000c7400000, 0x00000000c7400000| Untracked 
|  49|0x00000000c7500000, 0x00000000c7500000, 0x00000000c7600000|  0%| F|  |TAMS 0x00000000c7500000, 0x00000000c7500000| Untracked 
|  50|0x00000000c7600000, 0x00000000c7600000, 0x00000000c7700000|  0%| F|  |TAMS 0x00000000c7600000, 0x00000000c7600000| Untracked 
|  51|0x00000000c7700000, 0x00000000c7700000, 0x00000000c7800000|  0%| F|  |TAMS 0x00000000c7700000, 0x00000000c7700000| Untracked 
|  52|0x00000000c7800000, 0x00000000c7800000, 0x00000000c7900000|  0%| F|  |TAMS 0x00000000c7800000, 0x00000000c7800000| Untracked 
|  53|0x00000000c7900000, 0x00000000c7900000, 0x00000000c7a00000|  0%| F|  |TAMS 0x00000000c7900000, 0x00000000c7900000| Untracked 
|  54|0x00000000c7a00000, 0x00000000c7a00000, 0x00000000c7b00000|  0%| F|  |TAMS 0x00000000c7a00000, 0x00000000c7a00000| Untracked 
|  55|0x00000000c7b00000, 0x00000000c7b00000, 0x00000000c7c00000|  0%| F|  |TAMS 0x00000000c7b00000, 0x00000000c7b00000| Untracked 
|  56|0x00000000c7c00000, 0x00000000c7c00000, 0x00000000c7d00000|  0%| F|  |TAMS 0x00000000c7c00000, 0x00000000c7c00000| Untracked 
|  57|0x00000000c7d00000, 0x00000000c7d00000, 0x00000000c7e00000|  0%| F|  |TAMS 0x00000000c7d00000, 0x00000000c7d00000| Untracked 
|  58|0x00000000c7e00000, 0x00000000c7e00000, 0x00000000c7f00000|  0%| F|  |TAMS 0x00000000c7e00000, 0x00000000c7e00000| Untracked 
|  59|0x00000000c7f00000, 0x00000000c7f00000, 0x00000000c8000000|  0%| F|  |TAMS 0x00000000c7f00000, 0x00000000c7f00000| Untracked 
|  60|0x00000000c8000000, 0x00000000c8000000, 0x00000000c8100000|  0%| F|  |TAMS 0x00000000c8000000, 0x00000000c8000000| Untracked 
|  61|0x00000000c8100000, 0x00000000c8100000, 0x00000000c8200000|  0%| F|  |TAMS 0x00000000c8100000, 0x00000000c8100000| Untracked 
|  62|0x00000000c8200000, 0x00000000c8200000, 0x00000000c8300000|  0%| F|  |TAMS 0x00000000c8200000, 0x00000000c8200000| Untracked 
|  63|0x00000000c8300000, 0x00000000c8300000, 0x00000000c8400000|  0%| F|  |TAMS 0x00000000c8300000, 0x00000000c8300000| Untracked 
|  64|0x00000000c8400000, 0x00000000c8400000, 0x00000000c8500000|  0%| F|  |TAMS 0x00000000c8400000, 0x00000000c8400000| Untracked 
|  65|0x00000000c8500000, 0x00000000c8500000, 0x00000000c8600000|  0%| F|  |TAMS 0x00000000c8500000, 0x00000000c8500000| Untracked 
|  66|0x00000000c8600000, 0x00000000c8600000, 0x00000000c8700000|  0%| F|  |TAMS 0x00000000c8600000, 0x00000000c8600000| Untracked 
|  67|0x00000000c8700000, 0x00000000c8700000, 0x00000000c8800000|  0%| F|  |TAMS 0x00000000c8700000, 0x00000000c8700000| Untracked 
|  68|0x00000000c8800000, 0x00000000c8800000, 0x00000000c8900000|  0%| F|  |TAMS 0x00000000c8800000, 0x00000000c8800000| Untracked 
|  69|0x00000000c8900000, 0x00000000c8900000, 0x00000000c8a00000|  0%| F|  |TAMS 0x00000000c8900000, 0x00000000c8900000| Untracked 
|  70|0x00000000c8a00000, 0x00000000c8a00000, 0x00000000c8b00000|  0%| F|  |TAMS 0x00000000c8a00000, 0x00000000c8a00000| Untracked 
|  71|0x00000000c8b00000, 0x00000000c8b00000, 0x00000000c8c00000|  0%| F|  |TAMS 0x00000000c8b00000, 0x00000000c8b00000| Untracked 
|  72|0x00000000c8c00000, 0x00000000c8c00000, 0x00000000c8d00000|  0%| F|  |TAMS 0x00000000c8c00000, 0x00000000c8c00000| Untracked 
|  73|0x00000000c8d00000, 0x00000000c8d00000, 0x00000000c8e00000|  0%| F|  |TAMS 0x00000000c8d00000, 0x00000000c8d00000| Untracked 
|  74|0x00000000c8e00000, 0x00000000c8e00000, 0x00000000c8f00000|  0%| F|  |TAMS 0x00000000c8e00000, 0x00000000c8e00000| Untracked 
|  75|0x00000000c8f00000, 0x00000000c8f00000, 0x00000000c9000000|  0%| F|  |TAMS 0x00000000c8f00000, 0x00000000c8f00000| Untracked 
|  76|0x00000000c9000000, 0x00000000c9000000, 0x00000000c9100000|  0%| F|  |TAMS 0x00000000c9000000, 0x00000000c9000000| Untracked 
|  77|0x00000000c9100000, 0x00000000c9100000, 0x00000000c9200000|  0%| F|  |TAMS 0x00000000c9100000, 0x00000000c9100000| Untracked 
|  78|0x00000000c9200000, 0x00000000c9200000, 0x00000000c9300000|  0%| F|  |TAMS 0x00000000c9200000, 0x00000000c9200000| Untracked 
|  79|0x00000000c9300000, 0x00000000c9300000, 0x00000000c9400000|  0%| F|  |TAMS 0x00000000c9300000, 0x00000000c9300000| Untracked 
|  80|0x00000000c9400000, 0x00000000c9400000, 0x00000000c9500000|  0%| F|  |TAMS 0x00000000c9400000, 0x00000000c9400000| Untracked 
|  81|0x00000000c9500000, 0x00000000c9500000, 0x00000000c9600000|  0%| F|  |TAMS 0x00000000c9500000, 0x00000000c9500000| Untracked 
|  82|0x00000000c9600000, 0x00000000c9600000, 0x00000000c9700000|  0%| F|  |TAMS 0x00000000c9600000, 0x00000000c9600000| Untracked 
|  83|0x00000000c9700000, 0x00000000c9700000, 0x00000000c9800000|  0%| F|  |TAMS 0x00000000c9700000, 0x00000000c9700000| Untracked 
|  84|0x00000000c9800000, 0x00000000c9900000, 0x00000000c9900000|100%| S|CS|TAMS 0x00000000c9800000, 0x00000000c9800000| Complete 
|  85|0x00000000c9900000, 0x00000000c9a00000, 0x00000000c9a00000|100%| S|CS|TAMS 0x00000000c9900000, 0x00000000c9900000| Complete 
|  86|0x00000000c9a00000, 0x00000000c9a00000, 0x00000000c9b00000|  0%| F|  |TAMS 0x00000000c9a00000, 0x00000000c9a00000| Untracked 
|  87|0x00000000c9b00000, 0x00000000c9b00000, 0x00000000c9c00000|  0%| F|  |TAMS 0x00000000c9b00000, 0x00000000c9b00000| Untracked 
|  88|0x00000000c9c00000, 0x00000000c9c00000, 0x00000000c9d00000|  0%| F|  |TAMS 0x00000000c9c00000, 0x00000000c9c00000| Untracked 

Card table byte_map: [0x000002235d570000,0x000002235d750000] _byte_map_base: 0x000002235cf4e000

Marking Bits (Prev, Next): (CMBitMap*) 0x0000022346bd3aa0, (CMBitMap*) 0x0000022346bd3ae0
 Prev Bits: [0x000002235d930000, 0x000002235e820000)
 Next Bits: [0x000002235e820000, 0x000002235f710000)

Polling page: 0x0000022344a70000

Metaspace:

Usage:
  Non-class:     51.51 MB used.
      Class:      7.81 MB used.
       Both:     59.31 MB used.

Virtual space:
  Non-class space:       56.00 MB reserved,      51.69 MB ( 92%) committed,  7 nodes.
      Class space:        1.00 GB reserved,       8.00 MB ( <1%) committed,  1 nodes.
             Both:        1.05 GB reserved,      59.69 MB (  6%) committed. 

Chunk freelists:
   Non-Class:  3.00 KB
       Class:  64.00 KB
        Both:  67.00 KB

MaxMetaspaceSize: unlimited
CompressedClassSpaceSize: 1.00 GB
Initial GC threshold: 21.00 MB
Current GC threshold: 99.50 MB
CDS: on
MetaspaceReclaimPolicy: balanced
 - commit_granule_bytes: 65536.
 - commit_granule_words: 8192.
 - virtual_space_node_default_size: 1048576.
 - enlarge_chunks_in_place: 1.
 - new_chunks_are_fully_committed: 0.
 - uncommit_free_chunks: 1.
 - use_allocation_guard: 0.
 - handle_deallocations: 1.


Internal statistics:

num_allocs_failed_limit: 12.
num_arena_births: 510.
num_arena_deaths: 2.
num_vsnodes_births: 8.
num_vsnodes_deaths: 0.
num_space_committed: 955.
num_space_uncommitted: 0.
num_chunks_returned_to_freelist: 15.
num_chunks_taken_from_freelist: 2641.
num_chunk_merges: 9.
num_chunk_splits: 1846.
num_chunks_enlarged: 1424.
num_purges: 2.
num_inconsistent_stats: 0.

CodeHeap 'non-profiled nmethods': size=120000Kb used=3853Kb max_used=3853Kb free=116147Kb
 bounds [0x0000022355e60000, 0x0000022356230000, 0x000002235d390000]
CodeHeap 'profiled nmethods': size=120000Kb used=12469Kb max_used=12469Kb free=107530Kb
 bounds [0x000002234e930000, 0x000002234f560000, 0x0000022355e60000]
CodeHeap 'non-nmethods': size=5760Kb used=1340Kb max_used=1392Kb free=4419Kb
 bounds [0x000002234e390000, 0x000002234e600000, 0x000002234e930000]
 total_blobs=6592 nmethods=5936 adapters=568
 compilation: enabled
              stopped_count=0, restarted_count=0
 full_count=0

Compilation events (20 events):
Event: 30.335 Thread 0x0000022361b6ad70 nmethod 6757 0x0000022356220490 code [0x0000022356220620, 0x0000022356220978]
Event: 30.335 Thread 0x0000022361b6ad70 6758 %     4       java.io.WinNTFileSystem::normalize @ 58 (224 bytes)
Event: 30.337 Thread 0x0000022361b6f120 6768       3       nonapi.io.github.classgraph.fastzipfilereader.ZipFileSlice::hashCode (29 bytes)
Event: 30.338 Thread 0x0000022361b6f120 nmethod 6768 0x000002234f2a0390 code [0x000002234f2a0560, 0x000002234f2a0c48]
Event: 30.338 Thread 0x0000022361b6f120 6770   !   3       nonapi.io.github.classgraph.fileslice.reader.RandomAccessFileChannelReader::read (93 bytes)
Event: 30.338 Thread 0x0000022361b6f120 nmethod 6770 0x000002234f55be90 code [0x000002234f55c0c0, 0x000002234f55c938]
Event: 30.338 Thread 0x0000022361b6f120 6771       3       nonapi.io.github.classgraph.fastzipfilereader.PhysicalZipFile::hashCode (46 bytes)
Event: 30.338 Thread 0x0000022361b6f120 nmethod 6771 0x000002234f29fc90 code [0x000002234f29fe60, 0x000002234f2a01d8]
Event: 30.356 Thread 0x0000022361b6ad70 nmethod 6758% 0x0000022356220c10 code [0x0000022356220e40, 0x0000022356222310]
Event: 30.356 Thread 0x0000022361b6ad70 6767   !   4       io.github.classgraph.ClasspathElementZip::open (1078 bytes)
Event: 30.581 Thread 0x0000022361b6f120 6772       3       java.util.concurrent.locks.AbstractQueuedSynchronizer$ConditionObject::canReacquire (28 bytes)
Event: 30.581 Thread 0x0000022361b6f120 nmethod 6772 0x000002234f55cd90 code [0x000002234f55cf40, 0x000002234f55d298]
Event: 30.583 Thread 0x0000022361b6f120 6774       3       nonapi.io.github.classgraph.concurrency.InterruptionChecker::checkAndReturn (37 bytes)
Event: 30.583 Thread 0x0000022361b6f120 nmethod 6774 0x000002234f55d410 code [0x000002234f55d600, 0x000002234f55dbe8]
Event: 30.586 Thread 0x0000022361b6f120 6776       3       java.lang.Long::valueOf (40 bytes)
Event: 30.586 Thread 0x0000022361b6f120 nmethod 6776 0x000002234f55de10 code [0x000002234f55dfc0, 0x000002234f55e318]
Event: 30.587 Thread 0x0000022361b6f120 6777       1       nonapi.io.github.classgraph.fastzipfilereader.PhysicalZipFile::getFile (5 bytes)
Event: 30.587 Thread 0x0000022361b6f120 nmethod 6777 0x0000022356222e10 code [0x0000022356222fa0, 0x0000022356223078]
Event: 30.587 Thread 0x0000022361b6f120 6778       1       nonapi.io.github.classgraph.fastzipfilereader.PhysicalZipFile::getPath (5 bytes)
Event: 30.587 Thread 0x0000022361b6f120 nmethod 6778 0x0000022356223110 code [0x00000223562232a0, 0x0000022356223378]

GC Heap History (20 events):
Event: 19.392 GC heap after
{Heap after GC invocations=15 (full 0):
 garbage-first heap   total 61440K, used 18816K [0x00000000c4400000, 0x0000000100000000)
  region size 1024K, 2 young (2048K), 2 survivors (2048K)
 Metaspace       used 35724K, committed 35968K, reserved 1081344K
  class space    used 4757K, committed 4864K, reserved 1048576K
}
Event: 23.612 GC heap before
{Heap before GC invocations=16 (full 0):
 garbage-first heap   total 61440K, used 50560K [0x00000000c4400000, 0x0000000100000000)
  region size 1024K, 33 young (33792K), 2 survivors (2048K)
 Metaspace       used 43898K, committed 44224K, reserved 1089536K
  class space    used 5743K, committed 5888K, reserved 1048576K
}
Event: 23.630 GC heap after
{Heap after GC invocations=17 (full 0):
 garbage-first heap   total 61440K, used 21724K [0x00000000c4400000, 0x0000000100000000)
  region size 1024K, 5 young (5120K), 5 survivors (5120K)
 Metaspace       used 43898K, committed 44224K, reserved 1089536K
  class space    used 5743K, committed 5888K, reserved 1048576K
}
Event: 25.442 GC heap before
{Heap before GC invocations=18 (full 0):
 garbage-first heap   total 61440K, used 49372K [0x00000000c4400000, 0x0000000100000000)
  region size 1024K, 32 young (32768K), 5 survivors (5120K)
 Metaspace       used 49639K, committed 49920K, reserved 1097728K
  class space    used 6620K, committed 6784K, reserved 1048576K
}
Event: 25.470 GC heap after
{Heap after GC invocations=19 (full 0):
 garbage-first heap   total 61440K, used 23325K [0x00000000c4400000, 0x0000000100000000)
  region size 1024K, 2 young (2048K), 2 survivors (2048K)
 Metaspace       used 49639K, committed 49920K, reserved 1097728K
  class space    used 6620K, committed 6784K, reserved 1048576K
}
Event: 27.308 GC heap before
{Heap before GC invocations=19 (full 0):
 garbage-first heap   total 61440K, used 48925K [0x00000000c4400000, 0x0000000100000000)
  region size 1024K, 27 young (27648K), 2 survivors (2048K)
 Metaspace       used 54174K, committed 54528K, reserved 1097728K
  class space    used 7195K, committed 7360K, reserved 1048576K
}
Event: 27.313 GC heap after
{Heap after GC invocations=20 (full 0):
 garbage-first heap   total 61440K, used 24525K [0x00000000c4400000, 0x0000000100000000)
  region size 1024K, 3 young (3072K), 3 survivors (3072K)
 Metaspace       used 54174K, committed 54528K, reserved 1097728K
  class space    used 7195K, committed 7360K, reserved 1048576K
}
Event: 27.967 GC heap before
{Heap before GC invocations=20 (full 0):
 garbage-first heap   total 61440K, used 49101K [0x00000000c4400000, 0x0000000100000000)
  region size 1024K, 27 young (27648K), 3 survivors (3072K)
 Metaspace       used 57230K, committed 57536K, reserved 1105920K
  class space    used 7581K, committed 7744K, reserved 1048576K
}
Event: 27.975 GC heap after
{Heap after GC invocations=21 (full 0):
 garbage-first heap   total 61440K, used 25963K [0x00000000c4400000, 0x0000000100000000)
  region size 1024K, 4 young (4096K), 4 survivors (4096K)
 Metaspace       used 57230K, committed 57536K, reserved 1105920K
  class space    used 7581K, committed 7744K, reserved 1048576K
}
Event: 28.795 GC heap before
{Heap before GC invocations=21 (full 0):
 garbage-first heap   total 61440K, used 49515K [0x00000000c4400000, 0x0000000100000000)
  region size 1024K, 27 young (27648K), 4 survivors (4096K)
 Metaspace       used 58439K, committed 58752K, reserved 1105920K
  class space    used 7735K, committed 7872K, reserved 1048576K
}
Event: 28.807 GC heap after
{Heap after GC invocations=22 (full 0):
 garbage-first heap   total 61440K, used 27601K [0x00000000c4400000, 0x0000000100000000)
  region size 1024K, 3 young (3072K), 3 survivors (3072K)
 Metaspace       used 58439K, committed 58752K, reserved 1105920K
  class space    used 7735K, committed 7872K, reserved 1048576K
}
Event: 29.727 GC heap before
{Heap before GC invocations=22 (full 0):
 garbage-first heap   total 61440K, used 51153K [0x00000000c4400000, 0x0000000100000000)
  region size 1024K, 25 young (25600K), 3 survivors (3072K)
 Metaspace       used 60510K, committed 60864K, reserved 1105920K
  class space    used 7983K, committed 8128K, reserved 1048576K
}
Event: 29.738 GC heap after
{Heap after GC invocations=23 (full 0):
 garbage-first heap   total 73728K, used 31937K [0x00000000c4400000, 0x0000000100000000)
  region size 1024K, 4 young (4096K), 4 survivors (4096K)
 Metaspace       used 60510K, committed 60864K, reserved 1105920K
  class space    used 7983K, committed 8128K, reserved 1048576K
}
Event: 29.864 GC heap before
{Heap before GC invocations=23 (full 0):
 garbage-first heap   total 73728K, used 57537K [0x00000000c4400000, 0x0000000100000000)
  region size 1024K, 29 young (29696K), 4 survivors (4096K)
 Metaspace       used 60565K, committed 60928K, reserved 1105920K
  class space    used 7984K, committed 8128K, reserved 1048576K
}
Event: 29.876 GC heap after
{Heap after GC invocations=24 (full 0):
 garbage-first heap   total 73728K, used 39232K [0x00000000c4400000, 0x0000000100000000)
  region size 1024K, 4 young (4096K), 4 survivors (4096K)
 Metaspace       used 60565K, committed 60928K, reserved 1105920K
  class space    used 7984K, committed 8128K, reserved 1048576K
}
Event: 30.117 GC heap before
{Heap before GC invocations=24 (full 0):
 garbage-first heap   total 73728K, used 51520K [0x00000000c4400000, 0x0000000100000000)
  region size 1024K, 17 young (17408K), 4 survivors (4096K)
 Metaspace       used 60721K, committed 61120K, reserved 1105920K
  class space    used 7994K, committed 8192K, reserved 1048576K
}
Event: 30.155 GC heap after
{Heap after GC invocations=25 (full 0):
 garbage-first heap   total 73728K, used 42037K [0x00000000c4400000, 0x0000000100000000)
  region size 1024K, 3 young (3072K), 3 survivors (3072K)
 Metaspace       used 60721K, committed 61120K, reserved 1105920K
  class space    used 7994K, committed 8192K, reserved 1048576K
}
Event: 30.265 GC heap before
{Heap before GC invocations=25 (full 0):
 garbage-first heap   total 73728K, used 56373K [0x00000000c4400000, 0x0000000100000000)
  region size 1024K, 16 young (16384K), 3 survivors (3072K)
 Metaspace       used 60732K, committed 61120K, reserved 1105920K
  class space    used 7994K, committed 8192K, reserved 1048576K
}
Event: 30.268 GC heap after
{Heap after GC invocations=26 (full 0):
 garbage-first heap   total 73728K, used 45515K [0x00000000c4400000, 0x0000000100000000)
  region size 1024K, 2 young (2048K), 2 survivors (2048K)
 Metaspace       used 60732K, committed 61120K, reserved 1105920K
  class space    used 7994K, committed 8192K, reserved 1048576K
}
Event: 30.599 GC heap before
{Heap before GC invocations=26 (full 0):
 garbage-first heap   total 91136K, used 56779K [0x00000000c4400000, 0x0000000100000000)
  region size 1024K, 14 young (14336K), 2 survivors (2048K)
 Metaspace       used 60736K, committed 61120K, reserved 1105920K
  class space    used 7993K, committed 8192K, reserved 1048576K
}

Deoptimization events (20 events):
Event: 30.224 Thread 0x00000223663123e0 DEOPT PACKING pc=0x000002234f5213cb sp=0x000000b3280feaf0
Event: 30.224 Thread 0x00000223663123e0 DEOPT UNPACKING pc=0x000002234e3e6763 sp=0x000000b3280fe1a0 mode 0
Event: 30.241 Thread 0x000002236630dbb0 DEOPT PACKING pc=0x000002234f5213cb sp=0x000000b327ffee10
Event: 30.242 Thread 0x000002236630dbb0 DEOPT UNPACKING pc=0x000002234e3e6763 sp=0x000000b327ffe4c0 mode 0
Event: 30.247 Thread 0x00000223663123e0 DEOPT PACKING pc=0x000002234f5213cb sp=0x000000b3280feaf0
Event: 30.247 Thread 0x00000223663123e0 DEOPT UNPACKING pc=0x000002234e3e6763 sp=0x000000b3280fe1a0 mode 0
Event: 30.269 Thread 0x000002236630f3c0 DEOPT PACKING pc=0x000002234f5213cb sp=0x000000b3286fec30
Event: 30.271 Thread 0x000002236630f3c0 DEOPT UNPACKING pc=0x000002234e3e6763 sp=0x000000b3286fe2e0 mode 0
Event: 30.291 Thread 0x000002236630eef0 DEOPT PACKING pc=0x000002234f5213cb sp=0x000000b3284feb20
Event: 30.291 Thread 0x000002236630eef0 DEOPT UNPACKING pc=0x000002234e3e6763 sp=0x000000b3284fe1d0 mode 0
Event: 30.293 Thread 0x000002236630dbb0 DEOPT PACKING pc=0x000002234f5213cb sp=0x000000b327ffee10
Event: 30.316 Thread 0x000002236630dbb0 DEOPT UNPACKING pc=0x000002234e3e6763 sp=0x000000b327ffe4c0 mode 0
Event: 30.318 Thread 0x000002236630e080 DEOPT PACKING pc=0x000002234f5213cb sp=0x000000b3281febc0
Event: 30.318 Thread 0x000002236630e080 DEOPT UNPACKING pc=0x000002234e3e6763 sp=0x000000b3281fe270 mode 0
Event: 30.335 Thread 0x0000022366311f10 Uncommon trap: trap_request=0xfffffff4 fr.pc=0x000002235621d520 relative=0x00000000000028a0
Event: 30.335 Thread 0x0000022366311f10 Uncommon trap: reason=null_check action=make_not_entrant pc=0x000002235621d520 method=nonapi.io.github.classgraph.concurrency.SingletonMap.get(Ljava/lang/Object;Lnonapi/io/github/classgraph/utils/LogNode;)Ljava/lang/Object; @ 10 c2
Event: 30.335 Thread 0x0000022366311f10 DEOPT PACKING pc=0x000002235621d520 sp=0x000000b3285feb70
Event: 30.335 Thread 0x0000022366311f10 DEOPT UNPACKING pc=0x000002234e3e5c23 sp=0x000000b3285fea80 mode 2
Event: 30.336 Thread 0x000002236630e550 DEOPT PACKING pc=0x000002234f5213cb sp=0x000000b3282fe9f0
Event: 30.336 Thread 0x000002236630e550 DEOPT UNPACKING pc=0x000002234e3e6763 sp=0x000000b3282fe0a0 mode 0

Classes unloaded (1 events):
Event: 30.360 Thread 0x0000022361b3de00 Unloading class 0x0000000801390000 'jdk/internal/reflect/GeneratedSerializationConstructorAccessor5'

Classes redefined (0 events):
No events

Internal exceptions (20 events):
Event: 28.127 Thread 0x00000223632ce6c0 Exception <a 'java/lang/ClassNotFoundException'{0x00000000c7502858}: java/lang/ObjectCustomizer> (0x00000000c7502858) 
thrown [t:\workspace\open\src\hotspot\share\classfile\systemDictionary.cpp, line 256]
Event: 28.128 Thread 0x00000223632ce6c0 Exception <a 'java/lang/ClassNotFoundException'{0x00000000c750ca70}: CoursesManagementApp/com/uoi/SoftwareEngineering/Secretariat/SecretariatCustomizer> (0x00000000c750ca70) 
thrown [t:\workspace\open\src\hotspot\share\classfile\systemDictionary.cpp, line 256]
Event: 28.147 Thread 0x00000223632ce6c0 Exception <a 'java/lang/reflect/InvocationTargetException'{0x00000000c72dfc98}> (0x00000000c72dfc98) 
thrown [t:\workspace\open\src\hotspot\share\runtime\reflection.cpp, line 1121]
Event: 28.151 Thread 0x00000223632ce6c0 Exception <a 'java/lang/reflect/InvocationTargetException'{0x00000000c72f9078}> (0x00000000c72f9078) 
thrown [t:\workspace\open\src\hotspot\share\runtime\reflection.cpp, line 1121]
Event: 28.217 Thread 0x00000223632ce6c0 Exception <a 'java/lang/NoSuchMethodError'{0x00000000c706f440}: 'java.lang.Object java.lang.invoke.DirectMethodHandle$Holder.invokeInterface(java.lang.Object, java.lang.Object, java.lang.Object, java.lang.Object)'> (0x00000000c706f440) 
thrown [t:\workspace\open\src\hotspot\share\interpreter\linkResolver.cpp, line 766]
Event: 28.277 Thread 0x00000223632ce6c0 Exception <a 'java/lang/ClassNotFoundException'{0x00000000c6e30798}: java/lang/ObjectCustomizer> (0x00000000c6e30798) 
thrown [t:\workspace\open\src\hotspot\share\classfile\systemDictionary.cpp, line 256]
Event: 28.278 Thread 0x00000223632ce6c0 Exception <a 'java/lang/ClassNotFoundException'{0x00000000c6e38b60}: org/springframework/web/servlet/config/annotation/WebMvcConfigurationSupportCustomizer> (0x00000000c6e38b60) 
thrown [t:\workspace\open\src\hotspot\share\classfile\systemDictionary.cpp, line 256]
Event: 28.279 Thread 0x00000223632ce6c0 Exception <a 'java/lang/ClassNotFoundException'{0x00000000c6e4d308}: org/springframework/web/servlet/config/annotation/DelegatingWebMvcConfigurationCustomizer> (0x00000000c6e4d308) 
thrown [t:\workspace\open\src\hotspot\share\classfile\systemDictionary.cpp, line 256]
Event: 28.279 Thread 0x00000223632ce6c0 Exception <a 'java/lang/ClassNotFoundException'{0x00000000c6e56d50}: org/springframework/boot/autoconfigure/web/servlet/WebMvcAutoConfiguration$EnableWebMvcConfigurationCustomizer> (0x00000000c6e56d50) 
thrown [t:\workspace\open\src\hotspot\share\classfile\systemDictionary.cpp, line 256]
Event: 28.280 Thread 0x00000223632ce6c0 Exception <a 'java/lang/ClassNotFoundException'{0x00000000c6e6aa10}: org/springframework/context/ResourceLoaderAwareCustomizer> (0x00000000c6e6aa10) 
thrown [t:\workspace\open\src\hotspot\share\classfile\systemDictionary.cpp, line 256]
Event: 28.281 Thread 0x00000223632ce6c0 Exception <a 'java/lang/ClassNotFoundException'{0x00000000c6e701a0}: org/springframework/beans/factory/AwareCustomizer> (0x00000000c6e701a0) 
thrown [t:\workspace\open\src\hotspot\share\classfile\systemDictionary.cpp, line 256]
Event: 28.281 Thread 0x00000223632ce6c0 Exception <a 'java/lang/ClassNotFoundException'{0x00000000c6e74a90}: org/springframework/context/ApplicationContextAwareCustomizer> (0x00000000c6e74a90) 
thrown [t:\workspace\open\src\hotspot\share\classfile\systemDictionary.cpp, line 256]
Event: 28.281 Thread 0x00000223632ce6c0 Exception <a 'java/lang/ClassNotFoundException'{0x00000000c6e7aa90}: org/springframework/beans/factory/AwareCustomizer> (0x00000000c6e7aa90) 
thrown [t:\workspace\open\src\hotspot\share\classfile\systemDictionary.cpp, line 256]
Event: 28.282 Thread 0x00000223632ce6c0 Exception <a 'java/lang/ClassNotFoundException'{0x00000000c6e7f358}: org/springframework/web/context/ServletContextAwareCustomizer> (0x00000000c6e7f358) 
thrown [t:\workspace\open\src\hotspot\share\classfile\systemDictionary.cpp, line 256]
Event: 28.282 Thread 0x00000223632ce6c0 Exception <a 'java/lang/ClassNotFoundException'{0x00000000c6e84ca0}: org/springframework/beans/factory/AwareCustomizer> (0x00000000c6e84ca0) 
thrown [t:\workspace\open\src\hotspot\share\classfile\systemDictionary.cpp, line 256]
Event: 28.876 Thread 0x00000223632ce6c0 Exception <a 'java/lang/NoSuchMethodError'{0x00000000c7e1a6a8}: 'void java.lang.invoke.DirectMethodHandle$Holder.invokeVirtual(java.lang.Object, java.lang.Object, int)'> (0x00000000c7e1a6a8) 
thrown [t:\workspace\open\src\hotspot\share\interpreter\linkResolver.cpp, line 766]
Event: 28.879 Thread 0x00000223632ce6c0 Exception <a 'java/lang/NoSuchMethodError'{0x00000000c7e350d8}: 'void java.lang.invoke.DirectMethodHandle$Holder.invokeVirtual(java.lang.Object, java.lang.Object, long)'> (0x00000000c7e350d8) 
thrown [t:\workspace\open\src\hotspot\share\interpreter\linkResolver.cpp, line 766]
Event: 29.191 Thread 0x00000223632ce6c0 Exception <a 'java/lang/IncompatibleClassChangeError'{0x00000000c782af40}: Found class java.lang.Object, but interface was expected> (0x00000000c782af40) 
thrown [t:\workspace\open\src\hotspot\share\interpreter\linkResolver.cpp, line 833]
Event: 29.892 Thread 0x000002236630c870 Implicit null exception at 0x000002235603ddec to 0x000002235603de94
Event: 30.335 Thread 0x0000022366311f10 Implicit null exception at 0x000002235621aeb4 to 0x000002235621d504

VM Operations (20 events):
Event: 30.112 Executing VM operation: ICBufferFull done
Event: 30.114 Executing VM operation: ICBufferFull
Event: 30.114 Executing VM operation: ICBufferFull done
Event: 30.115 Executing VM operation: ICBufferFull
Event: 30.115 Executing VM operation: ICBufferFull done
Event: 30.115 Executing VM operation: ICBufferFull
Event: 30.115 Executing VM operation: ICBufferFull done
Event: 30.115 Executing VM operation: ICBufferFull
Event: 30.115 Executing VM operation: ICBufferFull done
Event: 30.116 Executing VM operation: ICBufferFull
Event: 30.117 Executing VM operation: ICBufferFull done
Event: 30.117 Executing VM operation: G1TryInitiateConcMark
Event: 30.157 Executing VM operation: G1TryInitiateConcMark done
Event: 30.226 Executing VM operation: HandshakeAllThreads
Event: 30.226 Executing VM operation: HandshakeAllThreads done
Event: 30.248 Executing VM operation: G1CollectForAllocation
Event: 30.268 Executing VM operation: G1CollectForAllocation done
Event: 30.360 Executing VM operation: G1Concurrent
Event: 30.579 Executing VM operation: G1Concurrent done
Event: 30.593 Executing VM operation: G1CollectForAllocation

Events (20 events):
Event: 29.906 Thread 0x0000022366311f10 Thread added: 0x0000022366311f10
Event: 29.909 Thread 0x000002236630cd40 Thread exited: 0x000002236630cd40
Event: 29.909 Thread 0x0000022366311f10 Thread exited: 0x0000022366311f10
Event: 29.909 Thread 0x000002236630ba00 Thread exited: 0x000002236630ba00
Event: 29.909 Thread 0x0000022366311570 Thread exited: 0x0000022366311570
Event: 29.910 Thread 0x000002236630ea20 Thread exited: 0x000002236630ea20
Event: 29.910 Thread 0x000002236630c870 Thread exited: 0x000002236630c870
Event: 29.910 Thread 0x000002236630b530 Thread exited: 0x000002236630b530
Event: 29.910 Thread 0x00000223663128b0 Thread exited: 0x00000223663128b0
Event: 29.975 Thread 0x000002236630dbb0 Thread added: 0x000002236630dbb0
Event: 29.975 Thread 0x00000223663123e0 Thread added: 0x00000223663123e0
Event: 29.976 Thread 0x000002236630e080 Thread added: 0x000002236630e080
Event: 29.976 Thread 0x000002236630e550 Thread added: 0x000002236630e550
Event: 29.976 Thread 0x000002236630ea20 Thread added: 0x000002236630ea20
Event: 29.976 Thread 0x000002236630eef0 Thread added: 0x000002236630eef0
Event: 29.976 Thread 0x0000022366311f10 Thread added: 0x0000022366311f10
Event: 29.976 Thread 0x000002236630f3c0 Thread added: 0x000002236630f3c0
Event: 30.287 Thread 0x0000022361b802d0 flushing nmethod 0x000002234f26a610
Event: 30.287 Thread 0x0000022361b802d0 flushing nmethod 0x000002234f288d90
Event: 30.287 Thread 0x0000022361b802d0 flushing nmethod 0x000002234f29f910


Dynamic libraries:
0x00007ff77f0a0000 - 0x00007ff77f0ae000 	C:\Users\kostas\.jdks\openjdk-17.0.1\bin\java.exe
0x00007ffed4980000 - 0x00007ffed4b89000 	C:\WINDOWS\SYSTEM32\ntdll.dll
0x00007ffed4120000 - 0x00007ffed41dd000 	C:\WINDOWS\System32\KERNEL32.DLL
0x00007ffed1ee0000 - 0x00007ffed2254000 	C:\WINDOWS\System32\KERNELBASE.dll
0x00007ffed2650000 - 0x00007ffed2761000 	C:\WINDOWS\System32\ucrtbase.dll
0x00007ffeced30000 - 0x00007ffeced4a000 	C:\Users\kostas\.jdks\openjdk-17.0.1\bin\VCRUNTIME140.dll
0x00007ffeced50000 - 0x00007ffeced68000 	C:\Users\kostas\.jdks\openjdk-17.0.1\bin\jli.dll
0x00007ffed2820000 - 0x00007ffed29cc000 	C:\WINDOWS\System32\USER32.dll
0x00007ffed2770000 - 0x00007ffed2796000 	C:\WINDOWS\System32\win32u.dll
0x00007ffed40f0000 - 0x00007ffed4119000 	C:\WINDOWS\System32\GDI32.dll
0x00007ffed2260000 - 0x00007ffed2372000 	C:\WINDOWS\System32\gdi32full.dll
0x00007ffed2380000 - 0x00007ffed241d000 	C:\WINDOWS\System32\msvcp_win.dll
0x00007ffebb400000 - 0x00007ffebb6a5000 	C:\WINDOWS\WinSxS\amd64_microsoft.windows.common-controls_6595b64144ccf1df_6.0.22000.120_none_9d947278b86cc467\COMCTL32.dll
0x00007ffed4440000 - 0x00007ffed44e3000 	C:\WINDOWS\System32\msvcrt.dll
0x00007ffed4560000 - 0x00007ffed4591000 	C:\WINDOWS\System32\IMM32.DLL
0x00007ffeced20000 - 0x00007ffeced2c000 	C:\Users\kostas\.jdks\openjdk-17.0.1\bin\vcruntime140_1.dll
0x00007ffece260000 - 0x00007ffece2ed000 	C:\Users\kostas\.jdks\openjdk-17.0.1\bin\msvcp140.dll
0x00007ffe85670000 - 0x00007ffe8622e000 	C:\Users\kostas\.jdks\openjdk-17.0.1\bin\server\jvm.dll
0x00007ffed3010000 - 0x00007ffed30be000 	C:\WINDOWS\System32\ADVAPI32.dll
0x00007ffed43a0000 - 0x00007ffed443e000 	C:\WINDOWS\System32\sechost.dll
0x00007ffed31d0000 - 0x00007ffed32f0000 	C:\WINDOWS\System32\RPCRT4.dll
0x00007ffed31c0000 - 0x00007ffed31c8000 	C:\WINDOWS\System32\PSAPI.DLL
0x00007ffeb5c60000 - 0x00007ffeb5c69000 	C:\WINDOWS\SYSTEM32\WSOCK32.dll
0x00007ffed44f0000 - 0x00007ffed455f000 	C:\WINDOWS\System32\WS2_32.dll
0x00007ffec36a0000 - 0x00007ffec36aa000 	C:\WINDOWS\SYSTEM32\VERSION.dll
0x00007ffec4100000 - 0x00007ffec4133000 	C:\WINDOWS\SYSTEM32\WINMM.dll
0x00007ffed1060000 - 0x00007ffed1078000 	C:\WINDOWS\SYSTEM32\kernel.appcore.dll
0x00007ffeced10000 - 0x00007ffeced1a000 	C:\Users\kostas\.jdks\openjdk-17.0.1\bin\jimage.dll
0x00007ffecf980000 - 0x00007ffecfba1000 	C:\WINDOWS\SYSTEM32\DBGHELP.DLL
0x00007ffea8100000 - 0x00007ffea8131000 	C:\WINDOWS\SYSTEM32\dbgcore.DLL
0x00007ffed27a0000 - 0x00007ffed281f000 	C:\WINDOWS\System32\bcryptPrimitives.dll
0x00007ffece180000 - 0x00007ffece18e000 	C:\Users\kostas\.jdks\openjdk-17.0.1\bin\instrument.dll
0x00007ffecec20000 - 0x00007ffecec45000 	C:\Users\kostas\.jdks\openjdk-17.0.1\bin\java.dll
0x00007ffec7970000 - 0x00007ffec7a46000 	C:\Users\kostas\.jdks\openjdk-17.0.1\bin\svml.dll
0x00007ffed3940000 - 0x00007ffed40ef000 	C:\WINDOWS\System32\SHELL32.dll
0x00007ffecffe0000 - 0x00007ffed0848000 	C:\WINDOWS\SYSTEM32\windows.storage.dll
0x00007ffed29d0000 - 0x00007ffed2d48000 	C:\WINDOWS\System32\combase.dll
0x00007ffecfe70000 - 0x00007ffecffd6000 	C:\WINDOWS\SYSTEM32\wintypes.dll
0x00007ffed2f20000 - 0x00007ffed300a000 	C:\WINDOWS\System32\SHCORE.dll
0x00007ffed37c0000 - 0x00007ffed381d000 	C:\WINDOWS\System32\shlwapi.dll
0x00007ffed1da0000 - 0x00007ffed1dc1000 	C:\WINDOWS\SYSTEM32\profapi.dll
0x00007ffecd800000 - 0x00007ffecd818000 	C:\Users\kostas\.jdks\openjdk-17.0.1\bin\zip.dll
0x00007ffecebe0000 - 0x00007ffecebf9000 	C:\Users\kostas\.jdks\openjdk-17.0.1\bin\net.dll
0x00007ffec68a0000 - 0x00007ffec69ac000 	C:\WINDOWS\SYSTEM32\WINHTTP.dll
0x00007ffed1490000 - 0x00007ffed14f7000 	C:\WINDOWS\system32\mswsock.dll
0x00007ffece240000 - 0x00007ffece255000 	C:\Users\kostas\.jdks\openjdk-17.0.1\bin\nio.dll
0x00007ffec94a0000 - 0x00007ffec94ba000 	C:\Program Files\JetBrains\IntelliJ IDEA Community Edition 2021.3\bin\breakgen64.dll
0x00007ffece230000 - 0x00007ffece240000 	C:\Users\kostas\.jdks\openjdk-17.0.1\bin\verify.dll
0x00007ffec94f0000 - 0x00007ffec94f9000 	C:\Users\kostas\.jdks\openjdk-17.0.1\bin\management.dll
0x00007ffec94e0000 - 0x00007ffec94eb000 	C:\Users\kostas\.jdks\openjdk-17.0.1\bin\management_ext.dll
0x00007ffea2700000 - 0x00007ffea2717000 	C:\WINDOWS\system32\napinsp.dll
0x00007ffea0050000 - 0x00007ffea006b000 	C:\WINDOWS\system32\pnrpnsp.dll
0x00007ffed0bc0000 - 0x00007ffed0ca8000 	C:\WINDOWS\SYSTEM32\DNSAPI.dll
0x00007ffed0b90000 - 0x00007ffed0bbd000 	C:\WINDOWS\SYSTEM32\IPHLPAPI.DLL
0x00007ffed3910000 - 0x00007ffed3919000 	C:\WINDOWS\System32\NSI.dll
0x00007ffe9ff20000 - 0x00007ffe9ff32000 	C:\WINDOWS\System32\winrnr.dll
0x00007ffe9ff00000 - 0x00007ffe9ff15000 	C:\WINDOWS\system32\wshbth.dll
0x00007ffe9fdc0000 - 0x00007ffe9fddf000 	C:\WINDOWS\system32\nlansp_c.dll
0x00007ffec3ea0000 - 0x00007ffec3eaa000 	C:\Windows\System32\rasadhlp.dll
0x00007ffebfa30000 - 0x00007ffebfab1000 	C:\WINDOWS\System32\fwpuclnt.dll
0x00007ffed16d0000 - 0x00007ffed16e8000 	C:\WINDOWS\SYSTEM32\CRYPTSP.dll
0x00007ffed0fc0000 - 0x00007ffed0ff5000 	C:\WINDOWS\system32\rsaenh.dll
0x00007ffed1580000 - 0x00007ffed15a9000 	C:\WINDOWS\SYSTEM32\USERENV.dll
0x00007ffed1850000 - 0x00007ffed1877000 	C:\WINDOWS\SYSTEM32\bcrypt.dll
0x00007ffed16f0000 - 0x00007ffed16fc000 	C:\WINDOWS\SYSTEM32\CRYPTBASE.dll
0x00007ffec69d0000 - 0x00007ffec69e9000 	C:\WINDOWS\SYSTEM32\dhcpcsvc6.DLL
0x00007ffec6af0000 - 0x00007ffec6b0e000 	C:\WINDOWS\SYSTEM32\dhcpcsvc.DLL
0x00007ffec94d0000 - 0x00007ffec94de000 	C:\Users\kostas\.jdks\openjdk-17.0.1\bin\sunmscapi.dll
0x00007ffed2420000 - 0x00007ffed2582000 	C:\WINDOWS\System32\CRYPT32.dll
0x00007ffed1820000 - 0x00007ffed1848000 	C:\WINDOWS\SYSTEM32\ncrypt.dll
0x00007ffed17e0000 - 0x00007ffed1817000 	C:\WINDOWS\SYSTEM32\NTASN1.dll

dbghelp: loaded successfully - version: 4.0.5 - missing functions: none
symbol engine: initialized successfully - sym options: 0x614 - pdb path: .;C:\Users\kostas\.jdks\openjdk-17.0.1\bin;C:\WINDOWS\SYSTEM32;C:\WINDOWS\WinSxS\amd64_microsoft.windows.common-controls_6595b64144ccf1df_6.0.22000.120_none_9d947278b86cc467;C:\Users\kostas\.jdks\openjdk-17.0.1\bin\server;C:\Program Files\JetBrains\IntelliJ IDEA Community Edition 2021.3\bin

VM Arguments:
jvm_args: -javaagent:C:\Program Files\JetBrains\IntelliJ IDEA Community Edition 2021.3\lib\idea_rt.jar=64781:C:\Program Files\JetBrains\IntelliJ IDEA Community Edition 2021.3\bin -Dfile.encoding=UTF-8 
java_command: CoursesManagementApp.com.uoi.SoftwareEngineering.Application
java_class_path (initial): C:\Users\kostas\.jdks\.openjdk-17.0.1.intellij;C:\Users\kostas\Desktop\zarras\com.uoi.Software-Engineering\target\classes;C:\Users\kostas\.m2\repository\org\springframework\boot\spring-boot-starter-web\2.6.3\spring-boot-starter-web-2.6.3.jar;C:\Users\kostas\.m2\repository\org\springframework\boot\spring-boot-starter\2.6.3\spring-boot-starter-2.6.3.jar;C:\Users\kostas\.m2\repository\org\springframework\boot\spring-boot-starter-logging\2.6.3\spring-boot-starter-logging-2.6.3.jar;C:\Users\kostas\.m2\repository\ch\qos\logback\logback-classic\1.2.10\logback-classic-1.2.10.jar;C:\Users\kostas\.m2\repository\ch\qos\logback\logback-core\1.2.10\logback-core-1.2.10.jar;C:\Users\kostas\.m2\repository\org\apache\logging\log4j\log4j-to-slf4j\2.17.1\log4j-to-slf4j-2.17.1.jar;C:\Users\kostas\.m2\repository\org\apache\logging\log4j\log4j-api\2.17.1\log4j-api-2.17.1.jar;C:\Users\kostas\.m2\repository\org\slf4j\jul-to-slf4j\1.7.33\jul-to-slf4j-1.7.33.jar;C:\Users\kostas\.m2\repository\jakarta\annotation\jakarta.annotation-api\1.3.5\jakarta.annotation-api-1.3.5.jar;C:\Users\kostas\.m2\repository\org\yaml\snakeyaml\1.29\snakeyaml-1.29.jar;C:\Users\kostas\.m2\repository\org\springframework\boot\spring-boot-starter-json\2.6.3\spring-boot-starter-json-2.6.3.jar;C:\Users\kostas\.m2\repository\com\fasterxml\jackson\core\jackson-databind\2.13.1\jackson-databind-2.13.1.jar;C:\Users\kostas\.m2\repository\com\fasterxml\jackson\core\jackson-annotations\2.13.1\jackson-annotations-2.13.1.jar;C:\Users\kostas\.m2\repository\com\fasterxml\jackson\datatype\jackson-datatype-jdk8\2.13.1\jackson-datatype-jdk8-2.13.1.jar;C:\Users\kostas\.m2\repository\com\fasterxml\jackson\datatype\jackson-datatype-jsr310\2.13.1\jackson-datatype-jsr310-2.13.1.jar;C:\Users\kostas\.m2\repository\com\fasterxml\jackson\module\jackson-module-parameter-names\2.13.1\jackson-module-parameter-names-2.13.1.jar;C:\Users\kostas\.m2\repository\org\springframework\boot\spring-boot-starter-tomcat\2.6.3\sprin
Launcher Type: SUN_STANDARD

[Global flags]
     intx CICompilerCount                          = 3                                         {product} {ergonomic}
     uint ConcGCThreads                            = 1                                         {product} {ergonomic}
     uint G1ConcRefinementThreads                  = 4                                         {product} {ergonomic}
   size_t G1HeapRegionSize                         = 1048576                                   {product} {ergonomic}
    uintx GCDrainStackTargetSize                   = 64                                        {product} {ergonomic}
   size_t InitialHeapSize                          = 62914560                                  {product} {ergonomic}
   size_t MarkStackSize                            = 4194304                                   {product} {ergonomic}
   size_t MaxHeapSize                              = 1002438656                                {product} {ergonomic}
   size_t MaxNewSize                               = 600834048                                 {product} {ergonomic}
   size_t MinHeapDeltaBytes                        = 1048576                                   {product} {ergonomic}
   size_t MinHeapSize                              = 8388608                                   {product} {ergonomic}
    uintx NonNMethodCodeHeapSize                   = 5832780                                {pd product} {ergonomic}
    uintx NonProfiledCodeHeapSize                  = 122912730                              {pd product} {ergonomic}
    uintx ProfiledCodeHeapSize                     = 122912730                              {pd product} {ergonomic}
    uintx ReservedCodeCacheSize                    = 251658240                              {pd product} {ergonomic}
     bool SegmentedCodeCache                       = true                                      {product} {ergonomic}
   size_t SoftMaxHeapSize                          = 1002438656                             {manageable} {ergonomic}
     bool UseCompressedClassPointers               = true                           {product lp64_product} {ergonomic}
     bool UseCompressedOops                        = true                           {product lp64_product} {ergonomic}
     bool UseG1GC                                  = true                                      {product} {ergonomic}
     bool UseLargePagesIndividualAllocation        = false                                  {pd product} {ergonomic}

Logging:
Log output configuration:
 #0: stdout all=warning uptime,level,tags
 #1: stderr all=off uptime,level,tags

Environment Variables:
PATH=C:\WINDOWS\system32;C:\WINDOWS;C:\WINDOWS\System32\Wbem;C:\WINDOWS\System32\WindowsPowerShell\v1.0\;C:\WINDOWS\System32\OpenSSH\;C:\Program Files\PuTTY\;C:\Program Files\Microsoft SQL Server\Client SDK\ODBC\170\Tools\Binn\;C:\Program Files (x86)\Microsoft SQL Server\150\Tools\Binn\;C:\Program Files\Microsoft SQL Server\150\Tools\Binn\;C:\Program Files\Microsoft SQL Server\150\DTS\Binn\;C:\flutter\flutter\bin;C:\Program Files\dotnet\;C:\Program Files\Git\cmd;C:\Users\kostas\Desktop\Machine learning\Scripts\;C:\Users\kostas\Desktop\Machine learning\;C:\Program Files\MySQL\MySQL Shell 8.0\bin\;C:\Users\kostas\AppData\Local\Programs\Python\Python39\Scripts\;C:\Users\kostas\AppData\Local\Programs\Python\Python39\;C:\Users\kostas\AppData\Local\Programs\Python\Python310\Scripts\;C:\Users\kostas\AppData\Local\Programs\Python\Python310\;C:\Users\kostas\Desktop\Sql\bin\;C:\Users\kostas\AppData\Local\Microsoft\WindowsApps;C:\Users\kostas\AppData\Local\JetBrains\PyCharm Community Edition 2021.1.1\bin;;C:\Program Files\JetBrains\IntelliJ IDEA 2021.1.2\bin;;C:\Users\kostas\AppData\Local\GitHubDesktop\bin;C:\Users\kostas\AppData\Local\Programs\Microsoft VS Code\bin;C:\Program Files\Azure Data Studio\bin;C:\Program Files\JetBrains\IntelliJ IDEA Community Edition 2021.3\bin;;C:\MinGW\bin;C:\Users\kostas\Desktop\ \apache-maven-3.8.4\bin;C:\Program Files\NVIDIA GPU Computing Toolkit\CUDA\v11.2\bin;C:\Program Files\NVIDIA GPU Computing Toolkit\CUDA\v11.2\libnvvp;
USERNAME=kostas
OS=Windows_NT
PROCESSOR_IDENTIFIER=Intel64 Family 6 Model 140 Stepping 1, GenuineIntel



---------------  S Y S T E M  ---------------

OS:
 Windows 10 , 64 bit Build 22000 (10.0.22000.613)
OS uptime: 7 days 3:07 hours

CPU: total 4 (initial active 4) (2 cores per cpu, 2 threads per core) family 6 model 140 stepping 1 microcode 0x9a, cx8, cmov, fxsr, ht, mmx, 3dnowpref, sse, sse2, sse3, ssse3, sse4.1, sse4.2, popcnt, lzcnt, tsc, tscinvbit, avx, avx2, aes, erms, clmul, bmi1, bmi2, adx, avx512f, avx512dq, avx512cd, avx512bw, avx512vl, sha, fma, vzeroupper, avx512_vpopcntdq, avx512_vpclmulqdq, avx512_vaes, avx512_vnni, clflush, clflushopt, clwb, avx512_vbmi2, avx512_vbmi

Memory: 4k page, system-wide physical 3818M (38M free)
TotalPageFile size 15594M (AvailPageFile size 123M)
current process WorkingSet (physical memory assigned to process): 226M, peak: 235M
current process commit charge ("private bytes"): 303M, peak: 451M

vm_info: OpenJDK 64-Bit Server VM (17.0.1+12-39) for windows-amd64 JRE (17.0.1+12-39), built on Sep 27 2021 18:39:29 by "mach5one" with MS VC++ 16.8 (VS2019)

END.
